#
# A fatal error has been detected by the Java Runtime Environment:
#
#  EXCEPTION_ACCESS_VIOLATION (0xc0000005) at pc=0x00000176b9a58f20, pid=9644, tid=7184
#
# JRE version: OpenJDK Runtime Environment (11.0.10) (build 11.0.10+0-b96-7249189)
# Java VM: OpenJDK 64-Bit Server VM (11.0.10+0-b96-7249189, mixed mode, tiered, compressed oops, g1 gc, windows-amd64)
# Problematic frame:
# C  0x00000176b9a58f20
#
# No core dump will be written. Minidumps are not enabled by default on client versions of Windows
#
# If you would like to submit a bug report, please visit:
#   https://bugreport.java.com/bugreport/crash.jsp
#

---------------  S U M M A R Y ------------

Command Line: --add-opens=java.base/java.util=ALL-UNNAMED --add-opens=java.base/java.lang=ALL-UNNAMED --add-opens=java.base/java.lang.invoke=ALL-UNNAMED --add-opens=java.base/java.util=ALL-UNNAMED --add-opens=java.prefs/java.util.prefs=ALL-UNNAMED --add-opens=java.prefs/java.util.prefs=ALL-UNNAMED --add-opens=java.base/java.nio.charset=ALL-UNNAMED --add-opens=java.base/java.net=ALL-UNNAMED --add-opens=java.base/java.util.concurrent.atomic=ALL-UNNAMED -Xmx1536m -Dfile.encoding=windows-1252 -Duser.country=US -Duser.language=en -Duser.variant org.gradle.launcher.daemon.bootstrap.GradleDaemon 7.0.2

Host: Intel(R) Core(TM) i3-7020U CPU @ 2.30GHz, 4 cores, 7G,  Windows 10 , 64 bit Build 19041 (10.0.19041.1)
Time: Wed Nov 24 10:22:58 2021 India Standard Time elapsed time: 16.671664 seconds (0d 0h 0m 16s)

---------------  T H R E A D  ---------------

Current thread (0x00000176b2cbe000):  JavaThread "C2 CompilerThread0" daemon [_thread_in_native, id=7184, stack(0x000000563f200000,0x000000563f300000)]


Current CompileTask:
C2:  16671 6166       4       java.util.TreeMap::put (247 bytes)

Stack: [0x000000563f200000,0x000000563f300000],  sp=0x000000563f2fa8d8,  free space=1002k
Native frames: (J=compiled Java code, j=interpreted, Vv=VM code, C=native code)
C  0x00000176b9a58f20


siginfo: EXCEPTION_ACCESS_VIOLATION (0xc0000005), data execution prevention violation at address 0x00000176b9a58f20


Register to memory mapping:

RIP=0x00000176b9a58f20 points into unknown readable memory: 0x00000176b78a9168 | 68 91 8a b7 76 01 00 00
RAX=0x00000176b9a58e80 points into unknown readable memory: 0x00007ffe22fc3d20 | 20 3d fc 22 fe 7f 00 00
RBX=0x00000176b78a91b0 points into unknown readable memory: 0x00000176b9a58e80 | 80 8e a5 b9 76 01 00 00
RCX=0x00000176b78a91b0 points into unknown readable memory: 0x00000176b9a58e80 | 80 8e a5 b9 76 01 00 00
RDX=0x0000000020000000 is an unknown value
RSP=0x000000563f2fa8d8 is pointing into the stack for thread: 0x00000176b2cbe000
RBP=0x000000563f2fa950 is pointing into the stack for thread: 0x00000176b2cbe000
RSI=0x00000000000000d7 is an unknown value
RDI=0x0 is NULL
R8 =0x00000176ba901710 points into unknown readable memory: 0x00000a21fc000001 | 01 00 00 fc 21 0a 00 00
R9 =0x0000000000000017 is an unknown value
R10=0x00000176b6a44240 points into unknown readable memory: 0x0000000000000001 | 01 00 00 00 00 00 00 00
R11=0x00000176ba901790 points into unknown readable memory: 0x0000000000008000 | 00 80 00 00 00 00 00 00
R12=0x000000563f2faec0 is pointing into the stack for thread: 0x00000176b2cbe000
R13=0x00000176b78a9168 points into unknown readable memory: 0x00007ffe22fc40f0 | f0 40 fc 22 fe 7f 00 00
R14=0x000000563f2fa9c8 is pointing into the stack for thread: 0x00000176b2cbe000
R15=0x00000176b6a3d820 points into unknown readable memory: 0xffffffff00000001 | 01 00 00 00 ff ff ff ff


Registers:
RAX=0x00000176b9a58e80, RBX=0x00000176b78a91b0, RCX=0x00000176b78a91b0, RDX=0x0000000020000000
RSP=0x000000563f2fa8d8, RBP=0x000000563f2fa950, RSI=0x00000000000000d7, RDI=0x0000000000000000
R8 =0x00000176ba901710, R9 =0x0000000000000017, R10=0x00000176b6a44240, R11=0x00000176ba901790
R12=0x000000563f2faec0, R13=0x00000176b78a9168, R14=0x000000563f2fa9c8, R15=0x00000176b6a3d820
RIP=0x00000176b9a58f20, EFLAGS=0x0000000000010246

Top of Stack: (sp=0x000000563f2fa8d8)
0x000000563f2fa8d8:   00007ffe22a94e73 00000176bacf1550
0x000000563f2fa8e8:   000000000000000d 0000000000000000
0x000000563f2fa8f8:   0000000000000000 00000176bacf5888
0x000000563f2fa908:   000002cf0000002e 0000000000000000
0x000000563f2fa918:   0000000000000007 00000176ba900090
0x000000563f2fa928:   00000176b7710000 00000176b2cb3410
0x000000563f2fa938:   00000176b6aa1a40 00000176b6a9b010
0x000000563f2fa948:   000000563f2faec0 00000176b6a3d820
0x000000563f2fa958:   0000000000000000 00000176bacf1550
0x000000563f2fa968:   00007ffe22a95073 00000176bacf1550
0x000000563f2fa978:   00000176b2cb0688 0000000000000000
0x000000563f2fa988:   00000176b6a3d820 000000000000d430
0x000000563f2fa998:   00000176bacf1550 00000176b2cb3410
0x000000563f2fa9a8:   00000176b6a9b010 00000176b6aa1a40
0x000000563f2fa9b8:   0000000000125588 00000176b6aa2ff8
0x000000563f2fa9c8:   00007ffe2304de48 00000176b2cb3410 

Instructions: (pc=0x00000176b9a58f20)
0x00000176b9a58e20:   00 00 00 00 00 00 00 00 00 00 00 00 00 00 00 00
0x00000176b9a58e30:   f0 71 00 23 fe 7f 00 00 68 8e a5 b9 76 01 00 00
0x00000176b9a58e40:   ff ff ff ff ff ff ff ff 03 00 00 00 03 00 00 00
0x00000176b9a58e50:   00 00 00 00 00 00 00 00 61 21 00 00 c0 00 00 00
0x00000176b9a58e60:   00 00 00 c0 00 00 00 00 00 00 00 00 00 00 00 00
0x00000176b9a58e70:   50 37 8a b7 76 01 00 00 98 e0 8c b7 76 01 00 00
0x00000176b9a58e80:   20 3d fc 22 fe 7f 00 00 c0 8e a5 b9 76 01 00 00
0x00000176b9a58e90:   20 8f a5 b9 76 01 00 00 02 00 00 00 02 00 00 00
0x00000176b9a58ea0:   01 00 00 00 04 00 00 00 65 02 00 00 00 01 00 00
0x00000176b9a58eb0:   00 00 41 c0 00 00 00 00 04 00 00 00 00 00 00 00
0x00000176b9a58ec0:   00 00 00 00 00 00 00 00 f0 55 8a b7 76 01 00 00
0x00000176b9a58ed0:   f0 40 fc 22 fe 7f 00 00 10 8f a5 b9 76 01 00 00
0x00000176b9a58ee0:   78 91 a5 b9 76 01 00 00 02 00 00 00 02 00 00 00
0x00000176b9a58ef0:   00 00 00 00 04 00 00 00 63 21 00 00 15 00 00 00
0x00000176b9a58f00:   00 00 c3 c0 00 00 00 00 f8 ff 7f 3f 80 77 9e 47
0x00000176b9a58f10:   00 00 00 00 00 00 00 00 00 00 00 00 00 00 00 00
0x00000176b9a58f20:   68 91 8a b7 76 01 00 00 68 91 8a b7 76 01 00 00
0x00000176b9a58f30:   00 00 00 00 00 00 00 00 00 00 00 00 00 00 00 00
0x00000176b9a58f40:   d8 aa 03 23 fe 7f 00 00 78 8f a5 b9 76 01 00 00
0x00000176b9a58f50:   10 91 a5 b9 76 01 00 00 14 00 00 00 20 00 00 00
0x00000176b9a58f60:   00 00 00 00 04 00 00 00 64 21 00 00 80 00 00 00
0x00000176b9a58f70:   00 00 00 00 00 00 00 00 00 00 00 00 00 00 00 00
0x00000176b9a58f80:   20 bd 9a b4 76 01 00 00 50 19 8a b7 76 01 00 00
0x00000176b9a58f90:   e0 19 8a b7 76 01 00 00 70 1a 8a b7 76 01 00 00
0x00000176b9a58fa0:   20 bd 9a b4 76 01 00 00 80 1b 8a b7 76 01 00 00
0x00000176b9a58fb0:   20 bd 9a b4 76 01 00 00 20 bd 9a b4 76 01 00 00
0x00000176b9a58fc0:   20 bd 9a b4 76 01 00 00 20 bd 9a b4 76 01 00 00
0x00000176b9a58fd0:   20 bd 9a b4 76 01 00 00 20 bd 9a b4 76 01 00 00
0x00000176b9a58fe0:   10 1c 8a b7 76 01 00 00 d8 62 8a b7 76 01 00 00
0x00000176b9a58ff0:   30 1d 8a b7 76 01 00 00 40 1e 8a b7 76 01 00 00
0x00000176b9a59000:   d0 1e 8a b7 76 01 00 00 60 1f 8a b7 76 01 00 00
0x00000176b9a59010:   f0 1f 8a b7 76 01 00 00 00 00 00 00 00 00 00 00 


Stack slot to memory mapping:
stack at sp + 0 slots: 0x00007ffe22a94e73 jvm.dll
stack at sp + 1 slots: 0x00000176bacf1550 points into unknown readable memory: 0x0000000000000000 | 00 00 00 00 00 00 00 00
stack at sp + 2 slots: 0x000000000000000d is an unknown value
stack at sp + 3 slots: 0x0 is NULL
stack at sp + 4 slots: 0x0 is NULL
stack at sp + 5 slots: 0x00000176bacf5888 points into unknown readable memory: 0x00000001000000d7 | d7 00 00 00 01 00 00 00
stack at sp + 6 slots: 0x000002cf0000002e is an unknown value
stack at sp + 7 slots: 0x0 is NULL


---------------  P R O C E S S  ---------------

Threads class SMR info:
_java_thread_list=0x00000176b49f1f20, length=43, elements={
0x0000017699c37000, 0x00000176b2c97800, 0x00000176b2ca1000, 0x00000176b2cb2800,
0x00000176b2cb5800, 0x00000176b2cb6800, 0x00000176b2cbe000, 0x00000176b2cc5000,
0x00000176b2cc6800, 0x00000176b37a3800, 0x00000176b5f79000, 0x00000176b38ec800,
0x00000176b4ec7800, 0x00000176b4ec8000, 0x00000176b5404800, 0x00000176b50fb800,
0x00000176b55d9800, 0x00000176b55da000, 0x00000176b597e800, 0x00000176b5b59800,
0x00000176b5b5a000, 0x00000176b5b54800, 0x00000176b5b55800, 0x00000176b5b56000,
0x00000176b5b57000, 0x00000176b5b57800, 0x00000176b5b58800, 0x00000176b6330000,
0x00000176b6331000, 0x00000176b632e800, 0x00000176b6333800, 0x00000176b6337800,
0x00000176b6334000, 0x00000176b6336800, 0x00000176b6338000, 0x00000176b6332800,
0x00000176b633a800, 0x00000176b633a000, 0x00000176b633b800, 0x00000176b633d000,
0x00000176b633c800, 0x00000176b5b5b000, 0x00000176b95e6800
}

Java Threads: ( => current thread )
  0x0000017699c37000 JavaThread "main" [_thread_blocked, id=6728, stack(0x000000563e600000,0x000000563e700000)]
  0x00000176b2c97800 JavaThread "Reference Handler" daemon [_thread_blocked, id=10896, stack(0x000000563ed00000,0x000000563ee00000)]
  0x00000176b2ca1000 JavaThread "Finalizer" daemon [_thread_blocked, id=3380, stack(0x000000563ee00000,0x000000563ef00000)]
  0x00000176b2cb2800 JavaThread "Signal Dispatcher" daemon [_thread_blocked, id=7824, stack(0x000000563ef00000,0x000000563f000000)]
  0x00000176b2cb5800 JavaThread "Attach Listener" daemon [_thread_blocked, id=5728, stack(0x000000563f000000,0x000000563f100000)]
  0x00000176b2cb6800 JavaThread "Service Thread" daemon [_thread_blocked, id=10836, stack(0x000000563f100000,0x000000563f200000)]
=>0x00000176b2cbe000 JavaThread "C2 CompilerThread0" daemon [_thread_in_native, id=7184, stack(0x000000563f200000,0x000000563f300000)]
  0x00000176b2cc5000 JavaThread "C1 CompilerThread0" daemon [_thread_blocked, id=1932, stack(0x000000563f300000,0x000000563f400000)]
  0x00000176b2cc6800 JavaThread "Sweeper thread" daemon [_thread_blocked, id=9348, stack(0x000000563f400000,0x000000563f500000)]
  0x00000176b37a3800 JavaThread "Common-Cleaner" daemon [_thread_blocked, id=6384, stack(0x000000563f500000,0x000000563f600000)]
  0x00000176b5f79000 JavaThread "Daemon health stats" [_thread_blocked, id=9652, stack(0x000000563fa00000,0x000000563fb00000)]
  0x00000176b38ec800 JavaThread "Incoming local TCP Connector on port 50329" [_thread_in_native, id=11016, stack(0x000000563f700000,0x000000563f800000)]
  0x00000176b4ec7800 JavaThread "Daemon periodic checks" [_thread_blocked, id=5364, stack(0x000000563fb00000,0x000000563fc00000)]
  0x00000176b4ec8000 JavaThread "Daemon" [_thread_blocked, id=7904, stack(0x000000563fc00000,0x000000563fd00000)]
  0x00000176b5404800 JavaThread "Handler for socket connection from /127.0.0.1:50329 to /127.0.0.1:50330" [_thread_in_native, id=3644, stack(0x000000563fd00000,0x000000563fe00000)]
  0x00000176b50fb800 JavaThread "Cancel handler" [_thread_blocked, id=8324, stack(0x000000563fe00000,0x000000563ff00000)]
  0x00000176b55d9800 JavaThread "Daemon worker" [_thread_in_vm, id=8972, stack(0x000000563ff00000,0x0000005640000000)]
  0x00000176b55da000 JavaThread "Asynchronous log dispatcher for DefaultDaemonConnection: socket connection from /127.0.0.1:50329 to /127.0.0.1:50330" [_thread_blocked, id=108, stack(0x0000005640000000,0x0000005640100000)]
  0x00000176b597e800 JavaThread "Stdin handler" [_thread_blocked, id=6852, stack(0x0000005640100000,0x0000005640200000)]
  0x00000176b5b59800 JavaThread "Daemon client event forwarder" [_thread_blocked, id=8360, stack(0x0000005640200000,0x0000005640300000)]
  0x00000176b5b5a000 JavaThread "Cache worker for file hash cache (C:\Users\HP\.gradle\wrapper\dists\gradle-2.14.1-all\caches\7.0.2\fileHashes)" [_thread_blocked, id=9544, stack(0x0000005640400000,0x0000005640500000)]
  0x00000176b5b54800 JavaThread "File lock request listener" [_thread_in_native, id=10820, stack(0x0000005640500000,0x0000005640600000)]
  0x00000176b5b55800 JavaThread "Cache worker for journal cache (C:\Users\HP\.gradle\wrapper\dists\gradle-2.14.1-all\caches\journal-1)" [_thread_blocked, id=8508, stack(0x0000005640600000,0x0000005640700000)]
  0x00000176b5b56000 JavaThread "Cache worker for file hash cache (C:\Users\HP\AndroidStudioProjects\QuizzerExtended\Quizzer\.gradle\7.0.2\fileHashes)" [_thread_blocked, id=5244, stack(0x0000005640800000,0x0000005640900000)]
  0x00000176b5b57000 JavaThread "File watcher server" daemon [_thread_in_native, id=2584, stack(0x0000005640900000,0x0000005640a00000)]
  0x00000176b5b57800 JavaThread "File watcher consumer" daemon [_thread_blocked, id=7108, stack(0x0000005640a00000,0x0000005640b00000)]
  0x00000176b5b58800 JavaThread "Cache worker for checksums cache (C:\Users\HP\AndroidStudioProjects\QuizzerExtended\Quizzer\.gradle\checksums)" [_thread_blocked, id=9444, stack(0x0000005640b00000,0x0000005640c00000)]
  0x00000176b6330000 JavaThread "Cache worker for cache directory md-supplier (C:\Users\HP\.gradle\wrapper\dists\gradle-2.14.1-all\caches\7.0.2\md-supplier)" [_thread_blocked, id=2160, stack(0x0000005640c00000,0x0000005640d00000)]
  0x00000176b6331000 JavaThread "Cache worker for cache directory md-rule (C:\Users\HP\.gradle\wrapper\dists\gradle-2.14.1-all\caches\7.0.2\md-rule)" [_thread_blocked, id=6212, stack(0x0000005640d00000,0x0000005640e00000)]
  0x00000176b632e800 JavaThread "Cache worker for execution history cache (C:\Users\HP\.gradle\wrapper\dists\gradle-2.14.1-all\caches\7.0.2\executionHistory)" [_thread_blocked, id=3304, stack(0x0000005640e00000,0x0000005640f00000)]
  0x00000176b6333800 JavaThread "jar transforms" [_thread_blocked, id=11060, stack(0x0000005640f00000,0x0000005641000000)]
  0x00000176b6337800 JavaThread "jar transforms Thread 2" [_thread_blocked, id=6556, stack(0x0000005641000000,0x0000005641100000)]
  0x00000176b6334000 JavaThread "Cache worker for file content cache (C:\Users\HP\.gradle\wrapper\dists\gradle-2.14.1-all\caches\7.0.2\fileContent)" [_thread_blocked, id=6796, stack(0x0000005641100000,0x0000005641200000)]
  0x00000176b6336800 JavaThread "Cache worker for dependencies-accessors (C:\Users\HP\AndroidStudioProjects\QuizzerExtended\Quizzer\.gradle\7.0.2\dependencies-accessors)" [_thread_blocked, id=4040, stack(0x0000005641200000,0x0000005641300000)]
  0x00000176b6338000 JavaThread "jar transforms Thread 3" [_thread_blocked, id=1000, stack(0x0000005641300000,0x0000005641400000)]
  0x00000176b6332800 JavaThread "Cache worker for Build Output Cleanup Cache (C:\Users\HP\AndroidStudioProjects\QuizzerExtended\Quizzer\.gradle\buildOutputCleanup)" [_thread_blocked, id=10592, stack(0x0000005641400000,0x0000005641500000)]
  0x00000176b633a800 JavaThread "Build operations" [_thread_blocked, id=2156, stack(0x0000005641500000,0x0000005641600000)]
  0x00000176b633a000 JavaThread "Build operations Thread 2" [_thread_blocked, id=10652, stack(0x0000005641600000,0x0000005641700000)]
  0x00000176b633b800 JavaThread "Build operations Thread 3" [_thread_blocked, id=8956, stack(0x0000005641700000,0x0000005641800000)]
  0x00000176b633d000 JavaThread "Build operations Thread 4" [_thread_blocked, id=8860, stack(0x0000005641800000,0x0000005641900000)]
  0x00000176b633c800 JavaThread "jar transforms Thread 4" [_thread_blocked, id=7096, stack(0x0000005641900000,0x0000005641a00000)]
  0x00000176b5b5b000 JavaThread "C2 CompilerThread1" daemon [_thread_in_native, id=3892, stack(0x0000005640700000,0x0000005640800000)]
  0x00000176b95e6800 JavaThread "Memory manager" [_thread_blocked, id=8052, stack(0x0000005641a00000,0x0000005641b00000)]

Other Threads:
  0x00000176b2c71000 VMThread "VM Thread" [stack: 0x000000563ec00000,0x000000563ed00000] [id=3908]
  0x00000176b37b8800 WatcherThread [stack: 0x000000563f600000,0x000000563f700000] [id=10416]
  0x0000017699c51000 GCTaskThread "GC Thread#0" [stack: 0x000000563e700000,0x000000563e800000] [id=7316]
  0x00000176b3e0c800 GCTaskThread "GC Thread#1" [stack: 0x000000563f800000,0x000000563f900000] [id=4932]
  0x00000176b41ad000 GCTaskThread "GC Thread#2" [stack: 0x000000563f900000,0x000000563fa00000] [id=2552]
  0x00000176b4751800 GCTaskThread "GC Thread#3" [stack: 0x0000005640300000,0x0000005640400000] [id=2052]
  0x0000017699c77000 ConcurrentGCThread "G1 Main Marker" [stack: 0x000000563e800000,0x000000563e900000] [id=9536]
  0x0000017699c79800 ConcurrentGCThread "G1 Conc#0" [stack: 0x000000563e900000,0x000000563ea00000] [id=3564]
  0x0000017699d07800 ConcurrentGCThread "G1 Refine#0" [stack: 0x000000563ea00000,0x000000563eb00000] [id=11180]
  0x0000017699d08800 ConcurrentGCThread "G1 Young RemSet Sampling" [stack: 0x000000563eb00000,0x000000563ec00000] [id=1200]

Threads with active compile tasks:
C2 CompilerThread0  16811 6166       4       java.util.TreeMap::put (247 bytes)
C2 CompilerThread1  16811 6141       4       java.lang.PublicMethods::merge (81 bytes)

VM state:not at safepoint (normal execution)

VM Mutex/Monitor currently owned by a thread: None

Heap address: 0x00000000a0000000, size: 1536 MB, Compressed Oops mode: 32-bit
Narrow klass base: 0x0000000000000000, Narrow klass shift: 3
Compressed class space size: 1073741824 Address: 0x0000000100000000

Heap:
 garbage-first heap   total 155648K, used 80265K [0x00000000a0000000, 0x0000000100000000)
  region size 1024K, 37 young (37888K), 6 survivors (6144K)
 Metaspace       used 63667K, capacity 65398K, committed 65612K, reserved 1105920K
  class space    used 8085K, capacity 8679K, committed 8780K, reserved 1048576K
Heap Regions: E=young(eden), S=young(survivor), O=old, HS=humongous(starts), HC=humongous(continues), CS=collection set, F=free, A=archive, TAMS=top-at-mark-start (previous, next)
|   0|0x00000000a0000000, 0x00000000a0100000, 0x00000000a0100000|100%|HS|  |TAMS 0x00000000a0100000, 0x00000000a0000000| Complete 
|   1|0x00000000a0100000, 0x00000000a0200000, 0x00000000a0200000|100%|HC|  |TAMS 0x00000000a0200000, 0x00000000a0100000| Complete 
|   2|0x00000000a0200000, 0x00000000a0300000, 0x00000000a0300000|100%|HC|  |TAMS 0x00000000a0300000, 0x00000000a0200000| Complete 
|   3|0x00000000a0300000, 0x00000000a0400000, 0x00000000a0400000|100%| O|  |TAMS 0x00000000a0400000, 0x00000000a0300000| Untracked 
|   4|0x00000000a0400000, 0x00000000a0500000, 0x00000000a0500000|100%| O|  |TAMS 0x00000000a0500000, 0x00000000a0400000| Untracked 
|   5|0x00000000a0500000, 0x00000000a0600000, 0x00000000a0600000|100%| O|  |TAMS 0x00000000a0600000, 0x00000000a0500000| Untracked 
|   6|0x00000000a0600000, 0x00000000a0700000, 0x00000000a0700000|100%| O|  |TAMS 0x00000000a0700000, 0x00000000a0600000| Untracked 
|   7|0x00000000a0700000, 0x00000000a0800000, 0x00000000a0800000|100%| O|  |TAMS 0x00000000a0800000, 0x00000000a0700000| Untracked 
|   8|0x00000000a0800000, 0x00000000a0900000, 0x00000000a0900000|100%| O|  |TAMS 0x00000000a0900000, 0x00000000a0800000| Untracked 
|   9|0x00000000a0900000, 0x00000000a0a00000, 0x00000000a0a00000|100%| O|  |TAMS 0x00000000a0a00000, 0x00000000a0900000| Untracked 
|  10|0x00000000a0a00000, 0x00000000a0b00000, 0x00000000a0b00000|100%| O|  |TAMS 0x00000000a0b00000, 0x00000000a0a00000| Untracked 
|  11|0x00000000a0b00000, 0x00000000a0c00000, 0x00000000a0c00000|100%| O|  |TAMS 0x00000000a0c00000, 0x00000000a0b00000| Untracked 
|  12|0x00000000a0c00000, 0x00000000a0d00000, 0x00000000a0d00000|100%| O|  |TAMS 0x00000000a0d00000, 0x00000000a0c00000| Untracked 
|  13|0x00000000a0d00000, 0x00000000a0e00000, 0x00000000a0e00000|100%| O|  |TAMS 0x00000000a0e00000, 0x00000000a0d00000| Untracked 
|  14|0x00000000a0e00000, 0x00000000a0f00000, 0x00000000a0f00000|100%| O|  |TAMS 0x00000000a0f00000, 0x00000000a0e00000| Untracked 
|  15|0x00000000a0f00000, 0x00000000a1000000, 0x00000000a1000000|100%| O|  |TAMS 0x00000000a1000000, 0x00000000a0f00000| Untracked 
|  16|0x00000000a1000000, 0x00000000a1100000, 0x00000000a1100000|100%|HS|  |TAMS 0x00000000a1000000, 0x00000000a1000000| Complete 
|  17|0x00000000a1100000, 0x00000000a1200000, 0x00000000a1200000|100%| O|  |TAMS 0x00000000a1100000, 0x00000000a1100000| Untracked 
|  18|0x00000000a1200000, 0x00000000a1300000, 0x00000000a1300000|100%| O|  |TAMS 0x00000000a1200000, 0x00000000a1200000| Untracked 
|  19|0x00000000a1300000, 0x00000000a1400000, 0x00000000a1400000|100%| O|  |TAMS 0x00000000a1400000, 0x00000000a1300000| Untracked 
|  20|0x00000000a1400000, 0x00000000a1500000, 0x00000000a1500000|100%| O|  |TAMS 0x00000000a1500000, 0x00000000a1400000| Untracked 
|  21|0x00000000a1500000, 0x00000000a1600000, 0x00000000a1600000|100%| O|  |TAMS 0x00000000a152cc00, 0x00000000a1500000| Untracked 
|  22|0x00000000a1600000, 0x00000000a1700000, 0x00000000a1700000|100%| O|  |TAMS 0x00000000a1600000, 0x00000000a1600000| Untracked 
|  23|0x00000000a1700000, 0x00000000a1800000, 0x00000000a1800000|100%|HS|  |TAMS 0x00000000a1700000, 0x00000000a1700000| Complete 
|  24|0x00000000a1800000, 0x00000000a1900000, 0x00000000a1900000|100%|HS|  |TAMS 0x00000000a1800000, 0x00000000a1800000| Complete 
|  25|0x00000000a1900000, 0x00000000a1a00000, 0x00000000a1a00000|100%|HC|  |TAMS 0x00000000a1900000, 0x00000000a1900000| Complete 
|  26|0x00000000a1a00000, 0x00000000a1b00000, 0x00000000a1b00000|100%| O|  |TAMS 0x00000000a1a00000, 0x00000000a1a00000| Untracked 
|  27|0x00000000a1b00000, 0x00000000a1c00000, 0x00000000a1c00000|100%| O|  |TAMS 0x00000000a1b00000, 0x00000000a1b00000| Untracked 
|  28|0x00000000a1c00000, 0x00000000a1d00000, 0x00000000a1d00000|100%| O|  |TAMS 0x00000000a1c00000, 0x00000000a1c00000| Untracked 
|  29|0x00000000a1d00000, 0x00000000a1e00000, 0x00000000a1e00000|100%| O|  |TAMS 0x00000000a1d00000, 0x00000000a1d00000| Untracked 
|  30|0x00000000a1e00000, 0x00000000a1e00000, 0x00000000a1f00000|  0%| F|  |TAMS 0x00000000a1e00000, 0x00000000a1e00000| Untracked 
|  31|0x00000000a1f00000, 0x00000000a2000000, 0x00000000a2000000|100%| O|  |TAMS 0x00000000a1f00000, 0x00000000a1f00000| Untracked 
|  32|0x00000000a2000000, 0x00000000a2100000, 0x00000000a2100000|100%| O|  |TAMS 0x00000000a2000000, 0x00000000a2000000| Untracked 
|  33|0x00000000a2100000, 0x00000000a2200000, 0x00000000a2200000|100%| O|  |TAMS 0x00000000a2100000, 0x00000000a2100000| Untracked 
|  34|0x00000000a2200000, 0x00000000a2300000, 0x00000000a2300000|100%| O|  |TAMS 0x00000000a2200000, 0x00000000a2200000| Untracked 
|  35|0x00000000a2300000, 0x00000000a2400000, 0x00000000a2400000|100%| O|  |TAMS 0x00000000a2300000, 0x00000000a2300000| Untracked 
|  36|0x00000000a2400000, 0x00000000a2500000, 0x00000000a2500000|100%| O|  |TAMS 0x00000000a2400000, 0x00000000a2400000| Untracked 
|  37|0x00000000a2500000, 0x00000000a2600000, 0x00000000a2600000|100%| O|  |TAMS 0x00000000a2500000, 0x00000000a2500000| Untracked 
|  38|0x00000000a2600000, 0x00000000a2700000, 0x00000000a2700000|100%| O|  |TAMS 0x00000000a2600000, 0x00000000a2600000| Untracked 
|  39|0x00000000a2700000, 0x00000000a2800000, 0x00000000a2800000|100%| O|  |TAMS 0x00000000a2700000, 0x00000000a2700000| Untracked 
|  40|0x00000000a2800000, 0x00000000a2900000, 0x00000000a2900000|100%| O|  |TAMS 0x00000000a2800000, 0x00000000a2800000| Untracked 
|  41|0x00000000a2900000, 0x00000000a2a00000, 0x00000000a2a00000|100%| O|  |TAMS 0x00000000a2900000, 0x00000000a2900000| Untracked 
|  42|0x00000000a2a00000, 0x00000000a2b00000, 0x00000000a2b00000|100%| O|  |TAMS 0x00000000a2a00000, 0x00000000a2a00000| Untracked 
|  43|0x00000000a2b00000, 0x00000000a2b62600, 0x00000000a2c00000| 38%| O|  |TAMS 0x00000000a2b00000, 0x00000000a2b00000| Untracked 
|  44|0x00000000a2c00000, 0x00000000a2c00000, 0x00000000a2d00000|  0%| F|  |TAMS 0x00000000a2c00000, 0x00000000a2c00000| Untracked 
|  45|0x00000000a2d00000, 0x00000000a2d00000, 0x00000000a2e00000|  0%| F|  |TAMS 0x00000000a2d00000, 0x00000000a2d00000| Untracked 
|  46|0x00000000a2e00000, 0x00000000a2e00000, 0x00000000a2f00000|  0%| F|  |TAMS 0x00000000a2e00000, 0x00000000a2e00000| Untracked 
|  47|0x00000000a2f00000, 0x00000000a2f00000, 0x00000000a3000000|  0%| F|  |TAMS 0x00000000a2f00000, 0x00000000a2f00000| Untracked 
|  48|0x00000000a3000000, 0x00000000a3000000, 0x00000000a3100000|  0%| F|  |TAMS 0x00000000a3000000, 0x00000000a3000000| Untracked 
|  49|0x00000000a3100000, 0x00000000a3100000, 0x00000000a3200000|  0%| F|  |TAMS 0x00000000a3100000, 0x00000000a3100000| Untracked 
|  50|0x00000000a3200000, 0x00000000a3200000, 0x00000000a3300000|  0%| F|  |TAMS 0x00000000a3200000, 0x00000000a3200000| Untracked 
|  51|0x00000000a3300000, 0x00000000a3300000, 0x00000000a3400000|  0%| F|  |TAMS 0x00000000a3300000, 0x00000000a3300000| Untracked 
|  52|0x00000000a3400000, 0x00000000a3400000, 0x00000000a3500000|  0%| F|  |TAMS 0x00000000a3400000, 0x00000000a3400000| Untracked 
|  53|0x00000000a3500000, 0x00000000a3500000, 0x00000000a3600000|  0%| F|  |TAMS 0x00000000a3500000, 0x00000000a3500000| Untracked 
|  54|0x00000000a3600000, 0x00000000a3600000, 0x00000000a3700000|  0%| F|  |TAMS 0x00000000a3600000, 0x00000000a3600000| Untracked 
|  55|0x00000000a3700000, 0x00000000a3700000, 0x00000000a3800000|  0%| F|  |TAMS 0x00000000a3700000, 0x00000000a3700000| Untracked 
|  56|0x00000000a3800000, 0x00000000a3800000, 0x00000000a3900000|  0%| F|  |TAMS 0x00000000a3800000, 0x00000000a3800000| Untracked 
|  57|0x00000000a3900000, 0x00000000a3900000, 0x00000000a3a00000|  0%| F|  |TAMS 0x00000000a3900000, 0x00000000a3900000| Untracked 
|  58|0x00000000a3a00000, 0x00000000a3a00000, 0x00000000a3b00000|  0%| F|  |TAMS 0x00000000a3a00000, 0x00000000a3a00000| Untracked 
|  59|0x00000000a3b00000, 0x00000000a3b00000, 0x00000000a3c00000|  0%| F|  |TAMS 0x00000000a3b00000, 0x00000000a3b00000| Untracked 
|  60|0x00000000a3c00000, 0x00000000a3c00000, 0x00000000a3d00000|  0%| F|  |TAMS 0x00000000a3c00000, 0x00000000a3c00000| Untracked 
|  61|0x00000000a3d00000, 0x00000000a3d00000, 0x00000000a3e00000|  0%| F|  |TAMS 0x00000000a3d00000, 0x00000000a3d00000| Untracked 
|  62|0x00000000a3e00000, 0x00000000a3e00000, 0x00000000a3f00000|  0%| F|  |TAMS 0x00000000a3e00000, 0x00000000a3e00000| Untracked 
|  63|0x00000000a3f00000, 0x00000000a3f00000, 0x00000000a4000000|  0%| F|  |TAMS 0x00000000a3f00000, 0x00000000a3f00000| Untracked 
|  64|0x00000000a4000000, 0x00000000a4000000, 0x00000000a4100000|  0%| F|  |TAMS 0x00000000a4000000, 0x00000000a4000000| Untracked 
|  65|0x00000000a4100000, 0x00000000a4100000, 0x00000000a4200000|  0%| F|  |TAMS 0x00000000a4100000, 0x00000000a4100000| Untracked 
|  66|0x00000000a4200000, 0x00000000a4200000, 0x00000000a4300000|  0%| F|  |TAMS 0x00000000a4200000, 0x00000000a4200000| Untracked 
|  67|0x00000000a4300000, 0x00000000a4300000, 0x00000000a4400000|  0%| F|  |TAMS 0x00000000a4300000, 0x00000000a4300000| Untracked 
|  68|0x00000000a4400000, 0x00000000a4400000, 0x00000000a4500000|  0%| F|  |TAMS 0x00000000a4400000, 0x00000000a4400000| Untracked 
|  69|0x00000000a4500000, 0x00000000a4500000, 0x00000000a4600000|  0%| F|  |TAMS 0x00000000a4500000, 0x00000000a4500000| Untracked 
|  70|0x00000000a4600000, 0x00000000a4600000, 0x00000000a4700000|  0%| F|  |TAMS 0x00000000a4600000, 0x00000000a4600000| Untracked 
|  71|0x00000000a4700000, 0x00000000a4700000, 0x00000000a4800000|  0%| F|  |TAMS 0x00000000a4700000, 0x00000000a4700000| Untracked 
|  72|0x00000000a4800000, 0x00000000a4800000, 0x00000000a4900000|  0%| F|  |TAMS 0x00000000a4800000, 0x00000000a4800000| Untracked 
|  73|0x00000000a4900000, 0x00000000a4a00000, 0x00000000a4a00000|100%| S|CS|TAMS 0x00000000a4900000, 0x00000000a4900000| Complete 
|  74|0x00000000a4a00000, 0x00000000a4b00000, 0x00000000a4b00000|100%| S|CS|TAMS 0x00000000a4a00000, 0x00000000a4a00000| Complete 
|  75|0x00000000a4b00000, 0x00000000a4c00000, 0x00000000a4c00000|100%| S|CS|TAMS 0x00000000a4b00000, 0x00000000a4b00000| Complete 
|  76|0x00000000a4c00000, 0x00000000a4d00000, 0x00000000a4d00000|100%| S|CS|TAMS 0x00000000a4c00000, 0x00000000a4c00000| Complete 
|  77|0x00000000a4d00000, 0x00000000a4e00000, 0x00000000a4e00000|100%| S|CS|TAMS 0x00000000a4d00000, 0x00000000a4d00000| Complete 
|  78|0x00000000a4e00000, 0x00000000a4f00000, 0x00000000a4f00000|100%| S|CS|TAMS 0x00000000a4e00000, 0x00000000a4e00000| Complete 
|  79|0x00000000a4f00000, 0x00000000a4f00000, 0x00000000a5000000|  0%| F|  |TAMS 0x00000000a4f00000, 0x00000000a4f00000| Untracked 
|  80|0x00000000a5000000, 0x00000000a5000000, 0x00000000a5100000|  0%| F|  |TAMS 0x00000000a5000000, 0x00000000a5000000| Untracked 
|  81|0x00000000a5100000, 0x00000000a5100000, 0x00000000a5200000|  0%| F|  |TAMS 0x00000000a5100000, 0x00000000a5100000| Untracked 
|  82|0x00000000a5200000, 0x00000000a5200000, 0x00000000a5300000|  0%| F|  |TAMS 0x00000000a5200000, 0x00000000a5200000| Untracked 
|  83|0x00000000a5300000, 0x00000000a5300000, 0x00000000a5400000|  0%| F|  |TAMS 0x00000000a5300000, 0x00000000a5300000| Untracked 
|  84|0x00000000a5400000, 0x00000000a5400000, 0x00000000a5500000|  0%| F|  |TAMS 0x00000000a5400000, 0x00000000a5400000| Untracked 
|  85|0x00000000a5500000, 0x00000000a5500000, 0x00000000a5600000|  0%| F|  |TAMS 0x00000000a5500000, 0x00000000a5500000| Untracked 
|  86|0x00000000a5600000, 0x00000000a5600000, 0x00000000a5700000|  0%| F|  |TAMS 0x00000000a5600000, 0x00000000a5600000| Untracked 
|  87|0x00000000a5700000, 0x00000000a5700000, 0x00000000a5800000|  0%| F|  |TAMS 0x00000000a5700000, 0x00000000a5700000| Untracked 
|  88|0x00000000a5800000, 0x00000000a5800000, 0x00000000a5900000|  0%| F|  |TAMS 0x00000000a5800000, 0x00000000a5800000| Untracked 
|  89|0x00000000a5900000, 0x00000000a5900000, 0x00000000a5a00000|  0%| F|  |TAMS 0x00000000a5900000, 0x00000000a5900000| Untracked 
|  90|0x00000000a5a00000, 0x00000000a5a00000, 0x00000000a5b00000|  0%| F|  |TAMS 0x00000000a5a00000, 0x00000000a5a00000| Untracked 
|  91|0x00000000a5b00000, 0x00000000a5b00000, 0x00000000a5c00000|  0%| F|  |TAMS 0x00000000a5b00000, 0x00000000a5b00000| Untracked 
|  92|0x00000000a5c00000, 0x00000000a5c00000, 0x00000000a5d00000|  0%| F|  |TAMS 0x00000000a5c00000, 0x00000000a5c00000| Untracked 
|  93|0x00000000a5d00000, 0x00000000a5d00000, 0x00000000a5e00000|  0%| F|  |TAMS 0x00000000a5d00000, 0x00000000a5d00000| Untracked 
|  94|0x00000000a5e00000, 0x00000000a5e00000, 0x00000000a5f00000|  0%| F|  |TAMS 0x00000000a5e00000, 0x00000000a5e00000| Untracked 
|  95|0x00000000a5f00000, 0x00000000a5f00000, 0x00000000a6000000|  0%| F|  |TAMS 0x00000000a5f00000, 0x00000000a5f00000| Untracked 
|  96|0x00000000a6000000, 0x00000000a6000000, 0x00000000a6100000|  0%| F|  |TAMS 0x00000000a6000000, 0x00000000a6000000| Untracked 
|  97|0x00000000a6100000, 0x00000000a6100000, 0x00000000a6200000|  0%| F|  |TAMS 0x00000000a6100000, 0x00000000a6100000| Untracked 
|  98|0x00000000a6200000, 0x00000000a6200000, 0x00000000a6300000|  0%| F|  |TAMS 0x00000000a6200000, 0x00000000a6200000| Untracked 
|  99|0x00000000a6300000, 0x00000000a6300000, 0x00000000a6400000|  0%| F|  |TAMS 0x00000000a6300000, 0x00000000a6300000| Untracked 
| 100|0x00000000a6400000, 0x00000000a6400000, 0x00000000a6500000|  0%| F|  |TAMS 0x00000000a6400000, 0x00000000a6400000| Untracked 
| 101|0x00000000a6500000, 0x00000000a6500000, 0x00000000a6600000|  0%| F|  |TAMS 0x00000000a6500000, 0x00000000a6500000| Untracked 
| 102|0x00000000a6600000, 0x00000000a6600000, 0x00000000a6700000|  0%| F|  |TAMS 0x00000000a6600000, 0x00000000a6600000| Untracked 
| 103|0x00000000a6700000, 0x00000000a6700000, 0x00000000a6800000|  0%| F|  |TAMS 0x00000000a6700000, 0x00000000a6700000| Untracked 
| 104|0x00000000a6800000, 0x00000000a6800000, 0x00000000a6900000|  0%| F|  |TAMS 0x00000000a6800000, 0x00000000a6800000| Untracked 
| 105|0x00000000a6900000, 0x00000000a6900000, 0x00000000a6a00000|  0%| F|  |TAMS 0x00000000a6900000, 0x00000000a6900000| Untracked 
| 106|0x00000000a6a00000, 0x00000000a6a00000, 0x00000000a6b00000|  0%| F|  |TAMS 0x00000000a6a00000, 0x00000000a6a00000| Untracked 
| 107|0x00000000a6b00000, 0x00000000a6b00000, 0x00000000a6c00000|  0%| F|  |TAMS 0x00000000a6b00000, 0x00000000a6b00000| Untracked 
| 108|0x00000000a6c00000, 0x00000000a6c00000, 0x00000000a6d00000|  0%| F|  |TAMS 0x00000000a6c00000, 0x00000000a6c00000| Untracked 
| 109|0x00000000a6d00000, 0x00000000a6d00000, 0x00000000a6e00000|  0%| F|  |TAMS 0x00000000a6d00000, 0x00000000a6d00000| Untracked 
| 110|0x00000000a6e00000, 0x00000000a6e00000, 0x00000000a6f00000|  0%| F|  |TAMS 0x00000000a6e00000, 0x00000000a6e00000| Untracked 
| 111|0x00000000a6f00000, 0x00000000a6f00000, 0x00000000a7000000|  0%| F|  |TAMS 0x00000000a6f00000, 0x00000000a6f00000| Untracked 
| 112|0x00000000a7000000, 0x00000000a7000000, 0x00000000a7100000|  0%| F|  |TAMS 0x00000000a7000000, 0x00000000a7000000| Untracked 
| 113|0x00000000a7100000, 0x00000000a7100000, 0x00000000a7200000|  0%| F|  |TAMS 0x00000000a7100000, 0x00000000a7100000| Untracked 
| 114|0x00000000a7200000, 0x00000000a7200000, 0x00000000a7300000|  0%| F|  |TAMS 0x00000000a7200000, 0x00000000a7200000| Untracked 
| 115|0x00000000a7300000, 0x00000000a7300000, 0x00000000a7400000|  0%| F|  |TAMS 0x00000000a7300000, 0x00000000a7300000| Untracked 
| 116|0x00000000a7400000, 0x00000000a7400000, 0x00000000a7500000|  0%| F|  |TAMS 0x00000000a7400000, 0x00000000a7400000| Untracked 
| 117|0x00000000a7500000, 0x00000000a7500000, 0x00000000a7600000|  0%| F|  |TAMS 0x00000000a7500000, 0x00000000a7500000| Untracked 
| 118|0x00000000a7600000, 0x00000000a7600000, 0x00000000a7700000|  0%| F|  |TAMS 0x00000000a7600000, 0x00000000a7600000| Untracked 
| 119|0x00000000a7700000, 0x00000000a7700000, 0x00000000a7800000|  0%| F|  |TAMS 0x00000000a7700000, 0x00000000a7700000| Untracked 
| 120|0x00000000a7800000, 0x00000000a7800000, 0x00000000a7900000|  0%| F|  |TAMS 0x00000000a7800000, 0x00000000a7800000| Untracked 
| 121|0x00000000a7900000, 0x00000000a7a00000, 0x00000000a7a00000|100%| E|  |TAMS 0x00000000a7900000, 0x00000000a7900000| Complete 
| 122|0x00000000a7a00000, 0x00000000a7b00000, 0x00000000a7b00000|100%| E|CS|TAMS 0x00000000a7a00000, 0x00000000a7a00000| Complete 
| 123|0x00000000a7b00000, 0x00000000a7c00000, 0x00000000a7c00000|100%| E|CS|TAMS 0x00000000a7b00000, 0x00000000a7b00000| Complete 
| 124|0x00000000a7c00000, 0x00000000a7d00000, 0x00000000a7d00000|100%| E|CS|TAMS 0x00000000a7c00000, 0x00000000a7c00000| Complete 
| 125|0x00000000a7d00000, 0x00000000a7e00000, 0x00000000a7e00000|100%| E|CS|TAMS 0x00000000a7d00000, 0x00000000a7d00000| Complete 
| 126|0x00000000a7e00000, 0x00000000a7f00000, 0x00000000a7f00000|100%| E|CS|TAMS 0x00000000a7e00000, 0x00000000a7e00000| Complete 
| 127|0x00000000a7f00000, 0x00000000a8000000, 0x00000000a8000000|100%| E|CS|TAMS 0x00000000a7f00000, 0x00000000a7f00000| Complete 
| 128|0x00000000a8000000, 0x00000000a8100000, 0x00000000a8100000|100%| E|CS|TAMS 0x00000000a8000000, 0x00000000a8000000| Complete 
| 129|0x00000000a8100000, 0x00000000a8200000, 0x00000000a8200000|100%| E|CS|TAMS 0x00000000a8100000, 0x00000000a8100000| Complete 
| 130|0x00000000a8200000, 0x00000000a8300000, 0x00000000a8300000|100%| E|CS|TAMS 0x00000000a8200000, 0x00000000a8200000| Complete 
| 131|0x00000000a8300000, 0x00000000a8400000, 0x00000000a8400000|100%| E|CS|TAMS 0x00000000a8300000, 0x00000000a8300000| Complete 
| 132|0x00000000a8400000, 0x00000000a8500000, 0x00000000a8500000|100%| E|CS|TAMS 0x00000000a8400000, 0x00000000a8400000| Complete 
| 133|0x00000000a8500000, 0x00000000a8600000, 0x00000000a8600000|100%| E|CS|TAMS 0x00000000a8500000, 0x00000000a8500000| Complete 
| 134|0x00000000a8600000, 0x00000000a8700000, 0x00000000a8700000|100%| E|CS|TAMS 0x00000000a8600000, 0x00000000a8600000| Complete 
| 135|0x00000000a8700000, 0x00000000a8800000, 0x00000000a8800000|100%| E|CS|TAMS 0x00000000a8700000, 0x00000000a8700000| Complete 
| 136|0x00000000a8800000, 0x00000000a8900000, 0x00000000a8900000|100%| E|CS|TAMS 0x00000000a8800000, 0x00000000a8800000| Complete 
| 137|0x00000000a8900000, 0x00000000a8a00000, 0x00000000a8a00000|100%| E|CS|TAMS 0x00000000a8900000, 0x00000000a8900000| Complete 
| 138|0x00000000a8a00000, 0x00000000a8b00000, 0x00000000a8b00000|100%| E|CS|TAMS 0x00000000a8a00000, 0x00000000a8a00000| Complete 
| 139|0x00000000a8b00000, 0x00000000a8c00000, 0x00000000a8c00000|100%| E|CS|TAMS 0x00000000a8b00000, 0x00000000a8b00000| Complete 
| 140|0x00000000a8c00000, 0x00000000a8d00000, 0x00000000a8d00000|100%| E|CS|TAMS 0x00000000a8c00000, 0x00000000a8c00000| Complete 
| 141|0x00000000a8d00000, 0x00000000a8e00000, 0x00000000a8e00000|100%| E|CS|TAMS 0x00000000a8d00000, 0x00000000a8d00000| Complete 
| 142|0x00000000a8e00000, 0x00000000a8f00000, 0x00000000a8f00000|100%| E|CS|TAMS 0x00000000a8e00000, 0x00000000a8e00000| Complete 
| 143|0x00000000a8f00000, 0x00000000a9000000, 0x00000000a9000000|100%| E|CS|TAMS 0x00000000a8f00000, 0x00000000a8f00000| Complete 
| 144|0x00000000a9000000, 0x00000000a9100000, 0x00000000a9100000|100%| E|CS|TAMS 0x00000000a9000000, 0x00000000a9000000| Complete 
| 145|0x00000000a9100000, 0x00000000a9200000, 0x00000000a9200000|100%| E|CS|TAMS 0x00000000a9100000, 0x00000000a9100000| Complete 
| 146|0x00000000a9200000, 0x00000000a9300000, 0x00000000a9300000|100%| E|CS|TAMS 0x00000000a9200000, 0x00000000a9200000| Complete 
| 147|0x00000000a9300000, 0x00000000a9400000, 0x00000000a9400000|100%| E|CS|TAMS 0x00000000a9300000, 0x00000000a9300000| Complete 
| 148|0x00000000a9400000, 0x00000000a9500000, 0x00000000a9500000|100%| E|CS|TAMS 0x00000000a9400000, 0x00000000a9400000| Complete 
| 149|0x00000000a9500000, 0x00000000a9600000, 0x00000000a9600000|100%| E|CS|TAMS 0x00000000a9500000, 0x00000000a9500000| Complete 
| 150|0x00000000a9600000, 0x00000000a9700000, 0x00000000a9700000|100%| E|CS|TAMS 0x00000000a9600000, 0x00000000a9600000| Complete 
| 151|0x00000000a9700000, 0x00000000a9800000, 0x00000000a9800000|100%| E|CS|TAMS 0x00000000a9700000, 0x00000000a9700000| Complete 

Card table byte_map: [0x00000176ad070000,0x00000176ad370000] _byte_map_base: 0x00000176acb70000

Marking Bits (Prev, Next): (CMBitMap*) 0x0000017699c70590, (CMBitMap*) 0x0000017699c70558
 Prev Bits: [0x00000176aee70000, 0x00000176b0670000)
 Next Bits: [0x00000176ad670000, 0x00000176aee70000)

Polling page: 0x0000017698290000

Metaspace:

Usage:
  Non-class:     55.45 MB capacity,    54.34 MB ( 98%) used,   979.84 KB (  2%) free+waste,   161.38 KB ( <1%) overhead. 
      Class:      8.51 MB capacity,     7.91 MB ( 93%) used,   537.91 KB (  6%) free+waste,    75.75 KB ( <1%) overhead. 
       Both:     63.96 MB capacity,    62.25 MB ( 97%) used,     1.48 MB (  2%) free+waste,   237.13 KB ( <1%) overhead. 

Virtual space:
  Non-class space:       56.00 MB reserved,      55.50 MB (>99%) committed 
      Class space:        1.00 GB reserved,       8.57 MB ( <1%) committed 
             Both:        1.05 GB reserved,      64.07 MB (  6%) committed 

Chunk freelists:
   Non-Class:  49.00 KB
       Class:  25.00 KB
        Both:  74.00 KB

MaxMetaspaceSize: 17179869184.00 GB
CompressedClassSpaceSize: 1.00 GB

CodeHeap 'non-profiled nmethods': size=120064Kb used=3470Kb max_used=3470Kb free=116593Kb
 bounds [0x00000176a5200000, 0x00000176a5570000, 0x00000176ac740000]
CodeHeap 'profiled nmethods': size=120000Kb used=12878Kb max_used=12878Kb free=107121Kb
 bounds [0x000001769dcd0000, 0x000001769e970000, 0x00000176a5200000]
CodeHeap 'non-nmethods': size=5696Kb used=2259Kb max_used=2297Kb free=3437Kb
 bounds [0x000001769d740000, 0x000001769d9b0000, 0x000001769dcd0000]
 total_blobs=7059 nmethods=6204 adapters=764
 compilation: enabled
              stopped_count=0, restarted_count=0
 full_count=0

Compilation events (20 events):
Event: 16.636 Thread 0x00000176b2cc5000 6229       2       org.gradle.api.internal.artifacts.dependencies.AbstractExternalModuleDependency::getGroup (10 bytes)
Event: 16.636 Thread 0x00000176b2cc5000 nmethod 6229 0x000001769e94ad10 code [0x000001769e94aec0, 0x000001769e94aff8]
Event: 16.636 Thread 0x00000176b2cc5000 6230       2       org.gradle.api.internal.artifacts.dependencies.DefaultExternalModuleDependency_Decorated::getGroup (39 bytes)
Event: 16.636 Thread 0x00000176b2cc5000 nmethod 6230 0x000001769e94b110 code [0x000001769e94b300, 0x000001769e94b648]
Event: 16.636 Thread 0x00000176b2cc5000 6227       1       groovy.lang.Closure::getResolveStrategy (5 bytes)
Event: 16.636 Thread 0x00000176b2cc5000 nmethod 6227 0x00000176a5558710 code [0x00000176a55588c0, 0x00000176a5558978]
Event: 16.641 Thread 0x00000176b2cc5000 6231       2       java.lang.Long::stringSize (55 bytes)
Event: 16.641 Thread 0x00000176b2cc5000 nmethod 6231 0x000001769e94b890 code [0x000001769e94ba40, 0x000001769e94bbf8]
Event: 16.642 Thread 0x00000176b2cc5000 6232       2       java.lang.Long::getChars (208 bytes)
Event: 16.642 Thread 0x00000176b2cc5000 nmethod 6232 0x000001769e94bd10 code [0x000001769e94bf00, 0x000001769e94c3d8]
Event: 16.644 Thread 0x00000176b2cc5000 6233       2       java.util.Arrays::binarySearch0 (95 bytes)
Event: 16.644 Thread 0x00000176b2cc5000 nmethod 6233 0x000001769e94c790 code [0x000001769e94c960, 0x000001769e94cbb8]
Event: 16.644 Thread 0x00000176b2cc5000 6234       2       org.codehaus.groovy.reflection.CachedClass$CachedMethodComparatorWithString::compare (37 bytes)
Event: 16.644 Thread 0x00000176b2cc5000 nmethod 6234 0x000001769e94cd90 code [0x000001769e94cf80, 0x000001769e94d218]
Event: 16.649 Thread 0x00000176b2cc5000 6235       1       org.codehaus.groovy.runtime.callsite.AbstractCallSite::getIndex (5 bytes)
Event: 16.649 Thread 0x00000176b2cc5000 nmethod 6235 0x00000176a5558a10 code [0x00000176a5558bc0, 0x00000176a5558c78]
Event: 16.654 Thread 0x00000176b2cc5000 6237       2       java.util.LinkedList::addAll (182 bytes)
Event: 16.655 Thread 0x00000176b2cc5000 nmethod 6237 0x000001769e94d410 code [0x000001769e94d620, 0x000001769e94dcd8]
Event: 16.655 Thread 0x00000176b2cc5000 6236       2       java.util.LinkedList::addAll (10 bytes)
Event: 16.655 Thread 0x00000176b2cc5000 nmethod 6236 0x000001769e94e090 code [0x000001769e94e240, 0x000001769e94e368]

GC Heap History (20 events):
Event: 1.466 GC heap before
{Heap before GC invocations=1 (full 0):
 garbage-first heap   total 129024K, used 19499K [0x00000000a0000000, 0x0000000100000000)
  region size 1024K, 14 young (14336K), 2 survivors (2048K)
 Metaspace       used 9842K, capacity 10058K, committed 10112K, reserved 1058816K
  class space    used 1021K, capacity 1102K, committed 1152K, reserved 1048576K
}
Event: 1.474 GC heap after
{Heap after GC invocations=2 (full 0):
 garbage-first heap   total 129024K, used 9286K [0x00000000a0000000, 0x0000000100000000)
  region size 1024K, 2 young (2048K), 2 survivors (2048K)
 Metaspace       used 9842K, capacity 10058K, committed 10112K, reserved 1058816K
  class space    used 1021K, capacity 1102K, committed 1152K, reserved 1048576K
}
Event: 2.345 GC heap before
{Heap before GC invocations=2 (full 0):
 garbage-first heap   total 129024K, used 36934K [0x00000000a0000000, 0x0000000100000000)
  region size 1024K, 29 young (29696K), 2 survivors (2048K)
 Metaspace       used 10782K, capacity 11011K, committed 11264K, reserved 1058816K
  class space    used 1124K, capacity 1206K, committed 1280K, reserved 1048576K
}
Event: 2.350 GC heap after
{Heap after GC invocations=3 (full 0):
 garbage-first heap   total 129024K, used 11151K [0x00000000a0000000, 0x0000000100000000)
  region size 1024K, 4 young (4096K), 4 survivors (4096K)
 Metaspace       used 10782K, capacity 11011K, committed 11264K, reserved 1058816K
  class space    used 1124K, capacity 1206K, committed 1280K, reserved 1048576K
}
Event: 4.958 GC heap before
{Heap before GC invocations=3 (full 0):
 garbage-first heap   total 129024K, used 52111K [0x00000000a0000000, 0x0000000100000000)
  region size 1024K, 44 young (45056K), 4 survivors (4096K)
 Metaspace       used 17408K, capacity 17838K, committed 18048K, reserved 1064960K
  class space    used 2028K, capacity 2172K, committed 2176K, reserved 1048576K
}
Event: 5.001 GC heap after
{Heap after GC invocations=4 (full 0):
 garbage-first heap   total 129024K, used 15698K [0x00000000a0000000, 0x0000000100000000)
  region size 1024K, 6 young (6144K), 6 survivors (6144K)
 Metaspace       used 17408K, capacity 17838K, committed 18048K, reserved 1064960K
  class space    used 2028K, capacity 2172K, committed 2176K, reserved 1048576K
}
Event: 5.422 GC heap before
{Heap before GC invocations=4 (full 0):
 garbage-first heap   total 129024K, used 44370K [0x00000000a0000000, 0x0000000100000000)
  region size 1024K, 35 young (35840K), 6 survivors (6144K)
 Metaspace       used 20638K, capacity 21126K, committed 21248K, reserved 1067008K
  class space    used 2519K, capacity 2720K, committed 2816K, reserved 1048576K
}
Event: 5.432 GC heap after
{Heap after GC invocations=5 (full 0):
 garbage-first heap   total 129024K, used 17259K [0x00000000a0000000, 0x0000000100000000)
  region size 1024K, 2 young (2048K), 2 survivors (2048K)
 Metaspace       used 20638K, capacity 21126K, committed 21248K, reserved 1067008K
  class space    used 2519K, capacity 2720K, committed 2816K, reserved 1048576K
}
Event: 6.256 GC heap before
{Heap before GC invocations=6 (full 0):
 garbage-first heap   total 129024K, used 65387K [0x00000000a0000000, 0x0000000100000000)
  region size 1024K, 50 young (51200K), 2 survivors (2048K)
 Metaspace       used 25621K, capacity 26202K, committed 26368K, reserved 1073152K
  class space    used 3350K, capacity 3566K, committed 3584K, reserved 1048576K
}
Event: 6.263 GC heap after
{Heap after GC invocations=7 (full 0):
 garbage-first heap   total 129024K, used 18739K [0x00000000a0000000, 0x0000000100000000)
  region size 1024K, 3 young (3072K), 3 survivors (3072K)
 Metaspace       used 25621K, capacity 26202K, committed 26368K, reserved 1073152K
  class space    used 3350K, capacity 3566K, committed 3584K, reserved 1048576K
}
Event: 7.811 GC heap before
{Heap before GC invocations=7 (full 0):
 garbage-first heap   total 129024K, used 79155K [0x00000000a0000000, 0x0000000100000000)
  region size 1024K, 63 young (64512K), 3 survivors (3072K)
 Metaspace       used 35052K, capacity 35838K, committed 35840K, reserved 1081344K
  class space    used 4540K, capacity 4864K, committed 4864K, reserved 1048576K
}
Event: 7.828 GC heap after
{Heap after GC invocations=8 (full 0):
 garbage-first heap   total 129024K, used 22451K [0x00000000a0000000, 0x0000000100000000)
  region size 1024K, 7 young (7168K), 7 survivors (7168K)
 Metaspace       used 35052K, capacity 35838K, committed 35840K, reserved 1081344K
  class space    used 4540K, capacity 4864K, committed 4864K, reserved 1048576K
}
Event: 8.968 GC heap before
{Heap before GC invocations=9 (full 0):
 garbage-first heap   total 129024K, used 87987K [0x00000000a0000000, 0x0000000100000000)
  region size 1024K, 69 young (70656K), 7 survivors (7168K)
 Metaspace       used 40505K, capacity 41480K, committed 41804K, reserved 1085440K
  class space    used 5238K, capacity 5582K, committed 5708K, reserved 1048576K
}
Event: 8.990 GC heap after
{Heap after GC invocations=10 (full 0):
 garbage-first heap   total 155648K, used 26501K [0x00000000a0000000, 0x0000000100000000)
  region size 1024K, 8 young (8192K), 8 survivors (8192K)
 Metaspace       used 40505K, capacity 41480K, committed 41804K, reserved 1085440K
  class space    used 5238K, capacity 5582K, committed 5708K, reserved 1048576K
}
Event: 10.538 GC heap before
{Heap before GC invocations=11 (full 0):
 garbage-first heap   total 155648K, used 111493K [0x00000000a0000000, 0x0000000100000000)
  region size 1024K, 91 young (93184K), 8 survivors (8192K)
 Metaspace       used 46650K, capacity 47875K, committed 47948K, reserved 1091584K
  class space    used 5971K, capacity 6413K, committed 6476K, reserved 1048576K
}
Event: 10.565 GC heap after
{Heap after GC invocations=12 (full 0):
 garbage-first heap   total 155648K, used 30362K [0x00000000a0000000, 0x0000000100000000)
  region size 1024K, 8 young (8192K), 8 survivors (8192K)
 Metaspace       used 46650K, capacity 47875K, committed 47948K, reserved 1091584K
  class space    used 5971K, capacity 6413K, committed 6476K, reserved 1048576K
}
Event: 14.677 GC heap before
{Heap before GC invocations=12 (full 0):
 garbage-first heap   total 155648K, used 118426K [0x00000000a0000000, 0x0000000100000000)
  region size 1024K, 91 young (93184K), 8 survivors (8192K)
 Metaspace       used 55462K, capacity 56937K, committed 57036K, reserved 1099776K
  class space    used 7016K, capacity 7540K, committed 7628K, reserved 1048576K
}
Event: 14.700 GC heap after
{Heap after GC invocations=13 (full 0):
 garbage-first heap   total 155648K, used 43008K [0x00000000a0000000, 0x0000000100000000)
  region size 1024K, 12 young (12288K), 12 survivors (12288K)
 Metaspace       used 55462K, capacity 56937K, committed 57036K, reserved 1099776K
  class space    used 7016K, capacity 7540K, committed 7628K, reserved 1048576K
}
Event: 16.417 GC heap before
{Heap before GC invocations=13 (full 0):
 garbage-first heap   total 155648K, used 117760K [0x00000000a0000000, 0x0000000100000000)
  region size 1024K, 85 young (87040K), 12 survivors (12288K)
 Metaspace       used 63161K, capacity 64782K, committed 64972K, reserved 1105920K
  class space    used 8025K, capacity 8626K, committed 8652K, reserved 1048576K
}
Event: 16.446 GC heap after
{Heap after GC invocations=14 (full 0):
 garbage-first heap   total 155648K, used 49545K [0x00000000a0000000, 0x0000000100000000)
  region size 1024K, 6 young (6144K), 6 survivors (6144K)
 Metaspace       used 63161K, capacity 64782K, committed 64972K, reserved 1105920K
  class space    used 8025K, capacity 8626K, committed 8652K, reserved 1048576K
}

Deoptimization events (20 events):
Event: 16.587 Thread 0x00000176b55d9800 Uncommon trap: trap_request=0xffffff4d fr.pc=0x00000176a5474afc relative=0x0000000000000e1c
Event: 16.587 Thread 0x00000176b55d9800 Uncommon trap: reason=unstable_if action=reinterpret pc=0x00000176a5474afc method=org.codehaus.groovy.runtime.metaclass.MetaMethodIndex.isOverridden(Lgroovy/lang/MetaMethod;Lgroovy/lang/MetaMethod;)Z @ 33 c2
Event: 16.587 Thread 0x00000176b55d9800 DEOPT PACKING pc=0x00000176a5474afc sp=0x000000563fff5320
Event: 16.588 Thread 0x00000176b55d9800 DEOPT UNPACKING pc=0x000001769d7678af sp=0x000000563fff5278 mode 2
Event: 16.643 Thread 0x00000176b55d9800 Uncommon trap: trap_request=0xffffffc6 fr.pc=0x00000176a54e2f64 relative=0x0000000000000664
Event: 16.643 Thread 0x00000176b55d9800 Uncommon trap: reason=bimorphic_or_optimized_type_check action=maybe_recompile pc=0x00000176a54e2f64 method=java.util.Arrays.binarySearch0([Ljava/lang/Object;IILjava/lang/Object;Ljava/util/Comparator;)I @ 48 c2
Event: 16.643 Thread 0x00000176b55d9800 DEOPT PACKING pc=0x00000176a54e2f64 sp=0x000000563fff8ca0
Event: 16.643 Thread 0x00000176b55d9800 DEOPT UNPACKING pc=0x000001769d7678af sp=0x000000563fff8c20 mode 2
Event: 16.643 Thread 0x00000176b55d9800 Uncommon trap: trap_request=0xffffffc6 fr.pc=0x00000176a54e2f64 relative=0x0000000000000664
Event: 16.643 Thread 0x00000176b55d9800 Uncommon trap: reason=bimorphic_or_optimized_type_check action=maybe_recompile pc=0x00000176a54e2f64 method=java.util.Arrays.binarySearch0([Ljava/lang/Object;IILjava/lang/Object;Ljava/util/Comparator;)I @ 48 c2
Event: 16.643 Thread 0x00000176b55d9800 DEOPT PACKING pc=0x00000176a54e2f64 sp=0x000000563fff8ca0
Event: 16.643 Thread 0x00000176b55d9800 DEOPT UNPACKING pc=0x000001769d7678af sp=0x000000563fff8c20 mode 2
Event: 16.643 Thread 0x00000176b55d9800 Uncommon trap: trap_request=0xffffffc6 fr.pc=0x00000176a54e2f64 relative=0x0000000000000664
Event: 16.643 Thread 0x00000176b55d9800 Uncommon trap: reason=bimorphic_or_optimized_type_check action=maybe_recompile pc=0x00000176a54e2f64 method=java.util.Arrays.binarySearch0([Ljava/lang/Object;IILjava/lang/Object;Ljava/util/Comparator;)I @ 48 c2
Event: 16.643 Thread 0x00000176b55d9800 DEOPT PACKING pc=0x00000176a54e2f64 sp=0x000000563fff8ca0
Event: 16.643 Thread 0x00000176b55d9800 DEOPT UNPACKING pc=0x000001769d7678af sp=0x000000563fff8c20 mode 2
Event: 16.643 Thread 0x00000176b55d9800 Uncommon trap: trap_request=0xffffffc6 fr.pc=0x00000176a54e2f64 relative=0x0000000000000664
Event: 16.643 Thread 0x00000176b55d9800 Uncommon trap: reason=bimorphic_or_optimized_type_check action=maybe_recompile pc=0x00000176a54e2f64 method=java.util.Arrays.binarySearch0([Ljava/lang/Object;IILjava/lang/Object;Ljava/util/Comparator;)I @ 48 c2
Event: 16.643 Thread 0x00000176b55d9800 DEOPT PACKING pc=0x00000176a54e2f64 sp=0x000000563fff8ca0
Event: 16.644 Thread 0x00000176b55d9800 DEOPT UNPACKING pc=0x000001769d7678af sp=0x000000563fff8c20 mode 2

Classes redefined (0 events):
No events

Internal exceptions (20 events):
Event: 16.596 Thread 0x00000176b55d9800 Exception <a 'java/lang/ClassNotFoundException'{0x00000000a8bfca70}: com/android/build/gradle/internal/dsl/BuildTypeCustomizer> (0x00000000a8bfca70) thrown at [./src/hotspot/share/classfile/systemDictionary.cpp, line 231]
Event: 16.600 Thread 0x00000176b55d9800 Exception <a 'java/lang/ClassNotFoundException'{0x00000000a8a89828}: com/android/build/gradle/internal/dsl/BuildType_DecoratedCustomizer> (0x00000000a8a89828) thrown at [./src/hotspot/share/classfile/systemDictionary.cpp, line 231]
Event: 16.605 Thread 0x00000176b55d9800 Exception <a 'java/lang/ClassNotFoundException'{0x00000000a894bae8}: build_9tz6ui0mfdu3n1vetpdutw0np$_run_closure1$_closure4BeanInfo> (0x00000000a894bae8) thrown at [./src/hotspot/share/classfile/systemDictionary.cpp, line 231]
Event: 16.606 Thread 0x00000176b55d9800 Exception <a 'java/lang/ClassNotFoundException'{0x00000000a895c3d0}: build_9tz6ui0mfdu3n1vetpdutw0np$_run_closure1$_closure4Customizer> (0x00000000a895c3d0) thrown at [./src/hotspot/share/classfile/systemDictionary.cpp, line 231]
Event: 16.608 Thread 0x00000176b55d9800 Exception <a 'java/lang/ClassNotFoundException'{0x00000000a8985538}: build_9tz6ui0mfdu3n1vetpdutw0np$_run_closure1BeanInfo> (0x00000000a8985538) thrown at [./src/hotspot/share/classfile/systemDictionary.cpp, line 231]
Event: 16.608 Thread 0x00000176b55d9800 Exception <a 'java/lang/ClassNotFoundException'{0x00000000a89954a8}: build_9tz6ui0mfdu3n1vetpdutw0np$_run_closure1Customizer> (0x00000000a89954a8) thrown at [./src/hotspot/share/classfile/systemDictionary.cpp, line 231]
Event: 16.622 Thread 0x00000176b55d9800 Exception <a 'java/lang/ClassNotFoundException'{0x00000000a8743e50}: org/gradle/api/internal/file/collections/DefaultConfigurableFileTreeBeanInfo> (0x00000000a8743e50) thrown at [./src/hotspot/share/classfile/systemDictionary.cpp, line 231]
Event: 16.623 Thread 0x00000176b55d9800 Exception <a 'java/lang/ClassNotFoundException'{0x00000000a8772d28}: org/gradle/api/internal/file/CompositeFileTreeBeanInfo> (0x00000000a8772d28) thrown at [./src/hotspot/share/classfile/systemDictionary.cpp, line 231]
Event: 16.624 Thread 0x00000176b55d9800 Exception <a 'java/lang/ClassNotFoundException'{0x00000000a87a4cc0}: org/gradle/api/internal/file/CompositeFileCollectionBeanInfo> (0x00000000a87a4cc0) thrown at [./src/hotspot/share/classfile/systemDictionary.cpp, line 231]
Event: 16.625 Thread 0x00000176b55d9800 Exception <a 'java/lang/ClassNotFoundException'{0x00000000a87d6c30}: org/gradle/api/internal/file/AbstractFileCollectionBeanInfo> (0x00000000a87d6c30) thrown at [./src/hotspot/share/classfile/systemDictionary.cpp, line 231]
Event: 16.626 Thread 0x00000176b55d9800 Exception <a 'java/lang/ClassNotFoundException'{0x00000000a86094e8}: org/gradle/api/internal/file/AbstractFileCollectionCustomizer> (0x00000000a86094e8) thrown at [./src/hotspot/share/classfile/systemDictionary.cpp, line 231]
Event: 16.627 Thread 0x00000176b55d9800 Exception <a 'java/lang/ClassNotFoundException'{0x00000000a864cb28}: org/gradle/api/internal/file/CompositeFileCollectionCustomizer> (0x00000000a864cb28) thrown at [./src/hotspot/share/classfile/systemDictionary.cpp, line 231]
Event: 16.629 Thread 0x00000176b55d9800 Exception <a 'java/lang/ClassNotFoundException'{0x00000000a8683cc8}: org/gradle/api/internal/file/CompositeFileTreeCustomizer> (0x00000000a8683cc8) thrown at [./src/hotspot/share/classfile/systemDictionary.cpp, line 231]
Event: 16.630 Thread 0x00000176b55d9800 Exception <a 'java/lang/ClassNotFoundException'{0x00000000a86c5508}: org/gradle/api/internal/file/collections/DefaultConfigurableFileTreeCustomizer> (0x00000000a86c5508) thrown at [./src/hotspot/share/classfile/systemDictionary.cpp, line 231]
Event: 16.644 Thread 0x00000176b55d9800 Exception <a 'java/lang/ClassNotFoundException'{0x00000000a858b698}: com/google/gms/googleservices/GoogleServicesPluginBeanInfo> (0x00000000a858b698) thrown at [./src/hotspot/share/classfile/systemDictionary.cpp, line 231]
Event: 16.645 Thread 0x00000176b55d9800 Exception <a 'java/lang/ClassNotFoundException'{0x00000000a85a29d0}: com/google/gms/googleservices/GoogleServicesPluginCustomizer> (0x00000000a85a29d0) thrown at [./src/hotspot/share/classfile/systemDictionary.cpp, line 231]
Event: 16.647 Thread 0x00000176b55d9800 Exception <a 'java/lang/ClassNotFoundException'{0x00000000a85fc6b0}: groovy/lang/ReferenceBeanInfo> (0x00000000a85fc6b0) thrown at [./src/hotspot/share/classfile/systemDictionary.cpp, line 231]
Event: 16.648 Thread 0x00000176b55d9800 Exception <a 'java/lang/ClassNotFoundException'{0x00000000a8437d48}: groovy/lang/ReferenceCustomizer> (0x00000000a8437d48) thrown at [./src/hotspot/share/classfile/systemDictionary.cpp, line 231]
Event: 16.652 Thread 0x00000176b55d9800 Exception <a 'java/lang/ClassNotFoundException'{0x00000000a849d758}: org/gradle/internal/extensibility/DefaultConventionBeanInfo> (0x00000000a849d758) thrown at [./src/hotspot/share/classfile/systemDictionary.cpp, line 231]
Event: 16.653 Thread 0x00000176b55d9800 Exception <a 'java/lang/ClassNotFoundException'{0x00000000a84cdd08}: org/gradle/internal/extensibility/DefaultConventionCustomizer> (0x00000000a84cdd08) thrown at [./src/hotspot/share/classfile/systemDictionary.cpp, line 231]

Events (20 events):
Event: 16.651 loading class org/gradle/internal/extensibility/DefaultConventionBeanInfo
Event: 16.651 loading class org/gradle/internal/extensibility/DefaultConventionBeanInfo done
Event: 16.651 loading class org/gradle/internal/extensibility/DefaultConventionBeanInfo
Event: 16.651 loading class org/gradle/internal/extensibility/DefaultConventionBeanInfo done
Event: 16.651 loading class org/gradle/internal/extensibility/DefaultConventionBeanInfo
Event: 16.651 loading class org/gradle/internal/extensibility/DefaultConventionBeanInfo done
Event: 16.652 loading class org/gradle/internal/extensibility/DefaultConventionBeanInfo
Event: 16.652 loading class org/gradle/internal/extensibility/DefaultConventionBeanInfo done
Event: 16.652 loading class org/gradle/internal/extensibility/DefaultConventionCustomizer
Event: 16.652 loading class org/gradle/internal/extensibility/DefaultConventionCustomizer done
Event: 16.652 loading class org/gradle/internal/extensibility/DefaultConventionCustomizer
Event: 16.652 loading class org/gradle/internal/extensibility/DefaultConventionCustomizer done
Event: 16.652 loading class org/gradle/internal/extensibility/DefaultConventionCustomizer
Event: 16.652 loading class org/gradle/internal/extensibility/DefaultConventionCustomizer done
Event: 16.653 loading class org/gradle/internal/extensibility/DefaultConventionCustomizer
Event: 16.653 loading class org/gradle/internal/extensibility/DefaultConventionCustomizer done
Event: 16.654 loading class org/codehaus/groovy/runtime/callsite/PojoMetaMethodSite
Event: 16.654 loading class org/codehaus/groovy/runtime/callsite/PojoMetaMethodSite done
Event: 16.655 loading class org/codehaus/groovy/runtime/callsite/PojoMetaMethodSite$PojoCachedMethodSite
Event: 16.655 loading class org/codehaus/groovy/runtime/callsite/PojoMetaMethodSite$PojoCachedMethodSite done


Dynamic libraries:
0x00007ff7f7120000 - 0x00007ff7f712a000 	C:\Program Files\Android\Android Studio\jre\bin\java.exe
0x00007ffe7c570000 - 0x00007ffe7c764000 	C:\WINDOWS\SYSTEM32\ntdll.dll
0x00007ffe7b7e0000 - 0x00007ffe7b89d000 	C:\WINDOWS\System32\KERNEL32.DLL
0x00007ffe79fc0000 - 0x00007ffe7a287000 	C:\WINDOWS\System32\KERNELBASE.dll
0x00007ffe79cb0000 - 0x00007ffe79db0000 	C:\WINDOWS\System32\ucrtbase.dll
0x00007ffe574b0000 - 0x00007ffe574c7000 	C:\Program Files\Android\Android Studio\jre\bin\VCRUNTIME140.dll
0x00007ffe5a790000 - 0x00007ffe5a7a9000 	C:\Program Files\Android\Android Studio\jre\bin\jli.dll
0x00007ffe7c390000 - 0x00007ffe7c530000 	C:\WINDOWS\System32\USER32.dll
0x00007ffe5f9f0000 - 0x00007ffe5fc8a000 	C:\WINDOWS\WinSxS\amd64_microsoft.windows.common-controls_6595b64144ccf1df_6.0.19041.1_none_b555e41d4684ddec\COMCTL32.dll
0x00007ffe7a420000 - 0x00007ffe7a442000 	C:\WINDOWS\System32\win32u.dll
0x00007ffe7a700000 - 0x00007ffe7a79e000 	C:\WINDOWS\System32\msvcrt.dll
0x00007ffe7bc00000 - 0x00007ffe7bc2a000 	C:\WINDOWS\System32\GDI32.dll
0x00007ffe79e60000 - 0x00007ffe79f6a000 	C:\WINDOWS\System32\gdi32full.dll
0x00007ffe7a4d0000 - 0x00007ffe7a56d000 	C:\WINDOWS\System32\msvcp_win.dll
0x00007ffe7bc30000 - 0x00007ffe7bc60000 	C:\WINDOWS\System32\IMM32.DLL
0x00007ffe3cd00000 - 0x00007ffe3cd9d000 	C:\Program Files\Android\Android Studio\jre\bin\msvcp140.dll
0x00007ffe227e0000 - 0x00007ffe232af000 	C:\Program Files\Android\Android Studio\jre\bin\server\jvm.dll
0x00007ffe7b2e0000 - 0x00007ffe7b38a000 	C:\WINDOWS\System32\ADVAPI32.dll
0x00007ffe7b080000 - 0x00007ffe7b11b000 	C:\WINDOWS\System32\sechost.dll
0x00007ffe7c0d0000 - 0x00007ffe7c1f3000 	C:\WINDOWS\System32\RPCRT4.dll
0x00007ffe7bbf0000 - 0x00007ffe7bbf8000 	C:\WINDOWS\System32\PSAPI.DLL
0x00007ffe757e0000 - 0x00007ffe757e9000 	C:\WINDOWS\SYSTEM32\WSOCK32.dll
0x00007ffe73d40000 - 0x00007ffe73d67000 	C:\WINDOWS\SYSTEM32\WINMM.dll
0x00007ffe72880000 - 0x00007ffe7288a000 	C:\WINDOWS\SYSTEM32\VERSION.dll
0x00007ffe7b8b0000 - 0x00007ffe7b91b000 	C:\WINDOWS\System32\WS2_32.dll
0x00007ffe77e20000 - 0x00007ffe77e33000 	C:\WINDOWS\SYSTEM32\kernel.appcore.dll
0x00007ffe71cc0000 - 0x00007ffe71cd1000 	C:\Program Files\Android\Android Studio\jre\bin\verify.dll
0x00007ffe77ac0000 - 0x00007ffe77ca4000 	C:\WINDOWS\SYSTEM32\DBGHELP.DLL
0x00007ffe610f0000 - 0x00007ffe6111c000 	C:\WINDOWS\SYSTEM32\dbgcore.DLL
0x00007ffe7a450000 - 0x00007ffe7a4cf000 	C:\WINDOWS\System32\bcryptPrimitives.dll
0x00007ffe6d570000 - 0x00007ffe6d599000 	C:\Program Files\Android\Android Studio\jre\bin\java.dll
0x00007ffe757d0000 - 0x00007ffe757db000 	C:\Program Files\Android\Android Studio\jre\bin\jimage.dll
0x00007ffe71bb0000 - 0x00007ffe71bc8000 	C:\Program Files\Android\Android Studio\jre\bin\zip.dll
0x00007ffe7a800000 - 0x00007ffe7af31000 	C:\WINDOWS\System32\SHELL32.dll
0x00007ffe77e40000 - 0x00007ffe785ca000 	C:\WINDOWS\SYSTEM32\windows.storage.dll
0x00007ffe7b420000 - 0x00007ffe7b774000 	C:\WINDOWS\System32\combase.dll
0x00007ffe79730000 - 0x00007ffe7975b000 	C:\WINDOWS\SYSTEM32\Wldp.dll
0x00007ffe7c200000 - 0x00007ffe7c2ae000 	C:\WINDOWS\System32\SHCORE.dll
0x00007ffe7b780000 - 0x00007ffe7b7d5000 	C:\WINDOWS\System32\shlwapi.dll
0x00007ffe79bf0000 - 0x00007ffe79c0f000 	C:\WINDOWS\SYSTEM32\profapi.dll
0x00007ffe711b0000 - 0x00007ffe711ca000 	C:\Program Files\Android\Android Studio\jre\bin\net.dll
0x00007ffe73f80000 - 0x00007ffe74082000 	C:\WINDOWS\SYSTEM32\WINHTTP.dll
0x00007ffe794b0000 - 0x00007ffe7951a000 	C:\WINDOWS\system32\mswsock.dll
0x00007ffe6d4f0000 - 0x00007ffe6d504000 	C:\Program Files\Android\Android Studio\jre\bin\nio.dll
0x00007ffe5df30000 - 0x00007ffe5df57000 	C:\Users\HP\.gradle\wrapper\dists\gradle-2.14.1-all\native\8bec1ad78214c89d9ad589b4d07fe93259594b29d510b10fafb7a158f7737e5d\windows-amd64\native-platform.dll
0x00007ffe226a0000 - 0x00007ffe227dd000 	C:\Users\HP\.gradle\wrapper\dists\gradle-2.14.1-all\native\53dbd7edfb1c66fb8903c78663c9afc45aea4f116125fa6feffd364cf09443e8\windows-amd64\native-platform-file-events.dll
0x00007ffe737f0000 - 0x00007ffe737fa000 	C:\Program Files\Android\Android Studio\jre\bin\management.dll
0x00007ffe737d0000 - 0x00007ffe737dc000 	C:\Program Files\Android\Android Studio\jre\bin\management_ext.dll
0x00007ffe79680000 - 0x00007ffe79698000 	C:\WINDOWS\SYSTEM32\CRYPTSP.dll
0x00007ffe78dd0000 - 0x00007ffe78e04000 	C:\WINDOWS\system32\rsaenh.dll
0x00007ffe7a3f0000 - 0x00007ffe7a417000 	C:\WINDOWS\System32\bcrypt.dll
0x00007ffe79b70000 - 0x00007ffe79b9e000 	C:\WINDOWS\SYSTEM32\USERENV.dll
0x00007ffe796a0000 - 0x00007ffe796ac000 	C:\WINDOWS\SYSTEM32\CRYPTBASE.dll
0x00007ffe79150000 - 0x00007ffe7918b000 	C:\WINDOWS\SYSTEM32\IPHLPAPI.DLL
0x00007ffe7b390000 - 0x00007ffe7b399000 	C:\WINDOWS\System32\NSI.dll
0x00007ffe77990000 - 0x00007ffe779a7000 	C:\WINDOWS\SYSTEM32\dhcpcsvc6.DLL
0x00007ffe77970000 - 0x00007ffe7798d000 	C:\WINDOWS\SYSTEM32\dhcpcsvc.DLL
0x00007ffe791a0000 - 0x00007ffe7926a000 	C:\WINDOWS\SYSTEM32\DNSAPI.dll

dbghelp: loaded successfully - version: 4.0.5 - missing functions: none
symbol engine: initialized successfully - sym options: 0x614 - pdb path: .;C:\Program Files\Android\Android Studio\jre\bin;C:\WINDOWS\SYSTEM32;C:\WINDOWS\WinSxS\amd64_microsoft.windows.common-controls_6595b64144ccf1df_6.0.19041.1_none_b555e41d4684ddec;C:\Program Files\Android\Android Studio\jre\bin\server;C:\Users\HP\.gradle\wrapper\dists\gradle-2.14.1-all\native\8bec1ad78214c89d9ad589b4d07fe93259594b29d510b10fafb7a158f7737e5d\windows-amd64;C:\Users\HP\.gradle\wrapper\dists\gradle-2.14.1-all\native\53dbd7edfb1c66fb8903c78663c9afc45aea4f116125fa6feffd364cf09443e8\windows-amd64

VM Arguments:
jvm_args: --add-opens=java.base/java.util=ALL-UNNAMED --add-opens=java.base/java.lang=ALL-UNNAMED --add-opens=java.base/java.lang.invoke=ALL-UNNAMED --add-opens=java.base/java.util=ALL-UNNAMED --add-opens=java.prefs/java.util.prefs=ALL-UNNAMED --add-opens=java.prefs/java.util.prefs=ALL-UNNAMED --add-opens=java.base/java.nio.charset=ALL-UNNAMED --add-opens=java.base/java.net=ALL-UNNAMED --add-opens=java.base/java.util.concurrent.atomic=ALL-UNNAMED -Xmx1536m -Dfile.encoding=windows-1252 -Duser.country=US -Duser.language=en -Duser.variant 
java_command: org.gradle.launcher.daemon.bootstrap.GradleDaemon 7.0.2
java_class_path (initial): C:\Users\HP\.gradle\wrapper\dists\gradle-2.14.1-all\wrapper\dists\gradle-7.0.2-all\7era6s5ay7zsbhuvl0oc9g94s\gradle-7.0.2\lib\gradle-launcher-7.0.2.jar
Launcher Type: SUN_STANDARD

[Global flags]
     intx CICompilerCount                          = 3                                         {product} {ergonomic}
     uint ConcGCThreads                            = 1                                         {product} {ergonomic}
     uint G1ConcRefinementThreads                  = 4                                         {product} {ergonomic}
   size_t G1HeapRegionSize                         = 1048576                                   {product} {ergonomic}
    uintx GCDrainStackTargetSize                   = 64                                        {product} {ergonomic}
   size_t InitialHeapSize                          = 132120576                                 {product} {ergonomic}
   size_t MarkStackSize                            = 4194304                                   {product} {ergonomic}
   size_t MaxHeapSize                              = 1610612736                                {product} {command line}
   size_t MaxNewSize                               = 965738496                                 {product} {ergonomic}
   size_t MinHeapDeltaBytes                        = 1048576                                   {product} {ergonomic}
    uintx NonNMethodCodeHeapSize                   = 5830732                                {pd product} {ergonomic}
    uintx NonProfiledCodeHeapSize                  = 122913754                              {pd product} {ergonomic}
    uintx ProfiledCodeHeapSize                     = 122913754                              {pd product} {ergonomic}
    uintx ReservedCodeCacheSize                    = 251658240                              {pd product} {ergonomic}
     bool SegmentedCodeCache                       = true                                      {product} {ergonomic}
     bool UseCompressedClassPointers               = true                                 {lp64_product} {ergonomic}
     bool UseCompressedOops                        = true                                 {lp64_product} {ergonomic}
     bool UseG1GC                                  = true                                      {product} {ergonomic}
     bool UseLargePagesIndividualAllocation        = false                                  {pd product} {ergonomic}

Logging:
Log output configuration:
 #0: stdout all=warning uptime,level,tags
 #1: stderr all=off uptime,level,tags

Environment Variables:
PATH=C:\WINDOWS\system32;C:\WINDOWS;C:\WINDOWS\System32\Wbem;C:\WINDOWS\System32\WindowsPowerShell\v1.0\;C:\WINDOWS\System32\OpenSSH\;E:\New folder\;C:\Users\HP\AppData\Local\Microsoft\WindowsApps;E:\VS Code\Microsoft VS Code\bin;C:\Users\HP\AppData\Roaming\npm;C:\Users\HP\AppData\Local\GitHubDesktop\bin;C:\Users\HP\Flutter\flutter\bin;
USERNAME=HP
OS=Windows_NT
PROCESSOR_IDENTIFIER=Intel64 Family 6 Model 142 Stepping 9, GenuineIntel



---------------  S Y S T E M  ---------------

OS: Windows 10 , 64 bit Build 19041 (10.0.19041.1)
OS uptime: 0 days 2:27 hours

CPU:total 4 (initial active 4) (2 cores per cpu, 2 threads per core) family 6 model 142 stepping 9 microcode 0xde, cmov, cx8, fxsr, mmx, sse, sse2, sse3, ssse3, sse4.1, sse4.2, popcnt, avx, avx2, aes, clmul, erms, 3dnowpref, lzcnt, ht, tsc, tscinvbit, bmi1, bmi2, adx, fma

Memory: 4k page, system-wide physical 8060M (1150M free)
TotalPageFile size 16252M (AvailPageFile size 9017M)
current process WorkingSet (physical memory assigned to process): 342M, peak: 343M
current process commit charge ("private bytes"): 377M, peak: 378M

vm_info: OpenJDK 64-Bit Server VM (11.0.10+0-b96-7249189) for windows-amd64 JRE (11.0.10+0-b96-7249189), built on Mar 31 2021 21:44:00 by "builder" with MS VC++ 14.0 (VS2015)

END.
