#
# A fatal error has been detected by the Java Runtime Environment:
#
#  EXCEPTION_ACCESS_VIOLATION (0xc0000005) at pc=0x00007ffe22aba469, pid=11020, tid=2324
#
# JRE version: OpenJDK Runtime Environment (11.0.10) (build 11.0.10+0-b96-7249189)
# Java VM: OpenJDK 64-Bit Server VM (11.0.10+0-b96-7249189, mixed mode, tiered, compressed oops, g1 gc, windows-amd64)
# Problematic frame:
# V  [jvm.dll+0x2da469]
#
# No core dump will be written. Minidumps are not enabled by default on client versions of Windows
#
# If you would like to submit a bug report, please visit:
#   https://bugreport.java.com/bugreport/crash.jsp
#

---------------  S U M M A R Y ------------

Command Line: --add-opens=java.base/java.util=ALL-UNNAMED --add-opens=java.base/java.lang=ALL-UNNAMED --add-opens=java.base/java.lang.invoke=ALL-UNNAMED --add-opens=java.base/java.util=ALL-UNNAMED --add-opens=java.prefs/java.util.prefs=ALL-UNNAMED --add-opens=java.prefs/java.util.prefs=ALL-UNNAMED --add-opens=java.base/java.nio.charset=ALL-UNNAMED --add-opens=java.base/java.net=ALL-UNNAMED --add-opens=java.base/java.util.concurrent.atomic=ALL-UNNAMED -Xmx1536m -Dfile.encoding=windows-1252 -Duser.country=US -Duser.language=en -Duser.variant org.gradle.launcher.daemon.bootstrap.GradleDaemon 7.0.2

Host: Intel(R) Core(TM) i3-7020U CPU @ 2.30GHz, 4 cores, 7G,  Windows 10 , 64 bit Build 19041 (10.0.19041.1)
Time: Wed Nov 24 10:19:08 2021 India Standard Time elapsed time: 573.978125 seconds (0d 0h 9m 33s)

---------------  T H R E A D  ---------------

Current thread (0x00000123a1c3a800):  ConcurrentGCThread "G1 Conc#0" [stack: 0x00000008f0200000,0x00000008f0300000] [id=2324]

Stack: [0x00000008f0200000,0x00000008f0300000],  sp=0x00000008f02ff5a0,  free space=1021k
Native frames: (J=compiled Java code, j=interpreted, Vv=VM code, C=native code)
V  [jvm.dll+0x2da469]
V  [jvm.dll+0x2da396]
V  [jvm.dll+0x2d379d]
V  [jvm.dll+0x2d3049]
V  [jvm.dll+0x2e7596]
V  [jvm.dll+0x2dff8e]
V  [jvm.dll+0x2e30d7]
V  [jvm.dll+0x2e1d96]
V  [jvm.dll+0x2e255c]
V  [jvm.dll+0x2e6b46]
V  [jvm.dll+0x748da0]
V  [jvm.dll+0x6e3d45]
V  [jvm.dll+0x5ebe96]
C  [ucrtbase.dll+0x21542]
C  [KERNEL32.DLL+0x16fd4]
C  [ntdll.dll+0x4cf31]


siginfo: EXCEPTION_ACCESS_VIOLATION (0xc0000005), reading address 0x0000000000000160


Register to memory mapping:

RIP=0x00007ffe22aba469 jvm.dll
RAX=0x00000123a1c1d880 points into unknown readable memory: 0x0000000000000000 | 00 00 00 00 00 00 00 00
RBX=0x0000000000000008 is an unknown value
RCX=0x00000123a1c31d30 points into unknown readable memory: 0x00000123a1c38800 | 00 88 c3 a1 23 01 00 00
RDX=0x0 is NULL
RSP=0x00000008f02ff5a0 points into unknown readable memory: 0x0000000000000095 | 95 00 00 00 00 00 00 00
RBP=0x00000123a1c31d30 points into unknown readable memory: 0x00000123a1c38800 | 00 88 c3 a1 23 01 00 00
RSI=0x00000008f02ff7f8 points into unknown readable memory: 0x00007ffe22ffef20 | 20 ef ff 22 fe 7f 00 00
RDI=0x0000000000000008 is an unknown value
R8 =0x0 is NULL
R9 =0x0000000000000008 is an unknown value
R10=0x00000123a1c31d30 points into unknown readable memory: 0x00000123a1c38800 | 00 88 c3 a1 23 01 00 00
R11=0x000000000000000c is an unknown value
R12=0x0000000000000001 is an unknown value
R13=0xaaaaaaaaaaaaaaab is an unknown value
R14=0x0 is NULL
R15=0x0 is NULL


Registers:
RAX=0x00000123a1c1d880, RBX=0x0000000000000008, RCX=0x00000123a1c31d30, RDX=0x0000000000000000
RSP=0x00000008f02ff5a0, RBP=0x00000123a1c31d30, RSI=0x00000008f02ff7f8, RDI=0x0000000000000008
R8 =0x0000000000000000, R9 =0x0000000000000008, R10=0x00000123a1c31d30, R11=0x000000000000000c
R12=0x0000000000000001, R13=0xaaaaaaaaaaaaaaab, R14=0x0000000000000000, R15=0x0000000000000000
RIP=0x00007ffe22aba469, EFLAGS=0x0000000000010206

Top of Stack: (sp=0x00000008f02ff5a0)
0x00000008f02ff5a0:   0000000000000095 0000000000000001
0x00000008f02ff5b0:   00000123a1c3b710 00007ffe228eddc3
0x00000008f02ff5c0:   00000123a1c3b201 00007ffe22aba396
0x00000008f02ff5d0:   00000000a95fad28 00000123a1c3b7b0
0x00000008f02ff5e0:   00000123a1c3b7b0 00000008f02ff849
0x00000008f02ff5f0:   0000000000000000 00007ffe22aba4aa
0x00000008f02ff600:   00000000a9c42c68 00007ffe22ab379d
0x00000008f02ff610:   00000000a95fad28 00000000a9c44000
0x00000008f02ff620:   000000010001b858 00007ffe22aba396
0x00000008f02ff630:   00000008f02ff7f8 00007ffe22ab3049
0x00000008f02ff640:   00000000a9c00000 000000010001ba50
0x00000008f02ff650:   0000000000000000 00000008f02ff7f8
0x00000008f02ff660:   00000000a9c44000 00007ffe22ab21ed
0x00000008f02ff670:   00000000a9c40000 0000000000000800
0x00000008f02ff680:   0000000000000800 00007ffe22ac7596
0x00000008f02ff690:   00000000a9c00000 0000000000000000 

Instructions: (pc=0x00007ffe22aba469)
0x00007ffe22aba369:   00 00 00 00 48 8b fa 4c 8b ca 49 8b 42 08 8b 53
0x00007ffe22aba379:   10 8b 88 c0 02 00 00 48 8b 80 b0 02 00 00 49 d3
0x00007ffe22aba389:   e8 49 8b ca 4e 8b 04 c0 e8 ba 00 00 00 84 c0 75
0x00007ffe22aba399:   0b 48 8b 5c 24 48 48 83 c4 30 5f c3 48 8b 43 20
0x00007ffe22aba3a9:   48 8b 88 d8 02 00 00 48 8b 83 98 00 00 00 48 85
0x00007ffe22aba3b9:   c0 74 0e 48 3b f8 72 0e 48 3b bb a0 00 00 00 72
0x00007ffe22aba3c9:   77 48 3b f9 73 72 80 3d c2 d1 71 00 00 74 15 8b
0x00007ffe22aba3d9:   47 08 8b 0d 37 47 6d 00 48 d3 e0 48 03 05 25 47
0x00007ffe22aba3e9:   6d 00 eb 04 48 8b 47 08 81 78 08 00 00 00 c0 72
0x00007ffe22aba3f9:   35 48 8b 83 b0 00 00 00 48 39 83 a8 00 00 00 73
0x00007ffe22aba409:   10 48 8b 83 c8 00 00 00 48 39 83 c0 00 00 00 72
0x00007ffe22aba419:   27 48 8b cb e8 0e a4 00 00 b0 01 48 8b 5c 24 48
0x00007ffe22aba429:   48 83 c4 30 5f c3 48 8d 54 24 40 48 89 7c 24 40
0x00007ffe22aba439:   48 8b cb e8 ff 18 00 00 b0 01 48 8b 5c 24 48 48
0x00007ffe22aba449:   83 c4 30 5f c3 cc cc 48 89 5c 24 18 48 89 6c 24
0x00007ffe22aba459:   20 41 56 48 83 ec 20 49 8b d9 44 8b f2 48 8b e9
0x00007ffe22aba469:   4d 3b 88 60 01 00 00 72 13 32 c0 48 8b 5c 24 40
0x00007ffe22aba479:   48 8b 6c 24 48 48 83 c4 20 41 5e c3 48 8b 81 90
0x00007ffe22aba489:   00 00 00 48 8b d3 48 89 74 24 30 48 2b 10 8b 48
0x00007ffe22aba499:   10 48 c1 ea 03 48 d3 ea 48 8d 48 18 e8 c6 38 e3
0x00007ffe22aba4a9:   ff 0f b6 f0 84 c0 74 6f 48 89 7c 24 38 48 8b 7c
0x00007ffe22aba4b9:   24 50 48 85 ff 75 2d 40 38 3d d1 d0 71 00 74 15
0x00007ffe22aba4c9:   8b 53 08 8b 0d 46 46 6d 00 48 d3 e2 48 03 15 34
0x00007ffe22aba4d9:   46 6d 00 eb 04 48 8b 53 08 48 8b cb e8 f6 24 eb
0x00007ffe22aba4e9:   ff 48 63 f8 48 8b 85 f0 02 00 00 8b 0d be d6 71
0x00007ffe22aba4f9:   00 4a 8b 14 f0 48 8b 42 18 48 8b 40 10 48 2b d8
0x00007ffe22aba509:   48 d3 eb 48 8d 4a 38 8b d3 e8 c9 e4 ff ff 48 01
0x00007ffe22aba519:   78 08 48 8b 7c 24 38 48 8b 5c 24 40 40 0f b6 c6
0x00007ffe22aba529:   48 8b 74 24 30 48 8b 6c 24 48 48 83 c4 20 41 5e
0x00007ffe22aba539:   c3 cc cc cc cc cc cc 4c 8b 81 b8 02 00 00 48 8b
0x00007ffe22aba549:   81 a8 02 00 00 8b 91 c0 02 00 00 49 03 c0 8b ca
0x00007ffe22aba559:   48 d3 e0 49 d3 e0 49 2b c0 48 83 e0 f8 c3 cc cc 


Stack slot to memory mapping:
stack at sp + 0 slots: 0x0000000000000095 is an unknown value
stack at sp + 1 slots: 0x0000000000000001 is an unknown value
stack at sp + 2 slots: 0x00000123a1c3b710 points into unknown readable memory: 0x00000123000002aa | aa 02 00 00 23 01 00 00
stack at sp + 3 slots: 0x00007ffe228eddc3 jvm.dll
stack at sp + 4 slots: 0x00000123a1c3b201 points into unknown readable memory: 00 00 00 00 00 00 00
stack at sp + 5 slots: 0x00007ffe22aba396 jvm.dll
stack at sp + 6 slots: 0x00000000a95fad28 is an oop: java.util.concurrent.ConcurrentHashMap$Node 
{0x00000000a95fad28} - klass: 'java/util/concurrent/ConcurrentHashMap$Node'
stack at sp + 7 slots: 0x00000123a1c3b7b0 points into unknown readable memory: 0x00007ffe22ffefa0 | a0 ef ff 22 fe 7f 00 00


---------------  P R O C E S S  ---------------

Threads class SMR info:
_java_thread_list=0x00000123ca2a0c90, length=49, elements={
0x00000123a1bf9000, 0x00000123bac38000, 0x00000123bac39800, 0x00000123bac51800,
0x00000123bac55000, 0x00000123bac58800, 0x00000123bac5d000, 0x00000123bac61800,
0x00000123bac66000, 0x00000123bb711000, 0x00000123bd933800, 0x00000123bd934800,
0x00000123bd930800, 0x00000123bdbeb000, 0x00000123bdbe6800, 0x00000123bdbe9800,
0x00000123bdbe5800, 0x00000123bdbec000, 0x00000123bdbed000, 0x00000123bdbe8000,
0x00000123bdbe7000, 0x00000123bdbf1000, 0x00000123bdbf0000, 0x00000123bdbed800,
0x00000123bddf0800, 0x00000123bdbee800, 0x00000123bdbe8800, 0x00000123bdbf2800,
0x00000123bdbf1800, 0x00000123bdbf4000, 0x00000123bddf4000, 0x00000123bddf1800,
0x00000123bddf5800, 0x00000123bddf8000, 0x00000123bddf6000, 0x00000123bddf2000,
0x00000123bddf8800, 0x00000123bddf3000, 0x00000123bddfe800, 0x00000123bddfa800,
0x00000123bddff000, 0x00000123bddf9800, 0x00000123bddfb000, 0x00000123bddfc000,
0x00000123bd935000, 0x00000123bd932000, 0x00000123bd932800, 0x00000123bd936000,
0x00000123bd937000
}

Java Threads: ( => current thread )
  0x00000123a1bf9000 JavaThread "main" [_thread_blocked, id=5328, stack(0x00000008eff00000,0x00000008f0000000)]
  0x00000123bac38000 JavaThread "Reference Handler" daemon [_thread_blocked, id=8220, stack(0x00000008f0600000,0x00000008f0700000)]
  0x00000123bac39800 JavaThread "Finalizer" daemon [_thread_blocked, id=852, stack(0x00000008f0700000,0x00000008f0800000)]
  0x00000123bac51800 JavaThread "Signal Dispatcher" daemon [_thread_blocked, id=8928, stack(0x00000008f0800000,0x00000008f0900000)]
  0x00000123bac55000 JavaThread "Attach Listener" daemon [_thread_blocked, id=7684, stack(0x00000008f0900000,0x00000008f0a00000)]
  0x00000123bac58800 JavaThread "Service Thread" daemon [_thread_blocked, id=1432, stack(0x00000008f0a00000,0x00000008f0b00000)]
  0x00000123bac5d000 JavaThread "C2 CompilerThread0" daemon [_thread_in_native, id=7108, stack(0x00000008f0b00000,0x00000008f0c00000)]
  0x00000123bac61800 JavaThread "C1 CompilerThread0" daemon [_thread_blocked, id=2744, stack(0x00000008f0c00000,0x00000008f0d00000)]
  0x00000123bac66000 JavaThread "Sweeper thread" daemon [_thread_blocked, id=1128, stack(0x00000008f0d00000,0x00000008f0e00000)]
  0x00000123bb711000 JavaThread "Common-Cleaner" daemon [_thread_blocked, id=11088, stack(0x00000008f0e00000,0x00000008f0f00000)]
  0x00000123bd933800 JavaThread "Daemon health stats" [_thread_blocked, id=8324, stack(0x00000008f1300000,0x00000008f1400000)]
  0x00000123bd934800 JavaThread "Incoming local TCP Connector on port 50210" [_thread_in_native, id=1000, stack(0x00000008f1000000,0x00000008f1100000)]
  0x00000123bd930800 JavaThread "Daemon periodic checks" [_thread_blocked, id=10876, stack(0x00000008f1400000,0x00000008f1500000)]
  0x00000123bdbeb000 JavaThread "Cache worker for file hash cache (C:\Users\HP\.gradle\wrapper\dists\gradle-2.14.1-all\caches\7.0.2\fileHashes)" [_thread_blocked, id=4712, stack(0x00000008f1d00000,0x00000008f1e00000)]
  0x00000123bdbe6800 JavaThread "File lock request listener" [_thread_in_native, id=4028, stack(0x00000008f1e00000,0x00000008f1f00000)]
  0x00000123bdbe9800 JavaThread "Cache worker for journal cache (C:\Users\HP\.gradle\wrapper\dists\gradle-2.14.1-all\caches\journal-1)" [_thread_blocked, id=10780, stack(0x00000008f1f00000,0x00000008f2000000)]
  0x00000123bdbe5800 JavaThread "File watcher server" daemon [_thread_blocked, id=9132, stack(0x00000008f2200000,0x00000008f2300000)]
  0x00000123bdbec000 JavaThread "File watcher consumer" daemon [_thread_blocked, id=9864, stack(0x00000008f2300000,0x00000008f2400000)]
  0x00000123bdbed000 JavaThread "jar transforms" [_thread_blocked, id=7904, stack(0x00000008f2400000,0x00000008f2500000)]
  0x00000123bdbe8000 JavaThread "jar transforms Thread 2" [_thread_blocked, id=4808, stack(0x00000008f2500000,0x00000008f2600000)]
  0x00000123bdbe7000 JavaThread "jar transforms Thread 3" [_thread_blocked, id=10820, stack(0x00000008f2600000,0x00000008f2700000)]
  0x00000123bdbf1000 JavaThread "jar transforms Thread 4" [_thread_blocked, id=11128, stack(0x00000008f2700000,0x00000008f2800000)]
  0x00000123bdbf0000 JavaThread "Cache worker for execution history cache (C:\Users\HP\.gradle\wrapper\dists\gradle-2.14.1-all\caches\7.0.2\executionHistory)" [_thread_blocked, id=9524, stack(0x00000008f2a00000,0x00000008f2b00000)]
  0x00000123bdbed800 JavaThread "Cache worker for file content cache (C:\Users\HP\.gradle\wrapper\dists\gradle-2.14.1-all\caches\7.0.2\fileContent)" [_thread_blocked, id=7356, stack(0x00000008f2c00000,0x00000008f2d00000)]
  0x00000123bddf0800 JavaThread "Memory manager" [_thread_blocked, id=8032, stack(0x00000008efc00000,0x00000008efd00000)]
  0x00000123bdbee800 JavaThread "Daemon Thread 3" [_thread_blocked, id=9296, stack(0x00000008efd00000,0x00000008efe00000)]
  0x00000123bdbe8800 JavaThread "Handler for socket connection from /127.0.0.1:50210 to /127.0.0.1:50311" [_thread_in_native, id=10340, stack(0x00000008efe00000,0x00000008eff00000)]
  0x00000123bdbf2800 JavaThread "Cancel handler" [_thread_blocked, id=3644, stack(0x00000008f1500000,0x00000008f1600000)]
  0x00000123bdbf1800 JavaThread "Daemon worker Thread 3" [_thread_blocked, id=10584, stack(0x00000008f1600000,0x00000008f1700000)]
  0x00000123bdbf4000 JavaThread "Asynchronous log dispatcher for DefaultDaemonConnection: socket connection from /127.0.0.1:50210 to /127.0.0.1:50311" [_thread_blocked, id=11220, stack(0x00000008f1700000,0x00000008f1800000)]
  0x00000123bddf4000 JavaThread "Stdin handler" [_thread_blocked, id=8568, stack(0x00000008f1800000,0x00000008f1900000)]
  0x00000123bddf1800 JavaThread "Daemon client event forwarder" [_thread_blocked, id=2160, stack(0x00000008f1900000,0x00000008f1a00000)]
  0x00000123bddf5800 JavaThread "Cache worker for file hash cache (C:\Users\HP\AndroidStudioProjects\QuizzerExtended\Quizzer\.gradle\7.0.2\fileHashes)" [_thread_blocked, id=10056, stack(0x00000008f1a00000,0x00000008f1b00000)]
  0x00000123bddf8000 JavaThread "Cache worker for checksums cache (C:\Users\HP\AndroidStudioProjects\QuizzerExtended\Quizzer\.gradle\checksums)" [_thread_blocked, id=8912, stack(0x00000008f1b00000,0x00000008f1c00000)]
  0x00000123bddf6000 JavaThread "Cache worker for cache directory md-supplier (C:\Users\HP\.gradle\wrapper\dists\gradle-2.14.1-all\caches\7.0.2\md-supplier)" [_thread_blocked, id=2104, stack(0x00000008f2000000,0x00000008f2100000)]
  0x00000123bddf2000 JavaThread "Cache worker for cache directory md-rule (C:\Users\HP\.gradle\wrapper\dists\gradle-2.14.1-all\caches\7.0.2\md-rule)" [_thread_blocked, id=9932, stack(0x00000008f2100000,0x00000008f2200000)]
  0x00000123bddf8800 JavaThread "Cache worker for dependencies-accessors (C:\Users\HP\AndroidStudioProjects\QuizzerExtended\Quizzer\.gradle\7.0.2\dependencies-accessors)" [_thread_blocked, id=7800, stack(0x00000008f2800000,0x00000008f2900000)]
  0x00000123bddf3000 JavaThread "Cache worker for Build Output Cleanup Cache (C:\Users\HP\AndroidStudioProjects\QuizzerExtended\Quizzer\.gradle\buildOutputCleanup)" [_thread_blocked, id=8536, stack(0x00000008f2900000,0x00000008f2a00000)]
  0x00000123bddfe800 JavaThread "Build operations" [_thread_blocked, id=9700, stack(0x00000008f2d00000,0x00000008f2e00000)]
  0x00000123bddfa800 JavaThread "Build operations Thread 2" [_thread_blocked, id=3872, stack(0x00000008f2e00000,0x00000008f2f00000)]
  0x00000123bddff000 JavaThread "Build operations Thread 3" [_thread_blocked, id=3892, stack(0x00000008f2f00000,0x00000008f3000000)]
  0x00000123bddf9800 JavaThread "Build operations Thread 4" [_thread_blocked, id=5448, stack(0x00000008f3000000,0x00000008f3100000)]
  0x00000123bddfb000 JavaThread "build event listener" [_thread_blocked, id=6304, stack(0x00000008f3200000,0x00000008f3300000)]
  0x00000123bddfc000 JavaThread "Execution worker for ':'" [_thread_blocked, id=5820, stack(0x00000008f3300000,0x00000008f3400000)]
  0x00000123bd935000 JavaThread "Execution worker for ':' Thread 2" [_thread_blocked, id=3944, stack(0x00000008f3400000,0x00000008f3500000)]
  0x00000123bd932000 JavaThread "Execution worker for ':' Thread 3" [_thread_blocked, id=10756, stack(0x00000008f3500000,0x00000008f3600000)]
  0x00000123bd932800 JavaThread "Cache worker for execution history cache (C:\Users\HP\AndroidStudioProjects\QuizzerExtended\Quizzer\.gradle\7.0.2\executionHistory)" [_thread_blocked, id=2820, stack(0x00000008f3600000,0x00000008f3700000)]
  0x00000123bd936000 JavaThread "WorkerExecutor Queue" [_thread_blocked, id=7588, stack(0x00000008f2b00000,0x00000008f2c00000)]
  0x00000123bd937000 JavaThread "C2 CompilerThread1" daemon [_thread_in_native, id=9264, stack(0x00000008f3700000,0x00000008f3800000)]

Other Threads:
  0x00000123bac12000 VMThread "VM Thread" [stack: 0x00000008f0500000,0x00000008f0600000] [id=7808]
  0x00000123bb736000 WatcherThread [stack: 0x00000008f0f00000,0x00000008f1000000] [id=2728]
  0x00000123a1c13000 GCTaskThread "GC Thread#0" [stack: 0x00000008f0000000,0x00000008f0100000] [id=7096]
  0x00000123bbf38800 GCTaskThread "GC Thread#1" [stack: 0x00000008f1100000,0x00000008f1200000] [id=2020]
  0x00000123bbc51800 GCTaskThread "GC Thread#2" [stack: 0x00000008f1200000,0x00000008f1300000] [id=1152]
  0x00000123becdd800 GCTaskThread "GC Thread#3" [stack: 0x00000008f1c00000,0x00000008f1d00000] [id=10048]
  0x00000123a1c38800 ConcurrentGCThread "G1 Main Marker" [stack: 0x00000008f0100000,0x00000008f0200000] [id=6212]
=>0x00000123a1c3a800 ConcurrentGCThread "G1 Conc#0" [stack: 0x00000008f0200000,0x00000008f0300000] [id=2324]
  0x00000123a1cc7800 ConcurrentGCThread "G1 Refine#0" [stack: 0x00000008f0300000,0x00000008f0400000] [id=3768]
  0x00000123a1cca800 ConcurrentGCThread "G1 Young RemSet Sampling" [stack: 0x00000008f0400000,0x00000008f0500000] [id=4692]

Threads with active compile tasks:
C2 CompilerThread0 574442 20640       4       com.android.tools.r8.internal.W4::l (82 bytes)
C2 CompilerThread1 574442 20395       4       com.android.tools.r8.ir.regalloc.a::a (261 bytes)

VM state:not at safepoint (normal execution)

VM Mutex/Monitor currently owned by a thread:  ([mutex/lock_event])
[0x00000123a1bf4f20] Heap_lock - owner thread: 0x00000123bd932000

Heap address: 0x00000000a0000000, size: 1536 MB, Compressed Oops mode: 32-bit
Narrow klass base: 0x0000000000000000, Narrow klass shift: 3
Compressed class space size: 1073741824 Address: 0x0000000100000000

Heap:
 garbage-first heap   total 277504K, used 232548K [0x00000000a0000000, 0x0000000100000000)
  region size 1024K, 52 young (53248K), 4 survivors (4096K)
 Metaspace       used 122800K, capacity 126579K, committed 126720K, reserved 1159168K
  class space    used 15538K, capacity 16881K, committed 16896K, reserved 1048576K
Heap Regions: E=young(eden), S=young(survivor), O=old, HS=humongous(starts), HC=humongous(continues), CS=collection set, F=free, A=archive, TAMS=top-at-mark-start (previous, next)
|   0|0x00000000a0000000, 0x00000000a0100000, 0x00000000a0100000|100%|HS|  |TAMS 0x00000000a0100000, 0x00000000a0100000| Complete 
|   1|0x00000000a0100000, 0x00000000a0200000, 0x00000000a0200000|100%|HC|  |TAMS 0x00000000a0200000, 0x00000000a0200000| Complete 
|   2|0x00000000a0200000, 0x00000000a0300000, 0x00000000a0300000|100%|HC|  |TAMS 0x00000000a0300000, 0x00000000a0300000| Complete 
|   3|0x00000000a0300000, 0x00000000a0400000, 0x00000000a0400000|100%| O|  |TAMS 0x00000000a0400000, 0x00000000a0400000| Untracked 
|   4|0x00000000a0400000, 0x00000000a0500000, 0x00000000a0500000|100%| O|  |TAMS 0x00000000a0500000, 0x00000000a0500000| Untracked 
|   5|0x00000000a0500000, 0x00000000a0600000, 0x00000000a0600000|100%| O|  |TAMS 0x00000000a0600000, 0x00000000a0600000| Untracked 
|   6|0x00000000a0600000, 0x00000000a0700000, 0x00000000a0700000|100%| O|  |TAMS 0x00000000a0700000, 0x00000000a0700000| Untracked 
|   7|0x00000000a0700000, 0x00000000a0800000, 0x00000000a0800000|100%| O|  |TAMS 0x00000000a0800000, 0x00000000a0800000| Untracked 
|   8|0x00000000a0800000, 0x00000000a0900000, 0x00000000a0900000|100%| O|  |TAMS 0x00000000a0900000, 0x00000000a0900000| Untracked 
|   9|0x00000000a0900000, 0x00000000a0a00000, 0x00000000a0a00000|100%| O|  |TAMS 0x00000000a0a00000, 0x00000000a0a00000| Untracked 
|  10|0x00000000a0a00000, 0x00000000a0b00000, 0x00000000a0b00000|100%| O|  |TAMS 0x00000000a0b00000, 0x00000000a0b00000| Untracked 
|  11|0x00000000a0b00000, 0x00000000a0c00000, 0x00000000a0c00000|100%| O|  |TAMS 0x00000000a0c00000, 0x00000000a0c00000| Untracked 
|  12|0x00000000a0c00000, 0x00000000a0d00000, 0x00000000a0d00000|100%| O|  |TAMS 0x00000000a0d00000, 0x00000000a0d00000| Untracked 
|  13|0x00000000a0d00000, 0x00000000a0e00000, 0x00000000a0e00000|100%| O|  |TAMS 0x00000000a0e00000, 0x00000000a0e00000| Untracked 
|  14|0x00000000a0e00000, 0x00000000a0f00000, 0x00000000a0f00000|100%| O|  |TAMS 0x00000000a0f00000, 0x00000000a0f00000| Untracked 
|  15|0x00000000a0f00000, 0x00000000a1000000, 0x00000000a1000000|100%| O|  |TAMS 0x00000000a1000000, 0x00000000a1000000| Untracked 
|  16|0x00000000a1000000, 0x00000000a1100000, 0x00000000a1100000|100%|HS|  |TAMS 0x00000000a1100000, 0x00000000a1100000| Complete 
|  17|0x00000000a1100000, 0x00000000a1200000, 0x00000000a1200000|100%|HC|  |TAMS 0x00000000a1200000, 0x00000000a1200000| Complete 
|  18|0x00000000a1200000, 0x00000000a1300000, 0x00000000a1300000|100%|HS|  |TAMS 0x00000000a1300000, 0x00000000a1300000| Complete 
|  19|0x00000000a1300000, 0x00000000a1400000, 0x00000000a1400000|100%|HC|  |TAMS 0x00000000a1400000, 0x00000000a1400000| Complete 
|  20|0x00000000a1400000, 0x00000000a1500000, 0x00000000a1500000|100%|HC|  |TAMS 0x00000000a1500000, 0x00000000a1500000| Complete 
|  21|0x00000000a1500000, 0x00000000a1600000, 0x00000000a1600000|100%|HS|  |TAMS 0x00000000a1600000, 0x00000000a1600000| Complete 
|  22|0x00000000a1600000, 0x00000000a1700000, 0x00000000a1700000|100%|HC|  |TAMS 0x00000000a1700000, 0x00000000a1700000| Complete 
|  23|0x00000000a1700000, 0x00000000a1800000, 0x00000000a1800000|100%|HC|  |TAMS 0x00000000a1800000, 0x00000000a1800000| Complete 
|  24|0x00000000a1800000, 0x00000000a1900000, 0x00000000a1900000|100%|HC|  |TAMS 0x00000000a1900000, 0x00000000a1900000| Complete 
|  25|0x00000000a1900000, 0x00000000a1a00000, 0x00000000a1a00000|100%|HC|  |TAMS 0x00000000a1a00000, 0x00000000a1a00000| Complete 
|  26|0x00000000a1a00000, 0x00000000a1b00000, 0x00000000a1b00000|100%| O|  |TAMS 0x00000000a1b00000, 0x00000000a1b00000| Untracked 
|  27|0x00000000a1b00000, 0x00000000a1c00000, 0x00000000a1c00000|100%| O|  |TAMS 0x00000000a1c00000, 0x00000000a1c00000| Untracked 
|  28|0x00000000a1c00000, 0x00000000a1d00000, 0x00000000a1d00000|100%| O|  |TAMS 0x00000000a1d00000, 0x00000000a1d00000| Untracked 
|  29|0x00000000a1d00000, 0x00000000a1e00000, 0x00000000a1e00000|100%| O|  |TAMS 0x00000000a1e00000, 0x00000000a1e00000| Untracked 
|  30|0x00000000a1e00000, 0x00000000a1f00000, 0x00000000a1f00000|100%| O|  |TAMS 0x00000000a1f00000, 0x00000000a1f00000| Untracked 
|  31|0x00000000a1f00000, 0x00000000a2000000, 0x00000000a2000000|100%| O|  |TAMS 0x00000000a2000000, 0x00000000a2000000| Untracked 
|  32|0x00000000a2000000, 0x00000000a2100000, 0x00000000a2100000|100%| O|  |TAMS 0x00000000a2100000, 0x00000000a2100000| Untracked 
|  33|0x00000000a2100000, 0x00000000a2200000, 0x00000000a2200000|100%| O|  |TAMS 0x00000000a2200000, 0x00000000a2200000| Untracked 
|  34|0x00000000a2200000, 0x00000000a2300000, 0x00000000a2300000|100%| O|  |TAMS 0x00000000a2300000, 0x00000000a2300000| Untracked 
|  35|0x00000000a2300000, 0x00000000a2400000, 0x00000000a2400000|100%| O|  |TAMS 0x00000000a2400000, 0x00000000a2400000| Untracked 
|  36|0x00000000a2400000, 0x00000000a2500000, 0x00000000a2500000|100%| O|  |TAMS 0x00000000a2500000, 0x00000000a2500000| Untracked 
|  37|0x00000000a2500000, 0x00000000a2600000, 0x00000000a2600000|100%| O|  |TAMS 0x00000000a2600000, 0x00000000a2600000| Untracked 
|  38|0x00000000a2600000, 0x00000000a2700000, 0x00000000a2700000|100%| O|  |TAMS 0x00000000a2700000, 0x00000000a2700000| Untracked 
|  39|0x00000000a2700000, 0x00000000a2800000, 0x00000000a2800000|100%| O|  |TAMS 0x00000000a2800000, 0x00000000a2800000| Untracked 
|  40|0x00000000a2800000, 0x00000000a2900000, 0x00000000a2900000|100%| O|  |TAMS 0x00000000a2900000, 0x00000000a2900000| Untracked 
|  41|0x00000000a2900000, 0x00000000a2a00000, 0x00000000a2a00000|100%| O|  |TAMS 0x00000000a2a00000, 0x00000000a2a00000| Untracked 
|  42|0x00000000a2a00000, 0x00000000a2b00000, 0x00000000a2b00000|100%| O|  |TAMS 0x00000000a2b00000, 0x00000000a2b00000| Untracked 
|  43|0x00000000a2b00000, 0x00000000a2c00000, 0x00000000a2c00000|100%|HS|  |TAMS 0x00000000a2c00000, 0x00000000a2c00000| Complete 
|  44|0x00000000a2c00000, 0x00000000a2d00000, 0x00000000a2d00000|100%|HC|  |TAMS 0x00000000a2d00000, 0x00000000a2d00000| Complete 
|  45|0x00000000a2d00000, 0x00000000a2e00000, 0x00000000a2e00000|100%|HC|  |TAMS 0x00000000a2e00000, 0x00000000a2e00000| Complete 
|  46|0x00000000a2e00000, 0x00000000a2f00000, 0x00000000a2f00000|100%|HC|  |TAMS 0x00000000a2f00000, 0x00000000a2f00000| Complete 
|  47|0x00000000a2f00000, 0x00000000a3000000, 0x00000000a3000000|100%|HC|  |TAMS 0x00000000a3000000, 0x00000000a3000000| Complete 
|  48|0x00000000a3000000, 0x00000000a3100000, 0x00000000a3100000|100%| O|  |TAMS 0x00000000a3100000, 0x00000000a3100000| Untracked 
|  49|0x00000000a3100000, 0x00000000a3200000, 0x00000000a3200000|100%| O|  |TAMS 0x00000000a3200000, 0x00000000a3200000| Untracked 
|  50|0x00000000a3200000, 0x00000000a3300000, 0x00000000a3300000|100%| O|  |TAMS 0x00000000a3300000, 0x00000000a3300000| Untracked 
|  51|0x00000000a3300000, 0x00000000a3400000, 0x00000000a3400000|100%| O|  |TAMS 0x00000000a3400000, 0x00000000a3400000| Untracked 
|  52|0x00000000a3400000, 0x00000000a3500000, 0x00000000a3500000|100%| O|  |TAMS 0x00000000a3500000, 0x00000000a3500000| Untracked 
|  53|0x00000000a3500000, 0x00000000a3600000, 0x00000000a3600000|100%| O|  |TAMS 0x00000000a3600000, 0x00000000a3600000| Untracked 
|  54|0x00000000a3600000, 0x00000000a3700000, 0x00000000a3700000|100%| O|  |TAMS 0x00000000a3700000, 0x00000000a3700000| Untracked 
|  55|0x00000000a3700000, 0x00000000a3800000, 0x00000000a3800000|100%|HS|  |TAMS 0x00000000a3800000, 0x00000000a3800000| Complete 
|  56|0x00000000a3800000, 0x00000000a3900000, 0x00000000a3900000|100%|HC|  |TAMS 0x00000000a3900000, 0x00000000a3900000| Complete 
|  57|0x00000000a3900000, 0x00000000a3a00000, 0x00000000a3a00000|100%|HC|  |TAMS 0x00000000a3a00000, 0x00000000a3a00000| Complete 
|  58|0x00000000a3a00000, 0x00000000a3b00000, 0x00000000a3b00000|100%| O|  |TAMS 0x00000000a3b00000, 0x00000000a3b00000| Untracked 
|  59|0x00000000a3b00000, 0x00000000a3c00000, 0x00000000a3c00000|100%| O|  |TAMS 0x00000000a3c00000, 0x00000000a3c00000| Untracked 
|  60|0x00000000a3c00000, 0x00000000a3d00000, 0x00000000a3d00000|100%| O|  |TAMS 0x00000000a3d00000, 0x00000000a3d00000| Untracked 
|  61|0x00000000a3d00000, 0x00000000a3e00000, 0x00000000a3e00000|100%|HS|  |TAMS 0x00000000a3e00000, 0x00000000a3e00000| Complete 
|  62|0x00000000a3e00000, 0x00000000a3f00000, 0x00000000a3f00000|100%|HS|  |TAMS 0x00000000a3f00000, 0x00000000a3f00000| Complete 
|  63|0x00000000a3f00000, 0x00000000a4000000, 0x00000000a4000000|100%|HS|  |TAMS 0x00000000a4000000, 0x00000000a4000000| Complete 
|  64|0x00000000a4000000, 0x00000000a4100000, 0x00000000a4100000|100%|HC|  |TAMS 0x00000000a4100000, 0x00000000a4100000| Complete 
|  65|0x00000000a4100000, 0x00000000a4200000, 0x00000000a4200000|100%| O|  |TAMS 0x00000000a4200000, 0x00000000a4200000| Untracked 
|  66|0x00000000a4200000, 0x00000000a4241800, 0x00000000a4300000| 25%| O|  |TAMS 0x00000000a4200000, 0x00000000a4241800| Untracked 
|  67|0x00000000a4300000, 0x00000000a4400000, 0x00000000a4400000|100%| O|  |TAMS 0x00000000a4400000, 0x00000000a4400000| Untracked 
|  68|0x00000000a4400000, 0x00000000a4500000, 0x00000000a4500000|100%| O|  |TAMS 0x00000000a4500000, 0x00000000a4500000| Untracked 
|  69|0x00000000a4500000, 0x00000000a4600000, 0x00000000a4600000|100%| O|  |TAMS 0x00000000a4600000, 0x00000000a4600000| Untracked 
|  70|0x00000000a4600000, 0x00000000a4700000, 0x00000000a4700000|100%| O|  |TAMS 0x00000000a4700000, 0x00000000a4700000| Untracked 
|  71|0x00000000a4700000, 0x00000000a4800000, 0x00000000a4800000|100%| O|  |TAMS 0x00000000a4800000, 0x00000000a4800000| Untracked 
|  72|0x00000000a4800000, 0x00000000a4900000, 0x00000000a4900000|100%| O|  |TAMS 0x00000000a4900000, 0x00000000a4900000| Untracked 
|  73|0x00000000a4900000, 0x00000000a4a00000, 0x00000000a4a00000|100%| O|  |TAMS 0x00000000a4a00000, 0x00000000a4a00000| Untracked 
|  74|0x00000000a4a00000, 0x00000000a4b00000, 0x00000000a4b00000|100%| O|  |TAMS 0x00000000a4b00000, 0x00000000a4b00000| Untracked 
|  75|0x00000000a4b00000, 0x00000000a4c00000, 0x00000000a4c00000|100%| O|  |TAMS 0x00000000a4c00000, 0x00000000a4c00000| Untracked 
|  76|0x00000000a4c00000, 0x00000000a4d00000, 0x00000000a4d00000|100%| O|  |TAMS 0x00000000a4d00000, 0x00000000a4d00000| Untracked 
|  77|0x00000000a4d00000, 0x00000000a4e00000, 0x00000000a4e00000|100%| O|  |TAMS 0x00000000a4e00000, 0x00000000a4e00000| Untracked 
|  78|0x00000000a4e00000, 0x00000000a4f00000, 0x00000000a4f00000|100%| O|  |TAMS 0x00000000a4f00000, 0x00000000a4f00000| Untracked 
|  79|0x00000000a4f00000, 0x00000000a5000000, 0x00000000a5000000|100%| O|  |TAMS 0x00000000a5000000, 0x00000000a5000000| Untracked 
|  80|0x00000000a5000000, 0x00000000a5100000, 0x00000000a5100000|100%| O|  |TAMS 0x00000000a5100000, 0x00000000a5100000| Untracked 
|  81|0x00000000a5100000, 0x00000000a5200000, 0x00000000a5200000|100%| O|  |TAMS 0x00000000a5200000, 0x00000000a5200000| Untracked 
|  82|0x00000000a5200000, 0x00000000a5300000, 0x00000000a5300000|100%| O|  |TAMS 0x00000000a5300000, 0x00000000a5300000| Untracked 
|  83|0x00000000a5300000, 0x00000000a5400000, 0x00000000a5400000|100%| O|  |TAMS 0x00000000a5400000, 0x00000000a5400000| Untracked 
|  84|0x00000000a5400000, 0x00000000a5500000, 0x00000000a5500000|100%| O|  |TAMS 0x00000000a5500000, 0x00000000a5500000| Untracked 
|  85|0x00000000a5500000, 0x00000000a5600000, 0x00000000a5600000|100%| O|  |TAMS 0x00000000a5600000, 0x00000000a5600000| Untracked 
|  86|0x00000000a5600000, 0x00000000a5700000, 0x00000000a5700000|100%| O|  |TAMS 0x00000000a5700000, 0x00000000a5700000| Untracked 
|  87|0x00000000a5700000, 0x00000000a5800000, 0x00000000a5800000|100%| O|  |TAMS 0x00000000a5800000, 0x00000000a5800000| Untracked 
|  88|0x00000000a5800000, 0x00000000a5900000, 0x00000000a5900000|100%| O|  |TAMS 0x00000000a5900000, 0x00000000a5900000| Untracked 
|  89|0x00000000a5900000, 0x00000000a5a00000, 0x00000000a5a00000|100%| O|  |TAMS 0x00000000a5a00000, 0x00000000a5a00000| Untracked 
|  90|0x00000000a5a00000, 0x00000000a5b00000, 0x00000000a5b00000|100%| O|  |TAMS 0x00000000a5b00000, 0x00000000a5b00000| Untracked 
|  91|0x00000000a5b00000, 0x00000000a5c00000, 0x00000000a5c00000|100%| O|  |TAMS 0x00000000a5c00000, 0x00000000a5c00000| Untracked 
|  92|0x00000000a5c00000, 0x00000000a5d00000, 0x00000000a5d00000|100%| O|  |TAMS 0x00000000a5d00000, 0x00000000a5d00000| Untracked 
|  93|0x00000000a5d00000, 0x00000000a5e00000, 0x00000000a5e00000|100%| O|  |TAMS 0x00000000a5e00000, 0x00000000a5e00000| Untracked 
|  94|0x00000000a5e00000, 0x00000000a5f00000, 0x00000000a5f00000|100%| O|  |TAMS 0x00000000a5f00000, 0x00000000a5f00000| Untracked 
|  95|0x00000000a5f00000, 0x00000000a6000000, 0x00000000a6000000|100%| O|  |TAMS 0x00000000a6000000, 0x00000000a6000000| Untracked 
|  96|0x00000000a6000000, 0x00000000a6000000, 0x00000000a6100000|  0%| F|  |TAMS 0x00000000a6000000, 0x00000000a6000000| Untracked 
|  97|0x00000000a6100000, 0x00000000a6200000, 0x00000000a6200000|100%| O|  |TAMS 0x00000000a6200000, 0x00000000a6200000| Untracked 
|  98|0x00000000a6200000, 0x00000000a6300000, 0x00000000a6300000|100%| O|  |TAMS 0x00000000a6300000, 0x00000000a6300000| Untracked 
|  99|0x00000000a6300000, 0x00000000a6400000, 0x00000000a6400000|100%| O|  |TAMS 0x00000000a6400000, 0x00000000a6400000| Untracked 
| 100|0x00000000a6400000, 0x00000000a6500000, 0x00000000a6500000|100%| O|  |TAMS 0x00000000a6500000, 0x00000000a6500000| Untracked 
| 101|0x00000000a6500000, 0x00000000a6600000, 0x00000000a6600000|100%| O|  |TAMS 0x00000000a6600000, 0x00000000a6600000| Untracked 
| 102|0x00000000a6600000, 0x00000000a6600000, 0x00000000a6700000|  0%| F|  |TAMS 0x00000000a6600000, 0x00000000a6600000| Untracked 
| 103|0x00000000a6700000, 0x00000000a6700000, 0x00000000a6800000|  0%| F|  |TAMS 0x00000000a6700000, 0x00000000a6700000| Untracked 
| 104|0x00000000a6800000, 0x00000000a6900000, 0x00000000a6900000|100%| O|  |TAMS 0x00000000a6900000, 0x00000000a6900000| Untracked 
| 105|0x00000000a6900000, 0x00000000a6a00000, 0x00000000a6a00000|100%| O|  |TAMS 0x00000000a6a00000, 0x00000000a6a00000| Untracked 
| 106|0x00000000a6a00000, 0x00000000a6b00000, 0x00000000a6b00000|100%| O|  |TAMS 0x00000000a6b00000, 0x00000000a6b00000| Untracked 
| 107|0x00000000a6b00000, 0x00000000a6c00000, 0x00000000a6c00000|100%| O|  |TAMS 0x00000000a6c00000, 0x00000000a6c00000| Untracked 
| 108|0x00000000a6c00000, 0x00000000a6d00000, 0x00000000a6d00000|100%| O|  |TAMS 0x00000000a6d00000, 0x00000000a6d00000| Untracked 
| 109|0x00000000a6d00000, 0x00000000a6e00000, 0x00000000a6e00000|100%| O|  |TAMS 0x00000000a6e00000, 0x00000000a6e00000| Untracked 
| 110|0x00000000a6e00000, 0x00000000a6f00000, 0x00000000a6f00000|100%| O|  |TAMS 0x00000000a6f00000, 0x00000000a6f00000| Untracked 
| 111|0x00000000a6f00000, 0x00000000a7000000, 0x00000000a7000000|100%| O|  |TAMS 0x00000000a7000000, 0x00000000a7000000| Untracked 
| 112|0x00000000a7000000, 0x00000000a7100000, 0x00000000a7100000|100%| O|  |TAMS 0x00000000a7100000, 0x00000000a7100000| Untracked 
| 113|0x00000000a7100000, 0x00000000a7200000, 0x00000000a7200000|100%| O|  |TAMS 0x00000000a7200000, 0x00000000a7200000| Untracked 
| 114|0x00000000a7200000, 0x00000000a7300000, 0x00000000a7300000|100%| O|  |TAMS 0x00000000a7300000, 0x00000000a7300000| Untracked 
| 115|0x00000000a7300000, 0x00000000a7400000, 0x00000000a7400000|100%| O|  |TAMS 0x00000000a7400000, 0x00000000a7400000| Untracked 
| 116|0x00000000a7400000, 0x00000000a7500000, 0x00000000a7500000|100%| O|  |TAMS 0x00000000a7500000, 0x00000000a7500000| Untracked 
| 117|0x00000000a7500000, 0x00000000a7600000, 0x00000000a7600000|100%| O|  |TAMS 0x00000000a7600000, 0x00000000a7600000| Untracked 
| 118|0x00000000a7600000, 0x00000000a7700000, 0x00000000a7700000|100%| O|  |TAMS 0x00000000a7700000, 0x00000000a7700000| Untracked 
| 119|0x00000000a7700000, 0x00000000a7800000, 0x00000000a7800000|100%| O|  |TAMS 0x00000000a7800000, 0x00000000a7800000| Untracked 
| 120|0x00000000a7800000, 0x00000000a7900000, 0x00000000a7900000|100%| O|  |TAMS 0x00000000a7900000, 0x00000000a7900000| Untracked 
| 121|0x00000000a7900000, 0x00000000a7a00000, 0x00000000a7a00000|100%| O|  |TAMS 0x00000000a7a00000, 0x00000000a7a00000| Untracked 
| 122|0x00000000a7a00000, 0x00000000a7b00000, 0x00000000a7b00000|100%| O|  |TAMS 0x00000000a7b00000, 0x00000000a7b00000| Untracked 
| 123|0x00000000a7b00000, 0x00000000a7c00000, 0x00000000a7c00000|100%| O|  |TAMS 0x00000000a7c00000, 0x00000000a7c00000| Untracked 
| 124|0x00000000a7c00000, 0x00000000a7d00000, 0x00000000a7d00000|100%| O|  |TAMS 0x00000000a7d00000, 0x00000000a7d00000| Untracked 
| 125|0x00000000a7d00000, 0x00000000a7e00000, 0x00000000a7e00000|100%| O|  |TAMS 0x00000000a7e00000, 0x00000000a7e00000| Untracked 
| 126|0x00000000a7e00000, 0x00000000a7e00000, 0x00000000a7f00000|  0%| F|  |TAMS 0x00000000a7e00000, 0x00000000a7e00000| Untracked 
| 127|0x00000000a7f00000, 0x00000000a8000000, 0x00000000a8000000|100%| O|  |TAMS 0x00000000a8000000, 0x00000000a8000000| Untracked 
| 128|0x00000000a8000000, 0x00000000a8100000, 0x00000000a8100000|100%| O|  |TAMS 0x00000000a8100000, 0x00000000a8100000| Untracked 
| 129|0x00000000a8100000, 0x00000000a8200000, 0x00000000a8200000|100%| O|  |TAMS 0x00000000a8200000, 0x00000000a8200000| Untracked 
| 130|0x00000000a8200000, 0x00000000a8300000, 0x00000000a8300000|100%| O|  |TAMS 0x00000000a8300000, 0x00000000a8300000| Untracked 
| 131|0x00000000a8300000, 0x00000000a8400000, 0x00000000a8400000|100%| O|  |TAMS 0x00000000a8400000, 0x00000000a8400000| Untracked 
| 132|0x00000000a8400000, 0x00000000a8500000, 0x00000000a8500000|100%| O|  |TAMS 0x00000000a8500000, 0x00000000a8500000| Untracked 
| 133|0x00000000a8500000, 0x00000000a8600000, 0x00000000a8600000|100%| O|  |TAMS 0x00000000a8600000, 0x00000000a8600000| Untracked 
| 134|0x00000000a8600000, 0x00000000a8700000, 0x00000000a8700000|100%| O|  |TAMS 0x00000000a8700000, 0x00000000a8700000| Untracked 
| 135|0x00000000a8700000, 0x00000000a8800000, 0x00000000a8800000|100%| O|  |TAMS 0x00000000a8800000, 0x00000000a8800000| Untracked 
| 136|0x00000000a8800000, 0x00000000a8900000, 0x00000000a8900000|100%| O|  |TAMS 0x00000000a8900000, 0x00000000a8900000| Untracked 
| 137|0x00000000a8900000, 0x00000000a8a00000, 0x00000000a8a00000|100%| O|  |TAMS 0x00000000a8a00000, 0x00000000a8a00000| Untracked 
| 138|0x00000000a8a00000, 0x00000000a8b00000, 0x00000000a8b00000|100%| O|  |TAMS 0x00000000a8b00000, 0x00000000a8b00000| Untracked 
| 139|0x00000000a8b00000, 0x00000000a8c00000, 0x00000000a8c00000|100%| O|  |TAMS 0x00000000a8c00000, 0x00000000a8c00000| Untracked 
| 140|0x00000000a8c00000, 0x00000000a8d00000, 0x00000000a8d00000|100%| O|  |TAMS 0x00000000a8d00000, 0x00000000a8d00000| Untracked 
| 141|0x00000000a8d00000, 0x00000000a8e00000, 0x00000000a8e00000|100%| O|  |TAMS 0x00000000a8e00000, 0x00000000a8e00000| Untracked 
| 142|0x00000000a8e00000, 0x00000000a8f00000, 0x00000000a8f00000|100%| O|  |TAMS 0x00000000a8f00000, 0x00000000a8f00000| Untracked 
| 143|0x00000000a8f00000, 0x00000000a9000000, 0x00000000a9000000|100%| O|  |TAMS 0x00000000a9000000, 0x00000000a9000000| Untracked 
| 144|0x00000000a9000000, 0x00000000a9100000, 0x00000000a9100000|100%| O|  |TAMS 0x00000000a9100000, 0x00000000a9100000| Untracked 
| 145|0x00000000a9100000, 0x00000000a9200000, 0x00000000a9200000|100%| O|  |TAMS 0x00000000a9200000, 0x00000000a9200000| Untracked 
| 146|0x00000000a9200000, 0x00000000a9300000, 0x00000000a9300000|100%| O|  |TAMS 0x00000000a9300000, 0x00000000a9300000| Untracked 
| 147|0x00000000a9300000, 0x00000000a9400000, 0x00000000a9400000|100%| O|  |TAMS 0x00000000a9400000, 0x00000000a9400000| Untracked 
| 148|0x00000000a9400000, 0x00000000a9500000, 0x00000000a9500000|100%| O|  |TAMS 0x00000000a9500000, 0x00000000a9500000| Untracked 
| 149|0x00000000a9500000, 0x00000000a9600000, 0x00000000a9600000|100%| O|  |TAMS 0x00000000a9600000, 0x00000000a9600000| Untracked 
| 150|0x00000000a9600000, 0x00000000a9700000, 0x00000000a9700000|100%| O|  |TAMS 0x00000000a9700000, 0x00000000a9700000| Untracked 
| 151|0x00000000a9700000, 0x00000000a9800000, 0x00000000a9800000|100%| O|  |TAMS 0x00000000a9800000, 0x00000000a9800000| Untracked 
| 152|0x00000000a9800000, 0x00000000a9900000, 0x00000000a9900000|100%| O|  |TAMS 0x00000000a9900000, 0x00000000a9900000| Untracked 
| 153|0x00000000a9900000, 0x00000000a9a00000, 0x00000000a9a00000|100%| O|  |TAMS 0x00000000a9a00000, 0x00000000a9a00000| Untracked 
| 154|0x00000000a9a00000, 0x00000000a9b00000, 0x00000000a9b00000|100%| O|  |TAMS 0x00000000a9b00000, 0x00000000a9b00000| Untracked 
| 155|0x00000000a9b00000, 0x00000000a9c00000, 0x00000000a9c00000|100%| O|  |TAMS 0x00000000a9c00000, 0x00000000a9c00000| Untracked 
| 156|0x00000000a9c00000, 0x00000000a9d00000, 0x00000000a9d00000|100%|HS|  |TAMS 0x00000000a9d00000, 0x00000000a9d00000| Complete 
| 157|0x00000000a9d00000, 0x00000000a9e00000, 0x00000000a9e00000|100%| O|  |TAMS 0x00000000a9e00000, 0x00000000a9e00000| Untracked 
| 158|0x00000000a9e00000, 0x00000000a9f00000, 0x00000000a9f00000|100%| O|  |TAMS 0x00000000a9f00000, 0x00000000a9f00000| Untracked 
| 159|0x00000000a9f00000, 0x00000000aa000000, 0x00000000aa000000|100%| O|  |TAMS 0x00000000aa000000, 0x00000000aa000000| Untracked 
| 160|0x00000000aa000000, 0x00000000aa100000, 0x00000000aa100000|100%| O|  |TAMS 0x00000000aa100000, 0x00000000aa100000| Untracked 
| 161|0x00000000aa100000, 0x00000000aa200000, 0x00000000aa200000|100%| O|  |TAMS 0x00000000aa200000, 0x00000000aa200000| Untracked 
| 162|0x00000000aa200000, 0x00000000aa300000, 0x00000000aa300000|100%| O|  |TAMS 0x00000000aa300000, 0x00000000aa300000| Untracked 
| 163|0x00000000aa300000, 0x00000000aa400000, 0x00000000aa400000|100%| O|  |TAMS 0x00000000aa400000, 0x00000000aa400000| Untracked 
| 164|0x00000000aa400000, 0x00000000aa500000, 0x00000000aa500000|100%| O|  |TAMS 0x00000000aa500000, 0x00000000aa500000| Untracked 
| 165|0x00000000aa500000, 0x00000000aa600000, 0x00000000aa600000|100%| O|  |TAMS 0x00000000aa600000, 0x00000000aa600000| Untracked 
| 166|0x00000000aa600000, 0x00000000aa700000, 0x00000000aa700000|100%| O|  |TAMS 0x00000000aa700000, 0x00000000aa700000| Untracked 
| 167|0x00000000aa700000, 0x00000000aa800000, 0x00000000aa800000|100%| O|  |TAMS 0x00000000aa800000, 0x00000000aa800000| Untracked 
| 168|0x00000000aa800000, 0x00000000aa900000, 0x00000000aa900000|100%| O|  |TAMS 0x00000000aa900000, 0x00000000aa900000| Untracked 
| 169|0x00000000aa900000, 0x00000000aaa00000, 0x00000000aaa00000|100%| O|  |TAMS 0x00000000aaa00000, 0x00000000aaa00000| Untracked 
| 170|0x00000000aaa00000, 0x00000000aab00000, 0x00000000aab00000|100%| O|  |TAMS 0x00000000aab00000, 0x00000000aab00000| Untracked 
| 171|0x00000000aab00000, 0x00000000aac00000, 0x00000000aac00000|100%| O|  |TAMS 0x00000000aac00000, 0x00000000aac00000| Untracked 
| 172|0x00000000aac00000, 0x00000000aad00000, 0x00000000aad00000|100%| O|  |TAMS 0x00000000aad00000, 0x00000000aad00000| Untracked 
| 173|0x00000000aad00000, 0x00000000aae00000, 0x00000000aae00000|100%| O|  |TAMS 0x00000000aae00000, 0x00000000aae00000| Untracked 
| 174|0x00000000aae00000, 0x00000000aaf00000, 0x00000000aaf00000|100%| O|  |TAMS 0x00000000aaf00000, 0x00000000aaf00000| Untracked 
| 175|0x00000000aaf00000, 0x00000000ab000000, 0x00000000ab000000|100%| O|  |TAMS 0x00000000ab000000, 0x00000000ab000000| Untracked 
| 176|0x00000000ab000000, 0x00000000ab100000, 0x00000000ab100000|100%| O|  |TAMS 0x00000000ab100000, 0x00000000ab100000| Untracked 
| 177|0x00000000ab100000, 0x00000000ab200000, 0x00000000ab200000|100%| O|  |TAMS 0x00000000ab200000, 0x00000000ab200000| Untracked 
| 178|0x00000000ab200000, 0x00000000ab300000, 0x00000000ab300000|100%| O|  |TAMS 0x00000000ab300000, 0x00000000ab300000| Untracked 
| 179|0x00000000ab300000, 0x00000000ab400000, 0x00000000ab400000|100%| O|  |TAMS 0x00000000ab400000, 0x00000000ab400000| Untracked 
| 180|0x00000000ab400000, 0x00000000ab400000, 0x00000000ab500000|  0%| F|  |TAMS 0x00000000ab400000, 0x00000000ab400000| Untracked 
| 181|0x00000000ab500000, 0x00000000ab500000, 0x00000000ab600000|  0%| F|  |TAMS 0x00000000ab500000, 0x00000000ab500000| Untracked 
| 182|0x00000000ab600000, 0x00000000ab600000, 0x00000000ab700000|  0%| F|  |TAMS 0x00000000ab600000, 0x00000000ab600000| Untracked 
| 183|0x00000000ab700000, 0x00000000ab700000, 0x00000000ab800000|  0%| F|  |TAMS 0x00000000ab700000, 0x00000000ab700000| Untracked 
| 184|0x00000000ab800000, 0x00000000ab800000, 0x00000000ab900000|  0%| F|  |TAMS 0x00000000ab800000, 0x00000000ab800000| Untracked 
| 185|0x00000000ab900000, 0x00000000ab900000, 0x00000000aba00000|  0%| F|  |TAMS 0x00000000ab900000, 0x00000000ab900000| Untracked 
| 186|0x00000000aba00000, 0x00000000aba00000, 0x00000000abb00000|  0%| F|  |TAMS 0x00000000aba00000, 0x00000000aba00000| Untracked 
| 187|0x00000000abb00000, 0x00000000abb00000, 0x00000000abc00000|  0%| F|  |TAMS 0x00000000abb00000, 0x00000000abb00000| Untracked 
| 188|0x00000000abc00000, 0x00000000abc00000, 0x00000000abd00000|  0%| F|  |TAMS 0x00000000abc00000, 0x00000000abc00000| Untracked 
| 189|0x00000000abd00000, 0x00000000abd00000, 0x00000000abe00000|  0%| F|  |TAMS 0x00000000abd00000, 0x00000000abd00000| Untracked 
| 190|0x00000000abe00000, 0x00000000abe00000, 0x00000000abf00000|  0%| F|  |TAMS 0x00000000abe00000, 0x00000000abe00000| Untracked 
| 191|0x00000000abf00000, 0x00000000abf00000, 0x00000000ac000000|  0%| F|  |TAMS 0x00000000abf00000, 0x00000000abf00000| Untracked 
| 192|0x00000000ac000000, 0x00000000ac000000, 0x00000000ac100000|  0%| F|  |TAMS 0x00000000ac000000, 0x00000000ac000000| Untracked 
| 193|0x00000000ac100000, 0x00000000ac100000, 0x00000000ac200000|  0%| F|  |TAMS 0x00000000ac100000, 0x00000000ac100000| Untracked 
| 194|0x00000000ac200000, 0x00000000ac200000, 0x00000000ac300000|  0%| F|  |TAMS 0x00000000ac200000, 0x00000000ac200000| Untracked 
| 195|0x00000000ac300000, 0x00000000ac300000, 0x00000000ac400000|  0%| F|  |TAMS 0x00000000ac300000, 0x00000000ac300000| Untracked 
| 196|0x00000000ac400000, 0x00000000ac400000, 0x00000000ac500000|  0%| F|  |TAMS 0x00000000ac400000, 0x00000000ac400000| Untracked 
| 197|0x00000000ac500000, 0x00000000ac500000, 0x00000000ac600000|  0%| F|  |TAMS 0x00000000ac500000, 0x00000000ac500000| Untracked 
| 198|0x00000000ac600000, 0x00000000ac600000, 0x00000000ac700000|  0%| F|  |TAMS 0x00000000ac600000, 0x00000000ac600000| Untracked 
| 199|0x00000000ac700000, 0x00000000ac700000, 0x00000000ac800000|  0%| F|  |TAMS 0x00000000ac700000, 0x00000000ac700000| Untracked 
| 200|0x00000000ac800000, 0x00000000ac800000, 0x00000000ac900000|  0%| F|  |TAMS 0x00000000ac800000, 0x00000000ac800000| Untracked 
| 201|0x00000000ac900000, 0x00000000ac900000, 0x00000000aca00000|  0%| F|  |TAMS 0x00000000ac900000, 0x00000000ac900000| Untracked 
| 202|0x00000000aca00000, 0x00000000aca00000, 0x00000000acb00000|  0%| F|  |TAMS 0x00000000aca00000, 0x00000000aca00000| Untracked 
| 203|0x00000000acb00000, 0x00000000acb00000, 0x00000000acc00000|  0%| F|  |TAMS 0x00000000acb00000, 0x00000000acb00000| Untracked 
| 204|0x00000000acc00000, 0x00000000acc00000, 0x00000000acd00000|  0%| F|  |TAMS 0x00000000acc00000, 0x00000000acc00000| Untracked 
| 205|0x00000000acd00000, 0x00000000acd00000, 0x00000000ace00000|  0%| F|  |TAMS 0x00000000acd00000, 0x00000000acd00000| Untracked 
| 206|0x00000000ace00000, 0x00000000ace00000, 0x00000000acf00000|  0%| F|  |TAMS 0x00000000ace00000, 0x00000000ace00000| Untracked 
| 207|0x00000000acf00000, 0x00000000acf00000, 0x00000000ad000000|  0%| F|  |TAMS 0x00000000acf00000, 0x00000000acf00000| Untracked 
| 208|0x00000000ad000000, 0x00000000ad000000, 0x00000000ad100000|  0%| F|  |TAMS 0x00000000ad000000, 0x00000000ad000000| Untracked 
| 209|0x00000000ad100000, 0x00000000ad100000, 0x00000000ad200000|  0%| F|  |TAMS 0x00000000ad100000, 0x00000000ad100000| Untracked 
| 210|0x00000000ad200000, 0x00000000ad200000, 0x00000000ad300000|  0%| F|  |TAMS 0x00000000ad200000, 0x00000000ad200000| Untracked 
| 211|0x00000000ad300000, 0x00000000ad300000, 0x00000000ad400000|  0%| F|  |TAMS 0x00000000ad300000, 0x00000000ad300000| Untracked 
| 212|0x00000000ad400000, 0x00000000ad400000, 0x00000000ad500000|  0%| F|  |TAMS 0x00000000ad400000, 0x00000000ad400000| Untracked 
| 213|0x00000000ad500000, 0x00000000ad500000, 0x00000000ad600000|  0%| F|  |TAMS 0x00000000ad500000, 0x00000000ad500000| Untracked 
| 214|0x00000000ad600000, 0x00000000ad600000, 0x00000000ad700000|  0%| F|  |TAMS 0x00000000ad600000, 0x00000000ad600000| Untracked 
| 215|0x00000000ad700000, 0x00000000ad700000, 0x00000000ad800000|  0%| F|  |TAMS 0x00000000ad700000, 0x00000000ad700000| Untracked 
| 216|0x00000000ad800000, 0x00000000ad8d7af0, 0x00000000ad900000| 84%| S|CS|TAMS 0x00000000ad800000, 0x00000000ad800000| Complete 
| 217|0x00000000ad900000, 0x00000000ada00000, 0x00000000ada00000|100%| S|CS|TAMS 0x00000000ad900000, 0x00000000ad900000| Complete 
| 218|0x00000000ada00000, 0x00000000ada00000, 0x00000000adb00000|  0%| F|  |TAMS 0x00000000ada00000, 0x00000000ada00000| Untracked 
| 219|0x00000000adb00000, 0x00000000adb00000, 0x00000000adc00000|  0%| F|  |TAMS 0x00000000adb00000, 0x00000000adb00000| Untracked 
| 220|0x00000000adc00000, 0x00000000add00000, 0x00000000add00000|100%| S|CS|TAMS 0x00000000adc00000, 0x00000000adc00000| Complete 
| 221|0x00000000add00000, 0x00000000add00000, 0x00000000ade00000|  0%| F|  |TAMS 0x00000000add00000, 0x00000000add00000| Untracked 
| 222|0x00000000ade00000, 0x00000000adf00000, 0x00000000adf00000|100%| E|CS|TAMS 0x00000000ade00000, 0x00000000ade00000| Complete 
| 223|0x00000000adf00000, 0x00000000ae000000, 0x00000000ae000000|100%| S|CS|TAMS 0x00000000adf00000, 0x00000000adf00000| Complete 
| 224|0x00000000ae000000, 0x00000000ae100000, 0x00000000ae100000|100%| E|CS|TAMS 0x00000000ae000000, 0x00000000ae000000| Complete 
| 225|0x00000000ae100000, 0x00000000ae200000, 0x00000000ae200000|100%| E|CS|TAMS 0x00000000ae100000, 0x00000000ae100000| Complete 
| 226|0x00000000ae200000, 0x00000000ae300000, 0x00000000ae300000|100%| E|CS|TAMS 0x00000000ae200000, 0x00000000ae200000| Complete 
| 227|0x00000000ae300000, 0x00000000ae400000, 0x00000000ae400000|100%| E|CS|TAMS 0x00000000ae300000, 0x00000000ae300000| Complete 
| 228|0x00000000ae400000, 0x00000000ae500000, 0x00000000ae500000|100%| E|CS|TAMS 0x00000000ae400000, 0x00000000ae400000| Complete 
| 229|0x00000000ae500000, 0x00000000ae600000, 0x00000000ae600000|100%| E|CS|TAMS 0x00000000ae500000, 0x00000000ae500000| Complete 
| 230|0x00000000ae600000, 0x00000000ae700000, 0x00000000ae700000|100%| E|CS|TAMS 0x00000000ae600000, 0x00000000ae600000| Complete 
| 231|0x00000000ae700000, 0x00000000ae800000, 0x00000000ae800000|100%| E|CS|TAMS 0x00000000ae700000, 0x00000000ae700000| Complete 
| 232|0x00000000ae800000, 0x00000000ae900000, 0x00000000ae900000|100%| E|CS|TAMS 0x00000000ae800000, 0x00000000ae800000| Complete 
| 233|0x00000000ae900000, 0x00000000aea00000, 0x00000000aea00000|100%| E|CS|TAMS 0x00000000ae900000, 0x00000000ae900000| Complete 
| 234|0x00000000aea00000, 0x00000000aeb00000, 0x00000000aeb00000|100%| E|CS|TAMS 0x00000000aea00000, 0x00000000aea00000| Complete 
| 235|0x00000000aeb00000, 0x00000000aec00000, 0x00000000aec00000|100%| E|CS|TAMS 0x00000000aeb00000, 0x00000000aeb00000| Complete 
| 236|0x00000000aec00000, 0x00000000aed00000, 0x00000000aed00000|100%| E|CS|TAMS 0x00000000aec00000, 0x00000000aec00000| Complete 
| 237|0x00000000aed00000, 0x00000000aee00000, 0x00000000aee00000|100%| E|CS|TAMS 0x00000000aed00000, 0x00000000aed00000| Complete 
| 238|0x00000000aee00000, 0x00000000aef00000, 0x00000000aef00000|100%| E|CS|TAMS 0x00000000aee00000, 0x00000000aee00000| Complete 
| 239|0x00000000aef00000, 0x00000000af000000, 0x00000000af000000|100%| E|CS|TAMS 0x00000000aef00000, 0x00000000aef00000| Complete 
| 240|0x00000000af000000, 0x00000000af100000, 0x00000000af100000|100%| E|CS|TAMS 0x00000000af000000, 0x00000000af000000| Complete 
| 241|0x00000000af100000, 0x00000000af200000, 0x00000000af200000|100%| E|CS|TAMS 0x00000000af100000, 0x00000000af100000| Complete 
| 242|0x00000000af200000, 0x00000000af300000, 0x00000000af300000|100%| E|CS|TAMS 0x00000000af200000, 0x00000000af200000| Complete 
| 243|0x00000000af300000, 0x00000000af400000, 0x00000000af400000|100%| E|CS|TAMS 0x00000000af300000, 0x00000000af300000| Complete 
| 244|0x00000000af400000, 0x00000000af500000, 0x00000000af500000|100%| E|CS|TAMS 0x00000000af400000, 0x00000000af400000| Complete 
| 245|0x00000000af500000, 0x00000000af600000, 0x00000000af600000|100%| E|CS|TAMS 0x00000000af500000, 0x00000000af500000| Complete 
| 246|0x00000000af600000, 0x00000000af700000, 0x00000000af700000|100%| E|CS|TAMS 0x00000000af600000, 0x00000000af600000| Complete 
| 247|0x00000000af700000, 0x00000000af800000, 0x00000000af800000|100%| E|CS|TAMS 0x00000000af700000, 0x00000000af700000| Complete 
| 248|0x00000000af800000, 0x00000000af900000, 0x00000000af900000|100%| E|CS|TAMS 0x00000000af800000, 0x00000000af800000| Complete 
| 249|0x00000000af900000, 0x00000000afa00000, 0x00000000afa00000|100%| E|CS|TAMS 0x00000000af900000, 0x00000000af900000| Complete 
| 250|0x00000000afa00000, 0x00000000afb00000, 0x00000000afb00000|100%| E|CS|TAMS 0x00000000afa00000, 0x00000000afa00000| Complete 
| 251|0x00000000afb00000, 0x00000000afc00000, 0x00000000afc00000|100%| E|CS|TAMS 0x00000000afb00000, 0x00000000afb00000| Complete 
| 252|0x00000000afc00000, 0x00000000afd00000, 0x00000000afd00000|100%| E|CS|TAMS 0x00000000afc00000, 0x00000000afc00000| Complete 
| 253|0x00000000afd00000, 0x00000000afe00000, 0x00000000afe00000|100%| E|CS|TAMS 0x00000000afd00000, 0x00000000afd00000| Complete 
| 254|0x00000000afe00000, 0x00000000aff00000, 0x00000000aff00000|100%| E|CS|TAMS 0x00000000afe00000, 0x00000000afe00000| Complete 
| 255|0x00000000aff00000, 0x00000000b0000000, 0x00000000b0000000|100%| E|CS|TAMS 0x00000000aff00000, 0x00000000aff00000| Complete 
| 256|0x00000000b0000000, 0x00000000b0100000, 0x00000000b0100000|100%| E|CS|TAMS 0x00000000b0000000, 0x00000000b0000000| Complete 
| 257|0x00000000b0100000, 0x00000000b0200000, 0x00000000b0200000|100%| E|CS|TAMS 0x00000000b0100000, 0x00000000b0100000| Complete 
| 258|0x00000000b0200000, 0x00000000b0300000, 0x00000000b0300000|100%| E|CS|TAMS 0x00000000b0200000, 0x00000000b0200000| Complete 
| 259|0x00000000b0300000, 0x00000000b0400000, 0x00000000b0400000|100%| E|CS|TAMS 0x00000000b0300000, 0x00000000b0300000| Complete 
| 260|0x00000000b0400000, 0x00000000b0500000, 0x00000000b0500000|100%| E|CS|TAMS 0x00000000b0400000, 0x00000000b0400000| Complete 
| 261|0x00000000b0500000, 0x00000000b0600000, 0x00000000b0600000|100%| E|CS|TAMS 0x00000000b0500000, 0x00000000b0500000| Complete 
| 262|0x00000000b0600000, 0x00000000b0700000, 0x00000000b0700000|100%| E|CS|TAMS 0x00000000b0600000, 0x00000000b0600000| Complete 
| 263|0x00000000b0700000, 0x00000000b0800000, 0x00000000b0800000|100%| E|CS|TAMS 0x00000000b0700000, 0x00000000b0700000| Complete 
| 264|0x00000000b0800000, 0x00000000b0900000, 0x00000000b0900000|100%| E|CS|TAMS 0x00000000b0800000, 0x00000000b0800000| Complete 
| 265|0x00000000b0900000, 0x00000000b0a00000, 0x00000000b0a00000|100%| E|CS|TAMS 0x00000000b0900000, 0x00000000b0900000| Complete 
| 266|0x00000000b0a00000, 0x00000000b0b00000, 0x00000000b0b00000|100%| E|CS|TAMS 0x00000000b0a00000, 0x00000000b0a00000| Complete 
| 267|0x00000000b0b00000, 0x00000000b0c00000, 0x00000000b0c00000|100%| E|CS|TAMS 0x00000000b0b00000, 0x00000000b0b00000| Complete 
| 268|0x00000000b0c00000, 0x00000000b0d00000, 0x00000000b0d00000|100%| E|CS|TAMS 0x00000000b0c00000, 0x00000000b0c00000| Complete 
| 269|0x00000000b0d00000, 0x00000000b0e00000, 0x00000000b0e00000|100%| E|CS|TAMS 0x00000000b0d00000, 0x00000000b0d00000| Complete 
| 270|0x00000000b0e00000, 0x00000000b0f00000, 0x00000000b0f00000|100%| E|CS|TAMS 0x00000000b0e00000, 0x00000000b0e00000| Complete 

Card table byte_map: [0x00000123b5010000,0x00000123b5310000] _byte_map_base: 0x00000123b4b10000

Marking Bits (Prev, Next): (CMBitMap*) 0x00000123a1c31d80, (CMBitMap*) 0x00000123a1c31d48
 Prev Bits: [0x00000123b6e10000, 0x00000123b8610000)
 Next Bits: [0x00000123b5610000, 0x00000123b6e10000)

Polling page: 0x00000123a03d0000

Metaspace:

Usage:
  Non-class:    107.13 MB capacity,   104.75 MB ( 98%) used,     2.00 MB (  2%) free+waste,   388.13 KB ( <1%) overhead. 
      Class:     16.49 MB capacity,    15.17 MB ( 92%) used,     1.14 MB (  7%) free+waste,   173.00 KB (  1%) overhead. 
       Both:    123.61 MB capacity,   119.92 MB ( 97%) used,     3.14 MB (  3%) free+waste,   561.13 KB ( <1%) overhead. 

Virtual space:
  Non-class space:      108.00 MB reserved,     107.25 MB (>99%) committed 
      Class space:        1.00 GB reserved,      16.50 MB (  2%) committed 
             Both:        1.11 GB reserved,     123.75 MB ( 11%) committed 

Chunk freelists:
   Non-Class:  0 bytes
       Class:  15.00 KB
        Both:  15.00 KB

MaxMetaspaceSize: 17179869184.00 GB
CompressedClassSpaceSize: 1.00 GB

CodeHeap 'non-profiled nmethods': size=120064Kb used=15056Kb max_used=15056Kb free=105007Kb
 bounds [0x00000123ad1b0000, 0x00000123ae070000, 0x00000123b46f0000]
CodeHeap 'profiled nmethods': size=120000Kb used=43879Kb max_used=43879Kb free=76120Kb
 bounds [0x00000123a5c80000, 0x00000123a8780000, 0x00000123ad1b0000]
CodeHeap 'non-nmethods': size=5696Kb used=2355Kb max_used=2406Kb free=3340Kb
 bounds [0x00000123a56f0000, 0x00000123a5960000, 0x00000123a5c80000]
 total_blobs=19820 nmethods=18842 adapters=887
 compilation: enabled
              stopped_count=0, restarted_count=0
 full_count=0

Compilation events (20 events):
Event: 573.641 Thread 0x00000123bac61800 20804       2       com.android.tools.r8.internal.o4::a (61 bytes)
Event: 573.642 Thread 0x00000123bac61800 nmethod 20804 0x00000123a8769c10 code [0x00000123a8769e80, 0x00000123a876a908]
Event: 573.643 Thread 0x00000123bac61800 20805       2       com.android.tools.r8.internal.Ze::<init> (11 bytes)
Event: 573.643 Thread 0x00000123bac61800 nmethod 20805 0x00000123a876ad90 code [0x00000123a876af40, 0x00000123a876b0c8]
Event: 573.643 Thread 0x00000123bac61800 20806       2       com.android.tools.r8.internal.fk::<init> (7 bytes)
Event: 573.643 Thread 0x00000123bac61800 nmethod 20806 0x00000123a876b190 code [0x00000123a876b340, 0x00000123a876b468]
Event: 573.643 Thread 0x00000123bac61800 20807 %     3       com.android.tools.r8.internal.a5::<init> @ 48 (144 bytes)
Event: 573.644 Thread 0x00000123bac61800 nmethod 20807% 0x00000123a876b510 code [0x00000123a876b760, 0x00000123a876c278]
Event: 573.644 Thread 0x00000123bac61800 20808       3       com.android.tools.r8.internal.a5::<init> (144 bytes)
Event: 573.645 Thread 0x00000123bac61800 nmethod 20808 0x00000123a876c690 code [0x00000123a876c8e0, 0x00000123a876d338]
Event: 573.655 Thread 0x00000123bac61800 20809       2       com.android.tools.r8.code.N0::hashCode (28 bytes)
Event: 573.655 Thread 0x00000123bac61800 nmethod 20809 0x00000123a876d690 code [0x00000123a876d840, 0x00000123a876d988]
Event: 573.662 Thread 0x00000123bac61800 20810       2       com.android.tools.r8.ir.regalloc.b::q (16 bytes)
Event: 573.663 Thread 0x00000123bac61800 nmethod 20810 0x00000123a876da10 code [0x00000123a876dbc0, 0x00000123a876dd18]
Event: 573.709 Thread 0x00000123bac61800 20811       1       com.android.tools.r8.internal.NG::w (5 bytes)
Event: 573.709 Thread 0x00000123bac61800 nmethod 20811 0x00000123ae02ce90 code [0x00000123ae02d040, 0x00000123ae02d0f8]
Event: 573.709 Thread 0x00000123bac61800 20812       2       com.android.tools.r8.internal.y1::a (412 bytes)
Event: 573.711 Thread 0x00000123bac61800 nmethod 20812 0x00000123a876de10 code [0x00000123a876e0c0, 0x00000123a876e848]
Event: 573.712 Thread 0x00000123bac61800 20813       2       com.android.tools.r8.internal.D8$$Lambda$1506/0x0000000100ff2440::compare (12 bytes)
Event: 573.713 Thread 0x00000123bac61800 nmethod 20813 0x00000123a876ec10 code [0x00000123a876ee00, 0x00000123a876f0f8]

GC Heap History (20 events):
Event: 567.686 GC heap before
{Heap before GC invocations=191 (full 0):
 garbage-first heap   total 225280K, used 189923K [0x00000000a0000000, 0x0000000100000000)
  region size 1024K, 11 young (11264K), 2 survivors (2048K)
 Metaspace       used 120363K, capacity 124109K, committed 124288K, reserved 1157120K
  class space    used 15367K, capacity 16684K, committed 16768K, reserved 1048576K
}
Event: 567.706 GC heap after
{Heap after GC invocations=192 (full 0):
 garbage-first heap   total 225280K, used 179278K [0x00000000a0000000, 0x0000000100000000)
  region size 1024K, 2 young (2048K), 2 survivors (2048K)
 Metaspace       used 120363K, capacity 124109K, committed 124288K, reserved 1157120K
  class space    used 15367K, capacity 16684K, committed 16768K, reserved 1048576K
}
Event: 568.298 GC heap before
{Heap before GC invocations=192 (full 0):
 garbage-first heap   total 225280K, used 193614K [0x00000000a0000000, 0x0000000100000000)
  region size 1024K, 16 young (16384K), 2 survivors (2048K)
 Metaspace       used 121162K, capacity 125005K, committed 125056K, reserved 1157120K
  class space    used 15438K, capacity 16759K, committed 16768K, reserved 1048576K
}
Event: 568.312 GC heap after
{Heap after GC invocations=193 (full 0):
 garbage-first heap   total 277504K, used 179821K [0x00000000a0000000, 0x0000000100000000)
  region size 1024K, 1 young (1024K), 1 survivors (1024K)
 Metaspace       used 121162K, capacity 125005K, committed 125056K, reserved 1157120K
  class space    used 15438K, capacity 16759K, committed 16768K, reserved 1048576K
}
Event: 569.884 GC heap before
{Heap before GC invocations=194 (full 0):
 garbage-first heap   total 277504K, used 214637K [0x00000000a0000000, 0x0000000100000000)
  region size 1024K, 35 young (35840K), 1 survivors (1024K)
 Metaspace       used 122230K, capacity 126053K, committed 126208K, reserved 1159168K
  class space    used 15497K, capacity 16846K, committed 16896K, reserved 1048576K
}
Event: 569.892 GC heap after
{Heap after GC invocations=195 (full 0):
 garbage-first heap   total 277504K, used 180747K [0x00000000a0000000, 0x0000000100000000)
  region size 1024K, 2 young (2048K), 2 survivors (2048K)
 Metaspace       used 122230K, capacity 126053K, committed 126208K, reserved 1159168K
  class space    used 15497K, capacity 16846K, committed 16896K, reserved 1048576K
}
Event: 570.240 GC heap before
{Heap before GC invocations=195 (full 0):
 garbage-first heap   total 277504K, used 217611K [0x00000000a0000000, 0x0000000100000000)
  region size 1024K, 38 young (38912K), 2 survivors (2048K)
 Metaspace       used 122372K, capacity 126199K, committed 126464K, reserved 1159168K
  class space    used 15499K, capacity 16850K, committed 16896K, reserved 1048576K
}
Event: 570.247 GC heap after
{Heap after GC invocations=196 (full 0):
 garbage-first heap   total 277504K, used 181248K [0x00000000a0000000, 0x0000000100000000)
  region size 1024K, 2 young (2048K), 2 survivors (2048K)
 Metaspace       used 122372K, capacity 126199K, committed 126464K, reserved 1159168K
  class space    used 15499K, capacity 16850K, committed 16896K, reserved 1048576K
}
Event: 570.898 GC heap before
{Heap before GC invocations=196 (full 0):
 garbage-first heap   total 277504K, used 221184K [0x00000000a0000000, 0x0000000100000000)
  region size 1024K, 41 young (41984K), 2 survivors (2048K)
 Metaspace       used 122506K, capacity 126311K, committed 126464K, reserved 1159168K
  class space    used 15497K, capacity 16840K, committed 16896K, reserved 1048576K
}
Event: 570.910 GC heap after
{Heap after GC invocations=197 (full 0):
 garbage-first heap   total 277504K, used 181154K [0x00000000a0000000, 0x0000000100000000)
  region size 1024K, 2 young (2048K), 2 survivors (2048K)
 Metaspace       used 122506K, capacity 126311K, committed 126464K, reserved 1159168K
  class space    used 15497K, capacity 16840K, committed 16896K, reserved 1048576K
}
Event: 571.274 GC heap before
{Heap before GC invocations=198 (full 0):
 garbage-first heap   total 277504K, used 223138K [0x00000000a0000000, 0x0000000100000000)
  region size 1024K, 43 young (44032K), 2 survivors (2048K)
 Metaspace       used 122560K, capacity 126379K, committed 126464K, reserved 1159168K
  class space    used 15505K, capacity 16841K, committed 16896K, reserved 1048576K
}
Event: 571.283 GC heap after
{Heap after GC invocations=199 (full 0):
 garbage-first heap   total 277504K, used 181747K [0x00000000a0000000, 0x0000000100000000)
  region size 1024K, 3 young (3072K), 3 survivors (3072K)
 Metaspace       used 122560K, capacity 126379K, committed 126464K, reserved 1159168K
  class space    used 15505K, capacity 16841K, committed 16896K, reserved 1048576K
}
Event: 571.523 GC heap before
{Heap before GC invocations=199 (full 0):
 garbage-first heap   total 277504K, used 225779K [0x00000000a0000000, 0x0000000100000000)
  region size 1024K, 46 young (47104K), 3 survivors (3072K)
 Metaspace       used 122605K, capacity 126384K, committed 126464K, reserved 1159168K
  class space    used 15512K, capacity 16841K, committed 16896K, reserved 1048576K
}
Event: 571.535 GC heap after
{Heap after GC invocations=200 (full 0):
 garbage-first heap   total 277504K, used 182704K [0x00000000a0000000, 0x0000000100000000)
  region size 1024K, 4 young (4096K), 4 survivors (4096K)
 Metaspace       used 122605K, capacity 126384K, committed 126464K, reserved 1159168K
  class space    used 15512K, capacity 16841K, committed 16896K, reserved 1048576K
}
Event: 572.176 GC heap before
{Heap before GC invocations=200 (full 0):
 garbage-first heap   total 277504K, used 227760K [0x00000000a0000000, 0x0000000100000000)
  region size 1024K, 48 young (49152K), 4 survivors (4096K)
 Metaspace       used 122669K, capacity 126464K, committed 126720K, reserved 1159168K
  class space    used 15519K, capacity 16846K, committed 16896K, reserved 1048576K
}
Event: 572.189 GC heap after
{Heap after GC invocations=201 (full 0):
 garbage-first heap   total 277504K, used 182241K [0x00000000a0000000, 0x0000000100000000)
  region size 1024K, 3 young (3072K), 3 survivors (3072K)
 Metaspace       used 122669K, capacity 126464K, committed 126720K, reserved 1159168K
  class space    used 15519K, capacity 16846K, committed 16896K, reserved 1048576K
}
Event: 572.591 GC heap before
{Heap before GC invocations=202 (full 0):
 garbage-first heap   total 277504K, used 229345K [0x00000000a0000000, 0x0000000100000000)
  region size 1024K, 49 young (50176K), 3 survivors (3072K)
 Metaspace       used 122734K, capacity 126507K, committed 126720K, reserved 1159168K
  class space    used 15538K, capacity 16881K, committed 16896K, reserved 1048576K
}
Event: 572.599 GC heap after
{Heap after GC invocations=203 (full 0):
 garbage-first heap   total 277504K, used 182789K [0x00000000a0000000, 0x0000000100000000)
  region size 1024K, 4 young (4096K), 4 survivors (4096K)
 Metaspace       used 122734K, capacity 126507K, committed 126720K, reserved 1159168K
  class space    used 15538K, capacity 16881K, committed 16896K, reserved 1048576K
}
Event: 573.203 GC heap before
{Heap before GC invocations=203 (full 0):
 garbage-first heap   total 277504K, used 230917K [0x00000000a0000000, 0x0000000100000000)
  region size 1024K, 51 young (52224K), 4 survivors (4096K)
 Metaspace       used 122776K, capacity 126578K, committed 126720K, reserved 1159168K
  class space    used 15538K, capacity 16881K, committed 16896K, reserved 1048576K
}
Event: 573.212 GC heap after
{Heap after GC invocations=204 (full 0):
 garbage-first heap   total 277504K, used 183396K [0x00000000a0000000, 0x0000000100000000)
  region size 1024K, 4 young (4096K), 4 survivors (4096K)
 Metaspace       used 122776K, capacity 126578K, committed 126720K, reserved 1159168K
  class space    used 15538K, capacity 16881K, committed 16896K, reserved 1048576K
}

Deoptimization events (20 events):
Event: 572.656 Thread 0x00000123bddff000 Uncommon trap: trap_request=0xffffff4d fr.pc=0x00000123ad76a5f0 relative=0x00000000000000b0
Event: 572.656 Thread 0x00000123bddff000 Uncommon trap: reason=unstable_if action=reinterpret pc=0x00000123ad76a5f0 method=com.android.tools.r8.graph.d0.b0()Z @ 11 c2
Event: 572.656 Thread 0x00000123bddff000 DEOPT PACKING pc=0x00000123ad76a5f0 sp=0x00000008f2ff9440
Event: 572.656 Thread 0x00000123bddff000 DEOPT UNPACKING pc=0x00000123a57178af sp=0x00000008f2ff9378 mode 2
Event: 572.656 Thread 0x00000123bddff000 Uncommon trap: trap_request=0xffffff4d fr.pc=0x00000123adfb8a9c relative=0x000000000000007c
Event: 572.656 Thread 0x00000123bddff000 Uncommon trap: reason=unstable_if action=reinterpret pc=0x00000123adfb8a9c method=com.android.tools.r8.internal.D9.a(C)Z @ 21 c2
Event: 572.656 Thread 0x00000123bddff000 DEOPT PACKING pc=0x00000123adfb8a9c sp=0x00000008f2ff9700
Event: 572.656 Thread 0x00000123bddff000 DEOPT UNPACKING pc=0x00000123a57178af sp=0x00000008f2ff9690 mode 2
Event: 572.972 Thread 0x00000123bd932000 Uncommon trap: trap_request=0xffffff76 fr.pc=0x00000123ae029d9c relative=0x00000000000009dc
Event: 572.972 Thread 0x00000123bd932000 Uncommon trap: reason=loop_limit_check action=maybe_recompile pc=0x00000123ae029d9c method=com.android.tools.r8.internal.x.putAll(Ljava/util/Map;)V @ 31 c2
Event: 572.972 Thread 0x00000123bd932000 DEOPT PACKING pc=0x00000123ae029d9c sp=0x00000008f35f6660
Event: 572.972 Thread 0x00000123bd932000 DEOPT UNPACKING pc=0x00000123a57178af sp=0x00000008f35f6648 mode 2
Event: 572.989 Thread 0x00000123bd932000 DEOPT PACKING pc=0x00000123a8277d26 sp=0x00000008f35f69b0
Event: 572.989 Thread 0x00000123bd932000 DEOPT UNPACKING pc=0x00000123a57176ce sp=0x00000008f35f5f60 mode 0
Event: 573.016 Thread 0x00000123bd932000 DEOPT PACKING pc=0x00000123a822b94a sp=0x00000008f35f6820
Event: 573.016 Thread 0x00000123bd932000 DEOPT UNPACKING pc=0x00000123a57176ce sp=0x00000008f35f5fb0 mode 0
Event: 573.573 Thread 0x00000123bd932000 DEOPT PACKING pc=0x00000123a8277d26 sp=0x00000008f35f69b0
Event: 573.573 Thread 0x00000123bd932000 DEOPT UNPACKING pc=0x00000123a57176ce sp=0x00000008f35f5f60 mode 0
Event: 573.645 Thread 0x00000123bddff000 DEOPT PACKING pc=0x00000123a863a7cd sp=0x00000008f2ff9150
Event: 573.646 Thread 0x00000123bddff000 DEOPT UNPACKING pc=0x00000123a57176ce sp=0x00000008f2ff8658 mode 0

Classes redefined (0 events):
No events

Internal exceptions (20 events):
Event: 561.546 Thread 0x00000123bddf9800 Exception <a 'sun/nio/fs/WindowsException'{0x00000000aca87f30}> (0x00000000aca87f30) thrown at [./src/hotspot/share/prims/jni.cpp, line 615]
Event: 561.847 Thread 0x00000123bddfe800 Exception <a 'sun/nio/fs/WindowsException'{0x00000000ac6c6db0}> (0x00000000ac6c6db0) thrown at [./src/hotspot/share/prims/jni.cpp, line 615]
Event: 561.945 Thread 0x00000123bddfe800 Exception <a 'sun/nio/fs/WindowsException'{0x00000000ac261968}> (0x00000000ac261968) thrown at [./src/hotspot/share/prims/jni.cpp, line 615]
Event: 562.865 Thread 0x00000123bddf9800 Exception <a 'sun/nio/fs/WindowsException'{0x00000000aa794710}> (0x00000000aa794710) thrown at [./src/hotspot/share/prims/jni.cpp, line 615]
Event: 564.049 Thread 0x00000123bddff000 Exception <a 'sun/nio/fs/WindowsException'{0x00000000acddf628}> (0x00000000acddf628) thrown at [./src/hotspot/share/prims/jni.cpp, line 615]
Event: 564.438 Thread 0x00000123bddff000 Exception <a 'java/lang/IncompatibleClassChangeError'{0x00000000ab9a90a0}: Found class java.lang.Object, but interface was expected> (0x00000000ab9a90a0) thrown at [./src/hotspot/share/interpreter/linkResolver.cpp, line 839]
Event: 564.569 Thread 0x00000123bd932000 Exception <a 'sun/nio/fs/WindowsException'{0x00000000ac530c98}> (0x00000000ac530c98) thrown at [./src/hotspot/share/prims/jni.cpp, line 615]
Event: 564.638 Thread 0x00000123bd932000 Exception <a 'java/lang/NoSuchMethodError'{0x00000000ac5b3b38}: 'long java.lang.invoke.DirectMethodHandle$Holder.invokeStatic(java.lang.Object, long, java.lang.Object)'> (0x00000000ac5b3b38) thrown at [./src/hotspot/share/interpreter/linkResolver.cpp, line 773]
Event: 564.639 Thread 0x00000123bddff000 Exception <a 'java/lang/NoSuchMethodError'{0x00000000ac48a3e0}: 'java.lang.Object java.lang.invoke.DirectMethodHandle$Holder.invokeStatic(java.lang.Object, long)'> (0x00000000ac48a3e0) thrown at [./src/hotspot/share/interpreter/linkResolver.cpp, line 773]
Event: 564.641 Thread 0x00000123bd932000 Exception <a 'java/lang/NoSuchMethodError'{0x00000000ac5bc428}: 'java.lang.Object java.lang.invoke.Invokers$Holder.linkToTargetMethod(long, java.lang.Object)'> (0x00000000ac5bc428) thrown at [./src/hotspot/share/interpreter/linkResolver.cpp, line 773]
Event: 565.203 Thread 0x00000123bddff000 Exception <a 'java/lang/NoSuchMethodError'{0x00000000ad1ee478}: 'void java.lang.invoke.DirectMethodHandle$Holder.invokeStatic(java.lang.Object, java.lang.Object, java.lang.Object, int)'> (0x00000000ad1ee478) thrown at [./src/hotspot/share/interpreter/linkResolver.cpp, line 773]
Event: 565.246 Thread 0x00000123bddff000 Exception <a 'java/lang/IncompatibleClassChangeError'{0x00000000ac950ff8}: Found class java.lang.Object, but interface was expected> (0x00000000ac950ff8) thrown at [./src/hotspot/share/interpreter/linkResolver.cpp, line 839]
Event: 567.036 Thread 0x00000123bd932000 Exception <a 'java/lang/NoSuchMethodError'{0x00000000ad30a548}: 'java.lang.Object java.lang.invoke.DirectMethodHandle$Holder.invokeVirtual(java.lang.Object, java.lang.Object, int, java.lang.Object)'> (0x00000000ad30a548) thrown at [./src/hotspot/share/interpreter/linkResolver.cpp, line 773]
Event: 567.065 Thread 0x00000123bddff000 Exception <a 'java/lang/IncompatibleClassChangeError'{0x00000000ad3f3208}: Found class java.lang.Object, but interface was expected> (0x00000000ad3f3208) thrown at [./src/hotspot/share/interpreter/linkResolver.cpp, line 839]
Event: 567.069 Thread 0x00000123bddff000 Exception <a 'java/lang/IncompatibleClassChangeError'{0x00000000ad3f6aa0}: Found class java.lang.Object, but interface was expected> (0x00000000ad3f6aa0) thrown at [./src/hotspot/share/interpreter/linkResolver.cpp, line 839]
Event: 567.069 Thread 0x00000123bd932000 Exception <a 'java/lang/IncompatibleClassChangeError'{0x00000000ad3c8aa8}: Found class java.lang.Object, but interface was expected> (0x00000000ad3c8aa8) thrown at [./src/hotspot/share/interpreter/linkResolver.cpp, line 839]
Event: 567.243 Thread 0x00000123bd932000 Exception <a 'java/lang/NoSuchMethodError'{0x00000000ad21a070}: 'void java.lang.invoke.DirectMethodHandle$Holder.invokeVirtual(java.lang.Object, java.lang.Object, int, java.lang.Object)'> (0x00000000ad21a070) thrown at [./src/hotspot/share/interpreter/linkResolver.cpp, line 773]
Event: 567.401 Thread 0x00000123bd932000 Exception <a 'java/lang/NoSuchMethodError'{0x00000000adaa9b00}: 'java.lang.Object java.lang.invoke.DirectMethodHandle$Holder.newInvokeSpecial(java.lang.Object, int)'> (0x00000000adaa9b00) thrown at [./src/hotspot/share/interpreter/linkResolver.cpp, line 773]
Event: 569.257 Thread 0x00000123bddff000 Exception <a 'java/lang/NoSuchMethodError'{0x00000000b0172308}: 'java.lang.Object java.lang.invoke.DirectMethodHandle$Holder.invokeInterface(java.lang.Object, java.lang.Object, int)'> (0x00000000b0172308) thrown at [./src/hotspot/share/interpreter/linkResolver.cpp, line 773]
Event: 569.933 Thread 0x00000123bddff000 Exception <a 'java/lang/NoSuchMethodError'{0x00000000b0901f00}: 'int java.lang.invoke.DirectMethodHandle$Holder.invokeInterface(java.lang.Object, java.lang.Object, int)'> (0x00000000b0901f00) thrown at [./src/hotspot/share/interpreter/linkResolver.cpp, line 773]

Events (20 events):
Event: 572.423 Executing VM operation: CGC_Operation
Event: 572.424 Executing VM operation: CGC_Operation done
Event: 572.478 loading class com/android/tools/r8/code/d2
Event: 572.478 loading class com/android/tools/r8/code/d2 done
Event: 572.478 loading class com/android/tools/r8/code/e2
Event: 572.478 loading class com/android/tools/r8/code/e2 done
Event: 572.480 loading class com/android/tools/r8/internal/W4
Event: 572.480 loading class com/android/tools/r8/internal/W4 done
Event: 572.480 loading class com/android/tools/r8/internal/s4
Event: 572.480 loading class com/android/tools/r8/internal/s4 done
Event: 572.480 loading class com/android/tools/r8/internal/s4
Event: 572.480 loading class com/android/tools/r8/internal/s4 done
Event: 572.480 loading class com/android/tools/r8/internal/s4
Event: 572.480 loading class com/android/tools/r8/internal/s4 done
Event: 572.480 loading class com/android/tools/r8/internal/s4
Event: 572.480 loading class com/android/tools/r8/internal/s4 done
Event: 572.591 Executing VM operation: G1CollectForAllocation
Event: 572.599 Executing VM operation: G1CollectForAllocation done
Event: 573.202 Executing VM operation: G1CollectForAllocation
Event: 573.212 Executing VM operation: G1CollectForAllocation done


Dynamic libraries:
0x00007ff7f7120000 - 0x00007ff7f712a000 	C:\Program Files\Android\Android Studio\jre\bin\java.exe
0x00007ffe7c570000 - 0x00007ffe7c764000 	C:\WINDOWS\SYSTEM32\ntdll.dll
0x00007ffe7b7e0000 - 0x00007ffe7b89d000 	C:\WINDOWS\System32\KERNEL32.DLL
0x00007ffe79fc0000 - 0x00007ffe7a287000 	C:\WINDOWS\System32\KERNELBASE.dll
0x00007ffe79cb0000 - 0x00007ffe79db0000 	C:\WINDOWS\System32\ucrtbase.dll
0x00007ffe6d700000 - 0x00007ffe6d719000 	C:\Program Files\Android\Android Studio\jre\bin\jli.dll
0x00007ffe7c390000 - 0x00007ffe7c530000 	C:\WINDOWS\System32\USER32.dll
0x00007ffe7a420000 - 0x00007ffe7a442000 	C:\WINDOWS\System32\win32u.dll
0x00007ffe7bc00000 - 0x00007ffe7bc2a000 	C:\WINDOWS\System32\GDI32.dll
0x00007ffe79e60000 - 0x00007ffe79f6a000 	C:\WINDOWS\System32\gdi32full.dll
0x00007ffe7a4d0000 - 0x00007ffe7a56d000 	C:\WINDOWS\System32\msvcp_win.dll
0x00007ffe5f9f0000 - 0x00007ffe5fc8a000 	C:\WINDOWS\WinSxS\amd64_microsoft.windows.common-controls_6595b64144ccf1df_6.0.19041.1_none_b555e41d4684ddec\COMCTL32.dll
0x00007ffe7a700000 - 0x00007ffe7a79e000 	C:\WINDOWS\System32\msvcrt.dll
0x00007ffe6d6e0000 - 0x00007ffe6d6f7000 	C:\Program Files\Android\Android Studio\jre\bin\VCRUNTIME140.dll
0x00007ffe7bc30000 - 0x00007ffe7bc60000 	C:\WINDOWS\System32\IMM32.DLL
0x00007ffe410f0000 - 0x00007ffe4118d000 	C:\Program Files\Android\Android Studio\jre\bin\msvcp140.dll
0x00007ffe227e0000 - 0x00007ffe232af000 	C:\Program Files\Android\Android Studio\jre\bin\server\jvm.dll
0x00007ffe7b2e0000 - 0x00007ffe7b38a000 	C:\WINDOWS\System32\ADVAPI32.dll
0x00007ffe7b080000 - 0x00007ffe7b11b000 	C:\WINDOWS\System32\sechost.dll
0x00007ffe7c0d0000 - 0x00007ffe7c1f3000 	C:\WINDOWS\System32\RPCRT4.dll
0x00007ffe7bbf0000 - 0x00007ffe7bbf8000 	C:\WINDOWS\System32\PSAPI.DLL
0x00007ffe757e0000 - 0x00007ffe757e9000 	C:\WINDOWS\SYSTEM32\WSOCK32.dll
0x00007ffe7b8b0000 - 0x00007ffe7b91b000 	C:\WINDOWS\System32\WS2_32.dll
0x00007ffe73d40000 - 0x00007ffe73d67000 	C:\WINDOWS\SYSTEM32\WINMM.dll
0x00007ffe72880000 - 0x00007ffe7288a000 	C:\WINDOWS\SYSTEM32\VERSION.dll
0x00007ffe77e20000 - 0x00007ffe77e33000 	C:\WINDOWS\SYSTEM32\kernel.appcore.dll
0x00007ffe71cc0000 - 0x00007ffe71cd1000 	C:\Program Files\Android\Android Studio\jre\bin\verify.dll
0x00007ffe77ac0000 - 0x00007ffe77ca4000 	C:\WINDOWS\SYSTEM32\DBGHELP.DLL
0x00007ffe610f0000 - 0x00007ffe6111c000 	C:\WINDOWS\SYSTEM32\dbgcore.DLL
0x00007ffe7a450000 - 0x00007ffe7a4cf000 	C:\WINDOWS\System32\bcryptPrimitives.dll
0x00007ffe6d570000 - 0x00007ffe6d599000 	C:\Program Files\Android\Android Studio\jre\bin\java.dll
0x00007ffe757d0000 - 0x00007ffe757db000 	C:\Program Files\Android\Android Studio\jre\bin\jimage.dll
0x00007ffe71bb0000 - 0x00007ffe71bc8000 	C:\Program Files\Android\Android Studio\jre\bin\zip.dll
0x00007ffe7a800000 - 0x00007ffe7af31000 	C:\WINDOWS\System32\SHELL32.dll
0x00007ffe77e40000 - 0x00007ffe785ca000 	C:\WINDOWS\SYSTEM32\windows.storage.dll
0x00007ffe7b420000 - 0x00007ffe7b774000 	C:\WINDOWS\System32\combase.dll
0x00007ffe79730000 - 0x00007ffe7975b000 	C:\WINDOWS\SYSTEM32\Wldp.dll
0x00007ffe7c200000 - 0x00007ffe7c2ae000 	C:\WINDOWS\System32\SHCORE.dll
0x00007ffe7b780000 - 0x00007ffe7b7d5000 	C:\WINDOWS\System32\shlwapi.dll
0x00007ffe79bf0000 - 0x00007ffe79c0f000 	C:\WINDOWS\SYSTEM32\profapi.dll
0x00007ffe711b0000 - 0x00007ffe711ca000 	C:\Program Files\Android\Android Studio\jre\bin\net.dll
0x00007ffe73f80000 - 0x00007ffe74082000 	C:\WINDOWS\SYSTEM32\WINHTTP.dll
0x00007ffe794b0000 - 0x00007ffe7951a000 	C:\WINDOWS\system32\mswsock.dll
0x00007ffe6d4f0000 - 0x00007ffe6d504000 	C:\Program Files\Android\Android Studio\jre\bin\nio.dll
0x00007ffe5df30000 - 0x00007ffe5df57000 	C:\Users\HP\.gradle\wrapper\dists\gradle-2.14.1-all\native\8bec1ad78214c89d9ad589b4d07fe93259594b29d510b10fafb7a158f7737e5d\windows-amd64\native-platform.dll
0x00007ffe226a0000 - 0x00007ffe227dd000 	C:\Users\HP\.gradle\wrapper\dists\gradle-2.14.1-all\native\53dbd7edfb1c66fb8903c78663c9afc45aea4f116125fa6feffd364cf09443e8\windows-amd64\native-platform-file-events.dll
0x00007ffe737f0000 - 0x00007ffe737fa000 	C:\Program Files\Android\Android Studio\jre\bin\management.dll
0x00007ffe737d0000 - 0x00007ffe737dc000 	C:\Program Files\Android\Android Studio\jre\bin\management_ext.dll
0x00007ffe79680000 - 0x00007ffe79698000 	C:\WINDOWS\SYSTEM32\CRYPTSP.dll
0x00007ffe78dd0000 - 0x00007ffe78e04000 	C:\WINDOWS\system32\rsaenh.dll
0x00007ffe7a3f0000 - 0x00007ffe7a417000 	C:\WINDOWS\System32\bcrypt.dll
0x00007ffe79b70000 - 0x00007ffe79b9e000 	C:\WINDOWS\SYSTEM32\USERENV.dll
0x00007ffe796a0000 - 0x00007ffe796ac000 	C:\WINDOWS\SYSTEM32\CRYPTBASE.dll
0x00007ffe79150000 - 0x00007ffe7918b000 	C:\WINDOWS\SYSTEM32\IPHLPAPI.DLL
0x00007ffe7b390000 - 0x00007ffe7b399000 	C:\WINDOWS\System32\NSI.dll
0x00007ffe77990000 - 0x00007ffe779a7000 	C:\WINDOWS\SYSTEM32\dhcpcsvc6.DLL
0x00007ffe77970000 - 0x00007ffe7798d000 	C:\WINDOWS\SYSTEM32\dhcpcsvc.DLL
0x00007ffe791a0000 - 0x00007ffe7926a000 	C:\WINDOWS\SYSTEM32\DNSAPI.dll
0x00007ffe78a20000 - 0x00007ffe78a53000 	C:\WINDOWS\SYSTEM32\ntmarta.dll
0x00007ffe5d5b0000 - 0x00007ffe5d5d7000 	C:\Program Files\Android\Android Studio\jre\bin\sunec.dll
0x00007ffe71b30000 - 0x00007ffe71b3a000 	C:\Windows\System32\rasadhlp.dll
0x00007ffe741e0000 - 0x00007ffe7425f000 	C:\WINDOWS\System32\fwpuclnt.dll

dbghelp: loaded successfully - version: 4.0.5 - missing functions: none
symbol engine: initialized successfully - sym options: 0x614 - pdb path: .;C:\Program Files\Android\Android Studio\jre\bin;C:\WINDOWS\SYSTEM32;C:\WINDOWS\WinSxS\amd64_microsoft.windows.common-controls_6595b64144ccf1df_6.0.19041.1_none_b555e41d4684ddec;C:\Program Files\Android\Android Studio\jre\bin\server;C:\Users\HP\.gradle\wrapper\dists\gradle-2.14.1-all\native\8bec1ad78214c89d9ad589b4d07fe93259594b29d510b10fafb7a158f7737e5d\windows-amd64;C:\Users\HP\.gradle\wrapper\dists\gradle-2.14.1-all\native\53dbd7edfb1c66fb8903c78663c9afc45aea4f116125fa6feffd364cf09443e8\windows-amd64

VM Arguments:
jvm_args: --add-opens=java.base/java.util=ALL-UNNAMED --add-opens=java.base/java.lang=ALL-UNNAMED --add-opens=java.base/java.lang.invoke=ALL-UNNAMED --add-opens=java.base/java.util=ALL-UNNAMED --add-opens=java.prefs/java.util.prefs=ALL-UNNAMED --add-opens=java.prefs/java.util.prefs=ALL-UNNAMED --add-opens=java.base/java.nio.charset=ALL-UNNAMED --add-opens=java.base/java.net=ALL-UNNAMED --add-opens=java.base/java.util.concurrent.atomic=ALL-UNNAMED -Xmx1536m -Dfile.encoding=windows-1252 -Duser.country=US -Duser.language=en -Duser.variant 
java_command: org.gradle.launcher.daemon.bootstrap.GradleDaemon 7.0.2
java_class_path (initial): C:\Users\HP\.gradle\wrapper\dists\gradle-2.14.1-all\wrapper\dists\gradle-7.0.2-all\7era6s5ay7zsbhuvl0oc9g94s\gradle-7.0.2\lib\gradle-launcher-7.0.2.jar
Launcher Type: SUN_STANDARD

[Global flags]
     intx CICompilerCount                          = 3                                         {product} {ergonomic}
     uint ConcGCThreads                            = 1                                         {product} {ergonomic}
     uint G1ConcRefinementThreads                  = 4                                         {product} {ergonomic}
   size_t G1HeapRegionSize                         = 1048576                                   {product} {ergonomic}
    uintx GCDrainStackTargetSize                   = 64                                        {product} {ergonomic}
   size_t InitialHeapSize                          = 132120576                                 {product} {ergonomic}
   size_t MarkStackSize                            = 4194304                                   {product} {ergonomic}
   size_t MaxHeapSize                              = 1610612736                                {product} {command line}
   size_t MaxNewSize                               = 965738496                                 {product} {ergonomic}
   size_t MinHeapDeltaBytes                        = 1048576                                   {product} {ergonomic}
    uintx NonNMethodCodeHeapSize                   = 5830732                                {pd product} {ergonomic}
    uintx NonProfiledCodeHeapSize                  = 122913754                              {pd product} {ergonomic}
    uintx ProfiledCodeHeapSize                     = 122913754                              {pd product} {ergonomic}
    uintx ReservedCodeCacheSize                    = 251658240                              {pd product} {ergonomic}
     bool SegmentedCodeCache                       = true                                      {product} {ergonomic}
     bool UseCompressedClassPointers               = true                                 {lp64_product} {ergonomic}
     bool UseCompressedOops                        = true                                 {lp64_product} {ergonomic}
     bool UseG1GC                                  = true                                      {product} {ergonomic}
     bool UseLargePagesIndividualAllocation        = false                                  {pd product} {ergonomic}

Logging:
Log output configuration:
 #0: stdout all=warning uptime,level,tags
 #1: stderr all=off uptime,level,tags

Environment Variables:
PATH=C:\WINDOWS\system32;C:\WINDOWS;C:\WINDOWS\System32\Wbem;C:\WINDOWS\System32\WindowsPowerShell\v1.0\;C:\WINDOWS\System32\OpenSSH\;E:\New folder\;C:\Users\HP\AppData\Local\Microsoft\WindowsApps;E:\VS Code\Microsoft VS Code\bin;C:\Users\HP\AppData\Roaming\npm;C:\Users\HP\AppData\Local\GitHubDesktop\bin;C:\Users\HP\Flutter\flutter\bin;
USERNAME=HP
OS=Windows_NT
PROCESSOR_IDENTIFIER=Intel64 Family 6 Model 142 Stepping 9, GenuineIntel



---------------  S Y S T E M  ---------------

OS: Windows 10 , 64 bit Build 19041 (10.0.19041.1)
OS uptime: 0 days 2:23 hours

CPU:total 4 (initial active 4) (2 cores per cpu, 2 threads per core) family 6 model 142 stepping 9 microcode 0xde, cmov, cx8, fxsr, mmx, sse, sse2, sse3, ssse3, sse4.1, sse4.2, popcnt, avx, avx2, aes, clmul, erms, 3dnowpref, lzcnt, ht, tsc, tscinvbit, bmi1, bmi2, adx, fma

Memory: 4k page, system-wide physical 8060M (978M free)
TotalPageFile size 16252M (AvailPageFile size 8862M)
current process WorkingSet (physical memory assigned to process): 653M, peak: 660M
current process commit charge ("private bytes"): 681M, peak: 688M

vm_info: OpenJDK 64-Bit Server VM (11.0.10+0-b96-7249189) for windows-amd64 JRE (11.0.10+0-b96-7249189), built on Mar 31 2021 21:44:00 by "builder" with MS VC++ 14.0 (VS2015)

END.
